2024-05-21 10:53:34,969 django.utils.autoreload INFO     Watching for file changes with StatReloader
2024-05-21 10:54:37,546 django.utils.autoreload INFO     Watching for file changes with StatReloader
2024-05-21 10:55:17,695 django.utils.autoreload INFO     Watching for file changes with StatReloader
2024-05-21 10:59:40,420 django.utils.autoreload INFO     Watching for file changes with StatReloader
2024-05-21 10:59:57,916 django.utils.autoreload INFO     D:\Phitron_Batch_3\Django\TeamCodemen\click_cart\apps\product\urls.py changed, reloading.
2024-05-21 10:59:59,506 django.utils.autoreload INFO     Watching for file changes with StatReloader
2024-05-21 11:00:01,860 django.utils.autoreload INFO     D:\Phitron_Batch_3\Django\TeamCodemen\click_cart\apps\product\urls.py changed, reloading.
2024-05-21 11:00:02,935 django.utils.autoreload INFO     Watching for file changes with StatReloader
2024-05-21 11:00:07,770 django.utils.autoreload INFO     D:\Phitron_Batch_3\Django\TeamCodemen\click_cart\apps\product\urls.py changed, reloading.
2024-05-21 11:00:08,668 django.utils.autoreload INFO     Watching for file changes with StatReloader
2024-05-21 11:00:16,984 django.utils.autoreload INFO     D:\Phitron_Batch_3\Django\TeamCodemen\click_cart\apps\product\urls.py changed, reloading.
2024-05-21 11:00:17,844 django.utils.autoreload INFO     Watching for file changes with StatReloader
2024-05-21 11:00:19,627 django.utils.autoreload INFO     D:\Phitron_Batch_3\Django\TeamCodemen\click_cart\apps\product\urls.py changed, reloading.
2024-05-21 11:00:20,532 django.utils.autoreload INFO     Watching for file changes with StatReloader
2024-05-21 11:00:23,307 django.utils.autoreload INFO     D:\Phitron_Batch_3\Django\TeamCodemen\click_cart\apps\product\urls.py changed, reloading.
2024-05-21 11:00:24,132 django.utils.autoreload INFO     Watching for file changes with StatReloader
2024-05-21 11:00:28,017 django.utils.autoreload INFO     D:\Phitron_Batch_3\Django\TeamCodemen\click_cart\apps\product\urls.py changed, reloading.
2024-05-21 11:00:28,830 django.utils.autoreload INFO     Watching for file changes with StatReloader
2024-05-21 11:00:32,872 django.utils.autoreload INFO     D:\Phitron_Batch_3\Django\TeamCodemen\click_cart\apps\product\urls.py changed, reloading.
2024-05-21 11:00:33,700 django.utils.autoreload INFO     Watching for file changes with StatReloader
2024-05-21 11:00:39,751 django.utils.autoreload INFO     D:\Phitron_Batch_3\Django\TeamCodemen\click_cart\apps\product\urls.py changed, reloading.
2024-05-21 11:00:40,613 django.utils.autoreload INFO     Watching for file changes with StatReloader
2024-05-21 11:00:47,902 django.utils.autoreload INFO     D:\Phitron_Batch_3\Django\TeamCodemen\click_cart\apps\product\urls.py changed, reloading.
2024-05-21 11:00:48,863 django.utils.autoreload INFO     Watching for file changes with StatReloader
2024-05-21 11:00:52,709 django.utils.autoreload INFO     D:\Phitron_Batch_3\Django\TeamCodemen\click_cart\apps\product\urls.py changed, reloading.
2024-05-21 11:00:53,632 django.utils.autoreload INFO     Watching for file changes with StatReloader
2024-05-21 11:01:11,873 django.utils.autoreload INFO     D:\Phitron_Batch_3\Django\TeamCodemen\click_cart\apps\product\urls.py changed, reloading.
2024-05-21 11:01:12,699 django.utils.autoreload INFO     Watching for file changes with StatReloader
2024-05-21 11:01:15,545 django.utils.autoreload INFO     D:\Phitron_Batch_3\Django\TeamCodemen\click_cart\apps\product\urls.py changed, reloading.
2024-05-21 11:01:16,358 django.utils.autoreload INFO     Watching for file changes with StatReloader
2024-05-21 11:01:25,735 django.utils.autoreload INFO     D:\Phitron_Batch_3\Django\TeamCodemen\click_cart\apps\product\urls.py changed, reloading.
2024-05-21 11:01:26,535 django.utils.autoreload INFO     Watching for file changes with StatReloader
2024-05-21 11:01:31,497 django.utils.autoreload INFO     D:\Phitron_Batch_3\Django\TeamCodemen\click_cart\apps\product\urls.py changed, reloading.
2024-05-21 11:01:32,423 django.utils.autoreload INFO     Watching for file changes with StatReloader
2024-05-21 11:01:41,824 django.utils.autoreload INFO     D:\Phitron_Batch_3\Django\TeamCodemen\click_cart\apps\product\urls.py changed, reloading.
2024-05-21 11:01:42,648 django.utils.autoreload INFO     Watching for file changes with StatReloader
2024-05-21 11:01:48,699 django.utils.autoreload INFO     D:\Phitron_Batch_3\Django\TeamCodemen\click_cart\apps\product\urls.py changed, reloading.
2024-05-21 11:01:49,525 django.utils.autoreload INFO     Watching for file changes with StatReloader
2024-05-21 11:02:02,273 django.utils.autoreload INFO     D:\Phitron_Batch_3\Django\TeamCodemen\click_cart\apps\product\urls.py changed, reloading.
2024-05-21 11:02:03,184 django.utils.autoreload INFO     Watching for file changes with StatReloader
2024-05-21 11:02:07,075 django.utils.autoreload INFO     D:\Phitron_Batch_3\Django\TeamCodemen\click_cart\apps\product\urls.py changed, reloading.
2024-05-21 11:02:07,892 django.utils.autoreload INFO     Watching for file changes with StatReloader
2024-05-21 11:02:20,470 django.utils.autoreload INFO     D:\Phitron_Batch_3\Django\TeamCodemen\click_cart\apps\product\urls.py changed, reloading.
2024-05-21 11:02:21,405 django.utils.autoreload INFO     Watching for file changes with StatReloader
2024-05-21 11:02:26,557 django.utils.autoreload INFO     D:\Phitron_Batch_3\Django\TeamCodemen\click_cart\apps\product\urls.py changed, reloading.
2024-05-21 11:02:27,388 django.utils.autoreload INFO     Watching for file changes with StatReloader
2024-05-21 11:02:30,567 django.utils.autoreload INFO     D:\Phitron_Batch_3\Django\TeamCodemen\click_cart\apps\product\urls.py changed, reloading.
2024-05-21 11:02:31,372 django.utils.autoreload INFO     Watching for file changes with StatReloader
2024-05-21 11:02:37,700 django.utils.autoreload INFO     D:\Phitron_Batch_3\Django\TeamCodemen\click_cart\apps\product\urls.py changed, reloading.
2024-05-21 11:02:38,579 django.utils.autoreload INFO     Watching for file changes with StatReloader
2024-05-21 11:02:48,373 django.utils.autoreload INFO     D:\Phitron_Batch_3\Django\TeamCodemen\click_cart\apps\product\urls.py changed, reloading.
2024-05-21 11:02:49,235 django.utils.autoreload INFO     Watching for file changes with StatReloader
2024-05-21 11:02:51,430 django.utils.autoreload INFO     D:\Phitron_Batch_3\Django\TeamCodemen\click_cart\apps\product\urls.py changed, reloading.
2024-05-21 11:02:52,262 django.utils.autoreload INFO     Watching for file changes with StatReloader
2024-05-21 11:03:00,930 django.utils.autoreload INFO     D:\Phitron_Batch_3\Django\TeamCodemen\click_cart\apps\product\urls.py changed, reloading.
2024-05-21 11:03:01,730 django.utils.autoreload INFO     Watching for file changes with StatReloader
2024-05-21 11:03:17,678 django.utils.autoreload INFO     D:\Phitron_Batch_3\Django\TeamCodemen\click_cart\apps\product\urls.py changed, reloading.
2024-05-21 11:03:18,590 django.utils.autoreload INFO     Watching for file changes with StatReloader
2024-05-21 11:03:36,770 django.utils.autoreload INFO     D:\Phitron_Batch_3\Django\TeamCodemen\click_cart\apps\product\urls.py changed, reloading.
2024-05-21 11:03:37,687 django.utils.autoreload INFO     Watching for file changes with StatReloader
2024-05-21 11:03:40,750 django.utils.autoreload INFO     D:\Phitron_Batch_3\Django\TeamCodemen\click_cart\apps\product\urls.py changed, reloading.
2024-05-21 11:03:41,600 django.utils.autoreload INFO     Watching for file changes with StatReloader
2024-05-21 11:03:44,343 django.utils.autoreload INFO     D:\Phitron_Batch_3\Django\TeamCodemen\click_cart\apps\product\urls.py changed, reloading.
2024-05-21 11:03:45,253 django.utils.autoreload INFO     Watching for file changes with StatReloader
2024-05-21 11:03:51,334 django.utils.autoreload INFO     D:\Phitron_Batch_3\Django\TeamCodemen\click_cart\apps\product\urls.py changed, reloading.
2024-05-21 11:03:52,257 django.utils.autoreload INFO     Watching for file changes with StatReloader
2024-05-21 11:03:54,232 django.utils.autoreload INFO     D:\Phitron_Batch_3\Django\TeamCodemen\click_cart\apps\product\urls.py changed, reloading.
2024-05-21 11:03:55,061 django.utils.autoreload INFO     Watching for file changes with StatReloader
2024-05-21 11:03:58,123 django.utils.autoreload INFO     D:\Phitron_Batch_3\Django\TeamCodemen\click_cart\apps\product\urls.py changed, reloading.
2024-05-21 11:03:59,017 django.utils.autoreload INFO     Watching for file changes with StatReloader
2024-05-21 11:04:00,973 django.utils.autoreload INFO     D:\Phitron_Batch_3\Django\TeamCodemen\click_cart\apps\product\urls.py changed, reloading.
2024-05-21 11:04:01,845 django.utils.autoreload INFO     Watching for file changes with StatReloader
2024-05-21 11:04:03,866 django.utils.autoreload INFO     D:\Phitron_Batch_3\Django\TeamCodemen\click_cart\apps\product\urls.py changed, reloading.
2024-05-21 11:04:04,788 django.utils.autoreload INFO     Watching for file changes with StatReloader
2024-05-21 11:04:07,761 django.utils.autoreload INFO     D:\Phitron_Batch_3\Django\TeamCodemen\click_cart\apps\product\urls.py changed, reloading.
2024-05-21 11:04:08,666 django.utils.autoreload INFO     Watching for file changes with StatReloader
2024-05-21 11:04:10,748 django.utils.autoreload INFO     D:\Phitron_Batch_3\Django\TeamCodemen\click_cart\apps\product\urls.py changed, reloading.
2024-05-21 11:04:11,590 django.utils.autoreload INFO     Watching for file changes with StatReloader
2024-05-21 11:04:13,238 django.utils.autoreload INFO     D:\Phitron_Batch_3\Django\TeamCodemen\click_cart\apps\product\urls.py changed, reloading.
2024-05-21 11:04:14,055 django.utils.autoreload INFO     Watching for file changes with StatReloader
2024-05-21 11:04:16,807 django.utils.autoreload INFO     D:\Phitron_Batch_3\Django\TeamCodemen\click_cart\apps\product\urls.py changed, reloading.
2024-05-21 11:04:17,626 django.utils.autoreload INFO     Watching for file changes with StatReloader
2024-05-21 11:04:24,798 django.utils.autoreload INFO     D:\Phitron_Batch_3\Django\TeamCodemen\click_cart\apps\product\urls.py changed, reloading.
2024-05-21 11:04:25,620 django.utils.autoreload INFO     Watching for file changes with StatReloader
2024-05-21 11:04:30,594 django.utils.autoreload INFO     D:\Phitron_Batch_3\Django\TeamCodemen\click_cart\apps\product\urls.py changed, reloading.
2024-05-21 11:04:31,400 django.utils.autoreload INFO     Watching for file changes with StatReloader
2024-05-21 11:05:20,104 django.utils.autoreload INFO     D:\Phitron_Batch_3\Django\TeamCodemen\click_cart\apps\product\urls.py changed, reloading.
2024-05-21 11:05:21,084 django.utils.autoreload INFO     Watching for file changes with StatReloader
2024-05-21 11:05:45,894 django.utils.autoreload INFO     D:\Phitron_Batch_3\Django\TeamCodemen\click_cart\apps\product\urls.py changed, reloading.
2024-05-21 11:05:46,845 django.utils.autoreload INFO     Watching for file changes with StatReloader
2024-05-21 11:05:49,573 django.utils.autoreload INFO     D:\Phitron_Batch_3\Django\TeamCodemen\click_cart\apps\product\urls.py changed, reloading.
2024-05-21 11:05:50,486 django.utils.autoreload INFO     Watching for file changes with StatReloader
2024-05-21 11:07:55,846 django.utils.autoreload INFO     D:\Phitron_Batch_3\Django\TeamCodemen\click_cart\apps\product\urls.py changed, reloading.
2024-05-21 11:07:56,943 django.utils.autoreload INFO     Watching for file changes with StatReloader
2024-05-21 11:08:02,050 django.utils.autoreload INFO     D:\Phitron_Batch_3\Django\TeamCodemen\click_cart\apps\product\urls.py changed, reloading.
2024-05-21 11:08:02,922 django.utils.autoreload INFO     Watching for file changes with StatReloader
2024-05-21 11:15:29,843 django.utils.autoreload INFO     Watching for file changes with StatReloader
2024-05-21 11:19:28,366 django.utils.autoreload INFO     Watching for file changes with StatReloader
2024-05-21 11:22:10,248 django.utils.autoreload INFO     Watching for file changes with StatReloader
2024-05-21 11:22:16,519 django.utils.autoreload INFO     D:\Phitron_Batch_3\Django\TeamCodemen\click_cart\apps\product\urls.py changed, reloading.
2024-05-21 11:22:17,988 django.utils.autoreload INFO     Watching for file changes with StatReloader
2024-05-21 11:25:05,645 django.utils.autoreload INFO     Watching for file changes with StatReloader
2024-05-21 11:25:19,115 django.utils.autoreload INFO     Watching for file changes with StatReloader
2024-05-21 11:25:52,354 django.utils.autoreload INFO     Watching for file changes with StatReloader
2024-05-21 11:26:17,733 django.utils.autoreload INFO     Watching for file changes with StatReloader
2024-05-21 11:26:58,548 django.utils.autoreload INFO     Watching for file changes with StatReloader
2024-05-21 11:30:46,694 django.utils.autoreload INFO     Watching for file changes with StatReloader
2024-05-21 11:30:56,885 django.request WARNING  Not Found: /
2024-05-21 11:30:57,224 django.request WARNING  Not Found: /favicon.ico
2024-05-21 11:31:16,110 django.request WARNING  Not Found: /products/color
2024-05-21 11:31:23,429 django.request WARNING  Not Found: /products/colors
2024-05-21 11:31:54,265 django.request WARNING  Not Found: /products/reviews
2024-05-21 16:47:41,794 django.utils.autoreload INFO     Watching for file changes with StatReloader
2024-05-21 16:47:59,079 django.request WARNING  Not Found: /api/v1/users/
2024-05-21 16:48:04,793 django.request WARNING  Not Found: /api/v1/users/me
2024-05-21 16:48:31,879 django.request WARNING  Not Found: /
2024-05-21 16:48:32,465 django.request WARNING  Not Found: /favicon.ico
2024-05-21 16:48:46,705 django.request WARNING  Not Found: /auth/ka
2024-05-21 16:48:58,562 django.request WARNING  Not Found: /auth/kad/
2024-05-21 16:49:18,674 django.request WARNING  Not Found: /api/v1/auth/admin
2024-05-21 16:50:28,665 django.request WARNING  Not Found: /api/v1/users/me/
2024-05-21 16:50:50,687 django.request ERROR    Internal Server Error: /api/v1/auth/users/me/
Traceback (most recent call last):
  File "C:\Users\pc\AppData\Local\Programs\Python\Python310\lib\site-packages\django\core\handlers\exception.py", line 55, in inner
    response = get_response(request)
  File "C:\Users\pc\AppData\Local\Programs\Python\Python310\lib\site-packages\django\core\handlers\base.py", line 197, in _get_response
    response = wrapped_callback(request, *callback_args, **callback_kwargs)
  File "C:\Users\pc\AppData\Local\Programs\Python\Python310\lib\site-packages\django\views\decorators\csrf.py", line 65, in _view_wrapper
    return view_func(request, *args, **kwargs)
  File "C:\Users\pc\AppData\Local\Programs\Python\Python310\lib\site-packages\rest_framework\viewsets.py", line 125, in view
    return self.dispatch(request, *args, **kwargs)
  File "C:\Users\pc\AppData\Local\Programs\Python\Python310\lib\site-packages\rest_framework\views.py", line 509, in dispatch
    response = self.handle_exception(exc)
  File "C:\Users\pc\AppData\Local\Programs\Python\Python310\lib\site-packages\rest_framework\views.py", line 469, in handle_exception
    self.raise_uncaught_exception(exc)
  File "C:\Users\pc\AppData\Local\Programs\Python\Python310\lib\site-packages\rest_framework\views.py", line 480, in raise_uncaught_exception
    raise exc
  File "C:\Users\pc\AppData\Local\Programs\Python\Python310\lib\site-packages\rest_framework\views.py", line 506, in dispatch
    response = handler(request, *args, **kwargs)
  File "C:\Users\pc\AppData\Local\Programs\Python\Python310\lib\site-packages\djoser\views.py", line 171, in me
    return self.retrieve(request, *args, **kwargs)
  File "C:\Users\pc\AppData\Local\Programs\Python\Python310\lib\site-packages\rest_framework\mixins.py", line 56, in retrieve
    return Response(serializer.data)
  File "C:\Users\pc\AppData\Local\Programs\Python\Python310\lib\site-packages\rest_framework\serializers.py", line 555, in data
    ret = super().data
  File "C:\Users\pc\AppData\Local\Programs\Python\Python310\lib\site-packages\rest_framework\serializers.py", line 253, in data
    self._data = self.to_representation(self.instance)
  File "D:\Phitron_Batch_3\Django\TeamCodemen\click_cart\apps\account\serializers.py", line 36, in to_representation
    representation = super(UserSerializer, self).to_representation(instance)
  File "C:\Users\pc\AppData\Local\Programs\Python\Python310\lib\site-packages\rest_framework\serializers.py", line 522, in to_representation
    ret[field.field_name] = field.to_representation(attribute)
  File "C:\Users\pc\AppData\Local\Programs\Python\Python310\lib\site-packages\rest_framework\fields.py", line 1837, in to_representation
    method = getattr(self.parent, self.method_name)
AttributeError: 'UserSerializer' object has no attribute 'get_full_name'
2024-05-21 16:54:49,647 django.utils.autoreload INFO     D:\Phitron_Batch_3\Django\TeamCodemen\click_cart\apps\account\serializers.py changed, reloading.
2024-05-21 16:54:51,802 django.utils.autoreload INFO     Watching for file changes with StatReloader
2024-05-21 16:56:05,644 django.utils.autoreload INFO     D:\Phitron_Batch_3\Django\TeamCodemen\click_cart\apps\account\serializers.py changed, reloading.
2024-05-21 16:56:07,151 django.utils.autoreload INFO     Watching for file changes with StatReloader
2024-05-21 16:56:14,558 django.request ERROR    Internal Server Error: /api/v1/auth/users/me/
Traceback (most recent call last):
  File "C:\Users\pc\AppData\Local\Programs\Python\Python310\lib\site-packages\django\core\handlers\exception.py", line 55, in inner
    response = get_response(request)
  File "C:\Users\pc\AppData\Local\Programs\Python\Python310\lib\site-packages\django\core\handlers\base.py", line 197, in _get_response
    response = wrapped_callback(request, *callback_args, **callback_kwargs)
  File "C:\Users\pc\AppData\Local\Programs\Python\Python310\lib\site-packages\django\views\decorators\csrf.py", line 65, in _view_wrapper
    return view_func(request, *args, **kwargs)
  File "C:\Users\pc\AppData\Local\Programs\Python\Python310\lib\site-packages\rest_framework\viewsets.py", line 125, in view
    return self.dispatch(request, *args, **kwargs)
  File "C:\Users\pc\AppData\Local\Programs\Python\Python310\lib\site-packages\rest_framework\views.py", line 509, in dispatch
    response = self.handle_exception(exc)
  File "C:\Users\pc\AppData\Local\Programs\Python\Python310\lib\site-packages\rest_framework\views.py", line 469, in handle_exception
    self.raise_uncaught_exception(exc)
  File "C:\Users\pc\AppData\Local\Programs\Python\Python310\lib\site-packages\rest_framework\views.py", line 480, in raise_uncaught_exception
    raise exc
  File "C:\Users\pc\AppData\Local\Programs\Python\Python310\lib\site-packages\rest_framework\views.py", line 506, in dispatch
    response = handler(request, *args, **kwargs)
  File "C:\Users\pc\AppData\Local\Programs\Python\Python310\lib\site-packages\djoser\views.py", line 171, in me
    return self.retrieve(request, *args, **kwargs)
  File "C:\Users\pc\AppData\Local\Programs\Python\Python310\lib\site-packages\rest_framework\mixins.py", line 56, in retrieve
    return Response(serializer.data)
  File "C:\Users\pc\AppData\Local\Programs\Python\Python310\lib\site-packages\rest_framework\serializers.py", line 555, in data
    ret = super().data
  File "C:\Users\pc\AppData\Local\Programs\Python\Python310\lib\site-packages\rest_framework\serializers.py", line 253, in data
    self._data = self.to_representation(self.instance)
  File "D:\Phitron_Batch_3\Django\TeamCodemen\click_cart\apps\account\serializers.py", line 36, in to_representation
    representation = super(UserSerializer, self).to_representation(instance)
  File "C:\Users\pc\AppData\Local\Programs\Python\Python310\lib\site-packages\rest_framework\serializers.py", line 507, in to_representation
    for field in fields:
  File "C:\Users\pc\AppData\Local\Programs\Python\Python310\lib\site-packages\rest_framework\serializers.py", line 368, in _readable_fields
    for field in self.fields.values():
  File "C:\Users\pc\AppData\Local\Programs\Python\Python310\lib\site-packages\django\utils\functional.py", line 47, in __get__
    res = instance.__dict__[self.name] = self.func(instance)
  File "C:\Users\pc\AppData\Local\Programs\Python\Python310\lib\site-packages\rest_framework\serializers.py", line 356, in fields
    for key, value in self.get_fields().items():
  File "C:\Users\pc\AppData\Local\Programs\Python\Python310\lib\site-packages\rest_framework\serializers.py", line 1076, in get_fields
    field_class, field_kwargs = self.build_field(
  File "C:\Users\pc\AppData\Local\Programs\Python\Python310\lib\site-packages\rest_framework\serializers.py", line 1222, in build_field
    return self.build_unknown_field(field_name, model_class)
  File "C:\Users\pc\AppData\Local\Programs\Python\Python310\lib\site-packages\rest_framework\serializers.py", line 1340, in build_unknown_field
    raise ImproperlyConfigured(
django.core.exceptions.ImproperlyConfigured: Field name `full_name` is not valid for model `User`.
2024-05-21 16:56:26,393 django.utils.autoreload INFO     D:\Phitron_Batch_3\Django\TeamCodemen\click_cart\apps\account\serializers.py changed, reloading.
2024-05-21 16:56:27,597 django.utils.autoreload INFO     Watching for file changes with StatReloader
2024-05-21 16:56:36,638 django.request ERROR    Internal Server Error: /api/v1/auth/users/me/
Traceback (most recent call last):
  File "C:\Users\pc\AppData\Local\Programs\Python\Python310\lib\site-packages\django\core\handlers\exception.py", line 55, in inner
    response = get_response(request)
  File "C:\Users\pc\AppData\Local\Programs\Python\Python310\lib\site-packages\django\core\handlers\base.py", line 197, in _get_response
    response = wrapped_callback(request, *callback_args, **callback_kwargs)
  File "C:\Users\pc\AppData\Local\Programs\Python\Python310\lib\site-packages\django\views\decorators\csrf.py", line 65, in _view_wrapper
    return view_func(request, *args, **kwargs)
  File "C:\Users\pc\AppData\Local\Programs\Python\Python310\lib\site-packages\rest_framework\viewsets.py", line 125, in view
    return self.dispatch(request, *args, **kwargs)
  File "C:\Users\pc\AppData\Local\Programs\Python\Python310\lib\site-packages\rest_framework\views.py", line 509, in dispatch
    response = self.handle_exception(exc)
  File "C:\Users\pc\AppData\Local\Programs\Python\Python310\lib\site-packages\rest_framework\views.py", line 469, in handle_exception
    self.raise_uncaught_exception(exc)
  File "C:\Users\pc\AppData\Local\Programs\Python\Python310\lib\site-packages\rest_framework\views.py", line 480, in raise_uncaught_exception
    raise exc
  File "C:\Users\pc\AppData\Local\Programs\Python\Python310\lib\site-packages\rest_framework\views.py", line 506, in dispatch
    response = handler(request, *args, **kwargs)
  File "C:\Users\pc\AppData\Local\Programs\Python\Python310\lib\site-packages\djoser\views.py", line 171, in me
    return self.retrieve(request, *args, **kwargs)
  File "C:\Users\pc\AppData\Local\Programs\Python\Python310\lib\site-packages\rest_framework\mixins.py", line 56, in retrieve
    return Response(serializer.data)
  File "C:\Users\pc\AppData\Local\Programs\Python\Python310\lib\site-packages\rest_framework\serializers.py", line 555, in data
    ret = super().data
  File "C:\Users\pc\AppData\Local\Programs\Python\Python310\lib\site-packages\rest_framework\serializers.py", line 253, in data
    self._data = self.to_representation(self.instance)
  File "D:\Phitron_Batch_3\Django\TeamCodemen\click_cart\apps\account\serializers.py", line 36, in to_representation
    representation = super(UserSerializer, self).to_representation(instance)
  File "C:\Users\pc\AppData\Local\Programs\Python\Python310\lib\site-packages\rest_framework\serializers.py", line 522, in to_representation
    ret[field.field_name] = field.to_representation(attribute)
  File "C:\Users\pc\AppData\Local\Programs\Python\Python310\lib\site-packages\rest_framework\fields.py", line 1837, in to_representation
    method = getattr(self.parent, self.method_name)
AttributeError: 'UserSerializer' object has no attribute 'get_role'
2024-05-21 16:56:51,506 django.utils.autoreload INFO     D:\Phitron_Batch_3\Django\TeamCodemen\click_cart\apps\account\serializers.py changed, reloading.
2024-05-21 16:56:52,615 django.utils.autoreload INFO     Watching for file changes with StatReloader
2024-05-21 16:56:55,505 django.utils.autoreload INFO     D:\Phitron_Batch_3\Django\TeamCodemen\click_cart\apps\account\serializers.py changed, reloading.
2024-05-21 16:56:56,491 django.utils.autoreload INFO     Watching for file changes with StatReloader
2024-05-21 17:00:13,223 django.utils.autoreload INFO     D:\Phitron_Batch_3\Django\TeamCodemen\click_cart\apps\account\serializers.py changed, reloading.
2024-05-21 17:00:15,723 django.utils.autoreload INFO     Watching for file changes with StatReloader
2024-05-21 17:01:10,976 django.utils.autoreload INFO     D:\Phitron_Batch_3\Django\TeamCodemen\click_cart\apps\account\serializers.py changed, reloading.
2024-05-21 17:01:11,976 django.utils.autoreload INFO     Watching for file changes with StatReloader
2024-05-21 17:01:29,519 django.utils.autoreload INFO     D:\Phitron_Batch_3\Django\TeamCodemen\click_cart\apps\account\serializers.py changed, reloading.
2024-05-21 17:01:31,101 django.utils.autoreload INFO     Watching for file changes with StatReloader
2024-05-21 17:02:24,226 django.utils.autoreload INFO     Watching for file changes with StatReloader
2024-05-21 17:02:32,349 django.request ERROR    Internal Server Error: /api/v1/auth/users/me/
Traceback (most recent call last):
  File "C:\Users\pc\AppData\Local\Programs\Python\Python310\lib\site-packages\django\core\handlers\exception.py", line 55, in inner
    response = get_response(request)
  File "C:\Users\pc\AppData\Local\Programs\Python\Python310\lib\site-packages\django\core\handlers\base.py", line 197, in _get_response
    response = wrapped_callback(request, *callback_args, **callback_kwargs)
  File "C:\Users\pc\AppData\Local\Programs\Python\Python310\lib\site-packages\django\views\decorators\csrf.py", line 65, in _view_wrapper
    return view_func(request, *args, **kwargs)
  File "C:\Users\pc\AppData\Local\Programs\Python\Python310\lib\site-packages\rest_framework\viewsets.py", line 125, in view
    return self.dispatch(request, *args, **kwargs)
  File "C:\Users\pc\AppData\Local\Programs\Python\Python310\lib\site-packages\rest_framework\views.py", line 509, in dispatch
    response = self.handle_exception(exc)
  File "C:\Users\pc\AppData\Local\Programs\Python\Python310\lib\site-packages\rest_framework\views.py", line 469, in handle_exception
    self.raise_uncaught_exception(exc)
  File "C:\Users\pc\AppData\Local\Programs\Python\Python310\lib\site-packages\rest_framework\views.py", line 480, in raise_uncaught_exception
    raise exc
  File "C:\Users\pc\AppData\Local\Programs\Python\Python310\lib\site-packages\rest_framework\views.py", line 506, in dispatch
    response = handler(request, *args, **kwargs)
  File "C:\Users\pc\AppData\Local\Programs\Python\Python310\lib\site-packages\djoser\views.py", line 171, in me
    return self.retrieve(request, *args, **kwargs)
  File "C:\Users\pc\AppData\Local\Programs\Python\Python310\lib\site-packages\rest_framework\mixins.py", line 56, in retrieve
    return Response(serializer.data)
  File "C:\Users\pc\AppData\Local\Programs\Python\Python310\lib\site-packages\rest_framework\serializers.py", line 555, in data
    ret = super().data
  File "C:\Users\pc\AppData\Local\Programs\Python\Python310\lib\site-packages\rest_framework\serializers.py", line 253, in data
    self._data = self.to_representation(self.instance)
  File "D:\Phitron_Batch_3\Django\TeamCodemen\click_cart\apps\account\serializers.py", line 36, in to_representation
    representation = super(UserSerializer, self).to_representation(instance)
  File "C:\Users\pc\AppData\Local\Programs\Python\Python310\lib\site-packages\rest_framework\serializers.py", line 507, in to_representation
    for field in fields:
  File "C:\Users\pc\AppData\Local\Programs\Python\Python310\lib\site-packages\rest_framework\serializers.py", line 368, in _readable_fields
    for field in self.fields.values():
  File "C:\Users\pc\AppData\Local\Programs\Python\Python310\lib\site-packages\django\utils\functional.py", line 47, in __get__
    res = instance.__dict__[self.name] = self.func(instance)
  File "C:\Users\pc\AppData\Local\Programs\Python\Python310\lib\site-packages\rest_framework\serializers.py", line 356, in fields
    for key, value in self.get_fields().items():
  File "C:\Users\pc\AppData\Local\Programs\Python\Python310\lib\site-packages\rest_framework\serializers.py", line 1052, in get_fields
    field_names = self.get_field_names(declared_fields, info)
  File "C:\Users\pc\AppData\Local\Programs\Python\Python310\lib\site-packages\rest_framework\serializers.py", line 1148, in get_field_names
    assert field_name in fields, (
AssertionError: The field 'full_name' was declared on serializer UserSerializer, but has not been included in the 'fields' option.
2024-05-21 17:02:44,667 django.utils.autoreload INFO     D:\Phitron_Batch_3\Django\TeamCodemen\click_cart\apps\account\serializers.py changed, reloading.
2024-05-21 17:02:46,270 django.utils.autoreload INFO     Watching for file changes with StatReloader
2024-05-21 17:02:47,577 django.request ERROR    Internal Server Error: /api/v1/auth/users/me/
Traceback (most recent call last):
  File "C:\Users\pc\AppData\Local\Programs\Python\Python310\lib\site-packages\rest_framework\fields.py", line 446, in get_attribute
    return get_attribute(instance, self.source_attrs)
  File "C:\Users\pc\AppData\Local\Programs\Python\Python310\lib\site-packages\rest_framework\fields.py", line 96, in get_attribute
    instance = getattr(instance, attr)
AttributeError: 'User' object has no attribute 'user'

During handling of the above exception, another exception occurred:

Traceback (most recent call last):
  File "C:\Users\pc\AppData\Local\Programs\Python\Python310\lib\site-packages\django\core\handlers\exception.py", line 55, in inner
    response = get_response(request)
  File "C:\Users\pc\AppData\Local\Programs\Python\Python310\lib\site-packages\django\core\handlers\base.py", line 197, in _get_response
    response = wrapped_callback(request, *callback_args, **callback_kwargs)
  File "C:\Users\pc\AppData\Local\Programs\Python\Python310\lib\site-packages\django\views\decorators\csrf.py", line 65, in _view_wrapper
    return view_func(request, *args, **kwargs)
  File "C:\Users\pc\AppData\Local\Programs\Python\Python310\lib\site-packages\rest_framework\viewsets.py", line 125, in view
    return self.dispatch(request, *args, **kwargs)
  File "C:\Users\pc\AppData\Local\Programs\Python\Python310\lib\site-packages\rest_framework\views.py", line 509, in dispatch
    response = self.handle_exception(exc)
  File "C:\Users\pc\AppData\Local\Programs\Python\Python310\lib\site-packages\rest_framework\views.py", line 469, in handle_exception
    self.raise_uncaught_exception(exc)
  File "C:\Users\pc\AppData\Local\Programs\Python\Python310\lib\site-packages\rest_framework\views.py", line 480, in raise_uncaught_exception
    raise exc
  File "C:\Users\pc\AppData\Local\Programs\Python\Python310\lib\site-packages\rest_framework\views.py", line 506, in dispatch
    response = handler(request, *args, **kwargs)
  File "C:\Users\pc\AppData\Local\Programs\Python\Python310\lib\site-packages\djoser\views.py", line 171, in me
    return self.retrieve(request, *args, **kwargs)
  File "C:\Users\pc\AppData\Local\Programs\Python\Python310\lib\site-packages\rest_framework\mixins.py", line 56, in retrieve
    return Response(serializer.data)
  File "C:\Users\pc\AppData\Local\Programs\Python\Python310\lib\site-packages\rest_framework\serializers.py", line 555, in data
    ret = super().data
  File "C:\Users\pc\AppData\Local\Programs\Python\Python310\lib\site-packages\rest_framework\serializers.py", line 253, in data
    self._data = self.to_representation(self.instance)
  File "D:\Phitron_Batch_3\Django\TeamCodemen\click_cart\apps\account\serializers.py", line 36, in to_representation
    representation = super(UserSerializer, self).to_representation(instance)
  File "C:\Users\pc\AppData\Local\Programs\Python\Python310\lib\site-packages\rest_framework\serializers.py", line 509, in to_representation
    attribute = field.get_attribute(instance)
  File "C:\Users\pc\AppData\Local\Programs\Python\Python310\lib\site-packages\rest_framework\fields.py", line 479, in get_attribute
    raise type(exc)(msg)
AttributeError: Got AttributeError when attempting to get a value for field `role` on serializer `UserSerializer`.
The serializer field might be named incorrectly and not match any attribute or key on the `User` instance.
Original exception text was: 'User' object has no attribute 'user'.
2024-05-21 17:06:28,146 django.utils.autoreload INFO     D:\Phitron_Batch_3\Django\TeamCodemen\click_cart\apps\account\serializers.py changed, reloading.
2024-05-21 17:06:29,394 django.utils.autoreload INFO     Watching for file changes with StatReloader
2024-05-21 17:06:39,200 django.utils.autoreload INFO     D:\Phitron_Batch_3\Django\TeamCodemen\click_cart\apps\account\serializers.py changed, reloading.
2024-05-21 17:06:40,173 django.utils.autoreload INFO     Watching for file changes with StatReloader
2024-05-21 17:06:42,512 django.utils.autoreload INFO     D:\Phitron_Batch_3\Django\TeamCodemen\click_cart\apps\account\serializers.py changed, reloading.
2024-05-21 17:06:43,454 django.utils.autoreload INFO     Watching for file changes with StatReloader
2024-05-21 17:06:46,999 django.utils.autoreload INFO     D:\Phitron_Batch_3\Django\TeamCodemen\click_cart\apps\account\serializers.py changed, reloading.
2024-05-21 17:06:48,011 django.utils.autoreload INFO     Watching for file changes with StatReloader
2024-05-21 17:06:50,331 django.utils.autoreload INFO     D:\Phitron_Batch_3\Django\TeamCodemen\click_cart\apps\account\serializers.py changed, reloading.
2024-05-21 17:06:51,335 django.utils.autoreload INFO     Watching for file changes with StatReloader
2024-05-21 17:06:57,723 django.utils.autoreload INFO     D:\Phitron_Batch_3\Django\TeamCodemen\click_cart\apps\account\serializers.py changed, reloading.
2024-05-21 17:06:58,712 django.utils.autoreload INFO     Watching for file changes with StatReloader
2024-05-21 17:07:08,423 django.utils.autoreload INFO     D:\Phitron_Batch_3\Django\TeamCodemen\click_cart\apps\account\serializers.py changed, reloading.
2024-05-21 17:07:09,391 django.utils.autoreload INFO     Watching for file changes with StatReloader
2024-05-21 17:08:16,746 django.request WARNING  Not Found: /api/v1/profile/customerprofile/me/
2024-05-21 17:56:33,391 django.request WARNING  Unauthorized: /api/v1/auth/users/
2024-05-21 17:56:51,489 django.request ERROR    Internal Server Error: /api/v1/auth/users/
Traceback (most recent call last):
  File "C:\Users\pc\AppData\Local\Programs\Python\Python310\lib\site-packages\django\core\handlers\exception.py", line 55, in inner
    response = get_response(request)
  File "C:\Users\pc\AppData\Local\Programs\Python\Python310\lib\site-packages\django\core\handlers\base.py", line 197, in _get_response
    response = wrapped_callback(request, *callback_args, **callback_kwargs)
  File "C:\Users\pc\AppData\Local\Programs\Python\Python310\lib\site-packages\django\views\decorators\csrf.py", line 65, in _view_wrapper
    return view_func(request, *args, **kwargs)
  File "C:\Users\pc\AppData\Local\Programs\Python\Python310\lib\site-packages\rest_framework\viewsets.py", line 125, in view
    return self.dispatch(request, *args, **kwargs)
  File "C:\Users\pc\AppData\Local\Programs\Python\Python310\lib\site-packages\rest_framework\views.py", line 509, in dispatch
    response = self.handle_exception(exc)
  File "C:\Users\pc\AppData\Local\Programs\Python\Python310\lib\site-packages\rest_framework\views.py", line 469, in handle_exception
    self.raise_uncaught_exception(exc)
  File "C:\Users\pc\AppData\Local\Programs\Python\Python310\lib\site-packages\rest_framework\views.py", line 480, in raise_uncaught_exception
    raise exc
  File "C:\Users\pc\AppData\Local\Programs\Python\Python310\lib\site-packages\rest_framework\views.py", line 506, in dispatch
    response = handler(request, *args, **kwargs)
  File "C:\Users\pc\AppData\Local\Programs\Python\Python310\lib\site-packages\rest_framework\mixins.py", line 46, in list
    return Response(serializer.data)
  File "C:\Users\pc\AppData\Local\Programs\Python\Python310\lib\site-packages\rest_framework\serializers.py", line 768, in data
    ret = super().data
  File "C:\Users\pc\AppData\Local\Programs\Python\Python310\lib\site-packages\rest_framework\serializers.py", line 253, in data
    self._data = self.to_representation(self.instance)
  File "C:\Users\pc\AppData\Local\Programs\Python\Python310\lib\site-packages\rest_framework\serializers.py", line 686, in to_representation
    return [
  File "C:\Users\pc\AppData\Local\Programs\Python\Python310\lib\site-packages\rest_framework\serializers.py", line 687, in <listcomp>
    self.child.to_representation(item) for item in iterable
  File "D:\Phitron_Batch_3\Django\TeamCodemen\click_cart\apps\account\serializers.py", line 36, in to_representation
    representation = super(UserSerializer, self).to_representation(instance)
  File "C:\Users\pc\AppData\Local\Programs\Python\Python310\lib\site-packages\rest_framework\serializers.py", line 507, in to_representation
    for field in fields:
  File "C:\Users\pc\AppData\Local\Programs\Python\Python310\lib\site-packages\rest_framework\serializers.py", line 368, in _readable_fields
    for field in self.fields.values():
  File "C:\Users\pc\AppData\Local\Programs\Python\Python310\lib\site-packages\django\utils\functional.py", line 47, in __get__
    res = instance.__dict__[self.name] = self.func(instance)
  File "C:\Users\pc\AppData\Local\Programs\Python\Python310\lib\site-packages\rest_framework\serializers.py", line 356, in fields
    for key, value in self.get_fields().items():
  File "C:\Users\pc\AppData\Local\Programs\Python\Python310\lib\site-packages\rest_framework\serializers.py", line 1052, in get_fields
    field_names = self.get_field_names(declared_fields, info)
  File "C:\Users\pc\AppData\Local\Programs\Python\Python310\lib\site-packages\rest_framework\serializers.py", line 1148, in get_field_names
    assert field_name in fields, (
AssertionError: The field 'phone_number' was declared on serializer UserSerializer, but has not been included in the 'fields' option.
2024-05-21 18:12:24,230 django.utils.autoreload INFO     D:\Phitron_Batch_3\Django\TeamCodemen\click_cart\apps\account\serializers.py changed, reloading.
2024-05-21 18:12:27,093 django.utils.autoreload INFO     Watching for file changes with StatReloader
2024-05-21 18:12:33,127 django.utils.autoreload INFO     D:\Phitron_Batch_3\Django\TeamCodemen\click_cart\apps\account\serializers.py changed, reloading.
2024-05-21 18:12:34,468 django.utils.autoreload INFO     Watching for file changes with StatReloader
2024-05-21 18:12:36,961 django.utils.autoreload INFO     D:\Phitron_Batch_3\Django\TeamCodemen\click_cart\apps\account\serializers.py changed, reloading.
2024-05-21 18:12:37,947 django.utils.autoreload INFO     Watching for file changes with StatReloader
2024-05-21 18:12:41,487 django.utils.autoreload INFO     D:\Phitron_Batch_3\Django\TeamCodemen\click_cart\apps\account\serializers.py changed, reloading.
2024-05-21 18:12:42,439 django.utils.autoreload INFO     Watching for file changes with StatReloader
2024-05-21 18:12:46,138 django.utils.autoreload INFO     D:\Phitron_Batch_3\Django\TeamCodemen\click_cart\apps\account\serializers.py changed, reloading.
2024-05-21 18:12:48,052 django.utils.autoreload INFO     Watching for file changes with StatReloader
2024-05-21 18:12:51,956 django.utils.autoreload INFO     D:\Phitron_Batch_3\Django\TeamCodemen\click_cart\apps\account\serializers.py changed, reloading.
2024-05-21 18:12:53,067 django.utils.autoreload INFO     Watching for file changes with StatReloader
2024-05-21 18:12:56,478 django.utils.autoreload INFO     D:\Phitron_Batch_3\Django\TeamCodemen\click_cart\apps\account\serializers.py changed, reloading.
2024-05-21 18:12:57,621 django.utils.autoreload INFO     Watching for file changes with StatReloader
2024-05-21 18:13:04,030 django.utils.autoreload INFO     D:\Phitron_Batch_3\Django\TeamCodemen\click_cart\apps\account\serializers.py changed, reloading.
2024-05-21 18:13:05,036 django.utils.autoreload INFO     Watching for file changes with StatReloader
2024-05-21 18:13:09,367 django.utils.autoreload INFO     D:\Phitron_Batch_3\Django\TeamCodemen\click_cart\apps\account\serializers.py changed, reloading.
2024-05-21 18:13:10,378 django.utils.autoreload INFO     Watching for file changes with StatReloader
2024-05-21 18:13:14,754 django.utils.autoreload INFO     D:\Phitron_Batch_3\Django\TeamCodemen\click_cart\apps\account\serializers.py changed, reloading.
2024-05-21 18:13:15,860 django.utils.autoreload INFO     Watching for file changes with StatReloader
2024-05-21 18:13:23,391 django.utils.autoreload INFO     D:\Phitron_Batch_3\Django\TeamCodemen\click_cart\apps\account\serializers.py changed, reloading.
2024-05-21 18:13:24,464 django.utils.autoreload INFO     Watching for file changes with StatReloader
2024-05-21 18:13:26,624 django.utils.autoreload INFO     D:\Phitron_Batch_3\Django\TeamCodemen\click_cart\apps\account\serializers.py changed, reloading.
2024-05-21 18:13:27,673 django.utils.autoreload INFO     Watching for file changes with StatReloader
2024-05-21 18:25:14,704 django.request WARNING  Not Found: /api/v1/auth/profile/customer/me
2024-05-21 18:54:22,448 django.utils.autoreload INFO     D:\Phitron_Batch_3\Django\TeamCodemen\click_cart\ecommerce\urls.py changed, reloading.
2024-05-21 18:54:25,786 django.utils.autoreload INFO     Watching for file changes with StatReloader
2024-05-21 18:54:28,269 django.utils.autoreload INFO     D:\Phitron_Batch_3\Django\TeamCodemen\click_cart\ecommerce\urls.py changed, reloading.
2024-05-21 18:54:29,678 django.utils.autoreload INFO     Watching for file changes with StatReloader
2024-05-21 19:16:54,747 django.utils.autoreload INFO     Watching for file changes with StatReloader
2024-05-21 19:17:13,097 django.request WARNING  Not Found: /
2024-05-22 00:49:28,383 django.utils.autoreload INFO     Watching for file changes with StatReloader
2024-05-22 00:50:33,090 django.utils.autoreload INFO     Watching for file changes with StatReloader
2024-05-22 00:53:39,274 django.utils.autoreload INFO     /home/noyonahammadkhan/Desktop/PHITRON BATCH 03/TEAM PROJECT/Click_Kart/click_cart/apps/transaction/apps.py changed, reloading.
2024-05-22 00:53:39,493 django.utils.autoreload INFO     Watching for file changes with StatReloader
2024-05-22 00:54:32,205 django.utils.autoreload INFO     Watching for file changes with StatReloader
2024-05-22 00:55:02,509 django.utils.autoreload INFO     /home/noyonahammadkhan/Desktop/PHITRON BATCH 03/TEAM PROJECT/Click_Kart/click_cart/ecommerce/settings.py changed, reloading.
2024-05-22 00:55:02,728 django.utils.autoreload INFO     Watching for file changes with StatReloader
2024-05-22 01:03:42,615 django.utils.autoreload INFO     Watching for file changes with StatReloader
2024-05-22 01:04:10,907 django.utils.autoreload INFO     /home/noyonahammadkhan/Desktop/PHITRON BATCH 03/TEAM PROJECT/Click_Kart/click_cart/apps/transaction/apps.py changed, reloading.
2024-05-22 01:04:11,204 django.utils.autoreload INFO     Watching for file changes with StatReloader
2024-05-22 01:04:17,817 django.utils.autoreload INFO     Watching for file changes with StatReloader
2024-05-22 01:04:43,093 django.utils.autoreload INFO     /home/noyonahammadkhan/Desktop/PHITRON BATCH 03/TEAM PROJECT/Click_Kart/click_cart/apps/transaction/apps.py changed, reloading.
2024-05-22 01:04:43,393 django.utils.autoreload INFO     Watching for file changes with StatReloader
2024-05-22 01:04:45,750 django.utils.autoreload INFO     /home/noyonahammadkhan/Desktop/PHITRON BATCH 03/TEAM PROJECT/Click_Kart/click_cart/apps/transaction/apps.py changed, reloading.
2024-05-22 01:04:46,068 django.utils.autoreload INFO     Watching for file changes with StatReloader
2024-05-22 01:04:57,570 django.utils.autoreload INFO     /home/noyonahammadkhan/Desktop/PHITRON BATCH 03/TEAM PROJECT/Click_Kart/click_cart/apps/transaction/apps.py changed, reloading.
2024-05-22 01:04:57,873 django.utils.autoreload INFO     Watching for file changes with StatReloader
2024-05-22 01:04:59,017 django.utils.autoreload INFO     /home/noyonahammadkhan/Desktop/PHITRON BATCH 03/TEAM PROJECT/Click_Kart/click_cart/apps/transaction/apps.py changed, reloading.
2024-05-22 01:04:59,287 django.utils.autoreload INFO     Watching for file changes with StatReloader
2024-05-22 01:10:39,257 django.utils.autoreload INFO     /home/noyonahammadkhan/Desktop/PHITRON BATCH 03/TEAM PROJECT/Click_Kart/click_cart/apps/transaction/models.py changed, reloading.
2024-05-22 01:10:39,579 django.utils.autoreload INFO     Watching for file changes with StatReloader
2024-05-22 01:10:40,727 django.utils.autoreload INFO     /home/noyonahammadkhan/Desktop/PHITRON BATCH 03/TEAM PROJECT/Click_Kart/click_cart/apps/transaction/models.py changed, reloading.
2024-05-22 01:10:41,047 django.utils.autoreload INFO     Watching for file changes with StatReloader
2024-05-22 01:10:43,194 django.utils.autoreload INFO     /home/noyonahammadkhan/Desktop/PHITRON BATCH 03/TEAM PROJECT/Click_Kart/click_cart/apps/transaction/models.py changed, reloading.
2024-05-22 01:10:43,545 django.utils.autoreload INFO     Watching for file changes with StatReloader
2024-05-22 01:10:44,702 django.utils.autoreload INFO     /home/noyonahammadkhan/Desktop/PHITRON BATCH 03/TEAM PROJECT/Click_Kart/click_cart/apps/transaction/models.py changed, reloading.
2024-05-22 01:10:44,992 django.utils.autoreload INFO     Watching for file changes with StatReloader
2024-05-22 01:10:48,141 django.utils.autoreload INFO     /home/noyonahammadkhan/Desktop/PHITRON BATCH 03/TEAM PROJECT/Click_Kart/click_cart/apps/transaction/models.py changed, reloading.
2024-05-22 01:10:48,438 django.utils.autoreload INFO     Watching for file changes with StatReloader
2024-05-22 01:10:49,582 django.utils.autoreload INFO     /home/noyonahammadkhan/Desktop/PHITRON BATCH 03/TEAM PROJECT/Click_Kart/click_cart/apps/transaction/models.py changed, reloading.
2024-05-22 01:10:49,878 django.utils.autoreload INFO     Watching for file changes with StatReloader
2024-05-22 01:10:52,039 django.utils.autoreload INFO     /home/noyonahammadkhan/Desktop/PHITRON BATCH 03/TEAM PROJECT/Click_Kart/click_cart/apps/transaction/models.py changed, reloading.
2024-05-22 01:10:52,343 django.utils.autoreload INFO     Watching for file changes with StatReloader
2024-05-22 01:10:55,503 django.utils.autoreload INFO     /home/noyonahammadkhan/Desktop/PHITRON BATCH 03/TEAM PROJECT/Click_Kart/click_cart/apps/transaction/models.py changed, reloading.
2024-05-22 01:10:55,808 django.utils.autoreload INFO     Watching for file changes with StatReloader
2024-05-22 01:11:21,565 django.utils.autoreload INFO     /home/noyonahammadkhan/Desktop/PHITRON BATCH 03/TEAM PROJECT/Click_Kart/click_cart/apps/transaction/models.py changed, reloading.
2024-05-22 01:11:21,871 django.utils.autoreload INFO     Watching for file changes with StatReloader
2024-05-22 01:11:25,050 django.utils.autoreload INFO     /home/noyonahammadkhan/Desktop/PHITRON BATCH 03/TEAM PROJECT/Click_Kart/click_cart/apps/transaction/models.py changed, reloading.
2024-05-22 01:11:25,392 django.utils.autoreload INFO     Watching for file changes with StatReloader
2024-05-22 01:11:26,536 django.utils.autoreload INFO     /home/noyonahammadkhan/Desktop/PHITRON BATCH 03/TEAM PROJECT/Click_Kart/click_cart/apps/transaction/models.py changed, reloading.
2024-05-22 01:11:26,839 django.utils.autoreload INFO     Watching for file changes with StatReloader
2024-05-22 01:11:31,013 django.utils.autoreload INFO     /home/noyonahammadkhan/Desktop/PHITRON BATCH 03/TEAM PROJECT/Click_Kart/click_cart/apps/transaction/models.py changed, reloading.
2024-05-22 01:11:31,290 django.utils.autoreload INFO     Watching for file changes with StatReloader
2024-05-22 01:11:33,450 django.utils.autoreload INFO     /home/noyonahammadkhan/Desktop/PHITRON BATCH 03/TEAM PROJECT/Click_Kart/click_cart/apps/transaction/models.py changed, reloading.
2024-05-22 01:11:33,733 django.utils.autoreload INFO     Watching for file changes with StatReloader
2024-05-22 01:11:37,899 django.utils.autoreload INFO     /home/noyonahammadkhan/Desktop/PHITRON BATCH 03/TEAM PROJECT/Click_Kart/click_cart/apps/transaction/models.py changed, reloading.
2024-05-22 01:11:38,194 django.utils.autoreload INFO     Watching for file changes with StatReloader
2024-05-22 01:11:45,384 django.utils.autoreload INFO     /home/noyonahammadkhan/Desktop/PHITRON BATCH 03/TEAM PROJECT/Click_Kart/click_cart/apps/transaction/models.py changed, reloading.
2024-05-22 01:11:45,654 django.utils.autoreload INFO     Watching for file changes with StatReloader
2024-05-22 01:11:47,813 django.utils.autoreload INFO     /home/noyonahammadkhan/Desktop/PHITRON BATCH 03/TEAM PROJECT/Click_Kart/click_cart/apps/transaction/models.py changed, reloading.
2024-05-22 01:11:48,132 django.utils.autoreload INFO     Watching for file changes with StatReloader
2024-05-22 01:11:50,479 django.utils.autoreload INFO     /home/noyonahammadkhan/Desktop/PHITRON BATCH 03/TEAM PROJECT/Click_Kart/click_cart/apps/transaction/models.py changed, reloading.
2024-05-22 01:11:50,812 django.utils.autoreload INFO     Watching for file changes with StatReloader
2024-05-22 01:11:51,961 django.utils.autoreload INFO     /home/noyonahammadkhan/Desktop/PHITRON BATCH 03/TEAM PROJECT/Click_Kart/click_cart/apps/transaction/models.py changed, reloading.
2024-05-22 01:11:52,248 django.utils.autoreload INFO     Watching for file changes with StatReloader
2024-05-22 01:11:58,435 django.utils.autoreload INFO     /home/noyonahammadkhan/Desktop/PHITRON BATCH 03/TEAM PROJECT/Click_Kart/click_cart/apps/transaction/models.py changed, reloading.
2024-05-22 01:11:58,726 django.utils.autoreload INFO     Watching for file changes with StatReloader
2024-05-22 01:12:08,926 django.utils.autoreload INFO     /home/noyonahammadkhan/Desktop/PHITRON BATCH 03/TEAM PROJECT/Click_Kart/click_cart/apps/transaction/models.py changed, reloading.
2024-05-22 01:12:09,220 django.utils.autoreload INFO     Watching for file changes with StatReloader
2024-05-22 01:12:38,551 django.utils.autoreload INFO     /home/noyonahammadkhan/Desktop/PHITRON BATCH 03/TEAM PROJECT/Click_Kart/click_cart/apps/transaction/models.py changed, reloading.
2024-05-22 01:12:38,892 django.utils.autoreload INFO     Watching for file changes with StatReloader
2024-05-22 01:12:41,052 django.utils.autoreload INFO     /home/noyonahammadkhan/Desktop/PHITRON BATCH 03/TEAM PROJECT/Click_Kart/click_cart/apps/transaction/models.py changed, reloading.
2024-05-22 01:12:41,355 django.utils.autoreload INFO     Watching for file changes with StatReloader
2024-05-22 01:12:42,493 django.utils.autoreload INFO     /home/noyonahammadkhan/Desktop/PHITRON BATCH 03/TEAM PROJECT/Click_Kart/click_cart/apps/transaction/models.py changed, reloading.
2024-05-22 01:12:42,791 django.utils.autoreload INFO     Watching for file changes with StatReloader
2024-05-22 01:12:43,942 django.utils.autoreload INFO     /home/noyonahammadkhan/Desktop/PHITRON BATCH 03/TEAM PROJECT/Click_Kart/click_cart/apps/transaction/models.py changed, reloading.
2024-05-22 01:12:44,239 django.utils.autoreload INFO     Watching for file changes with StatReloader
2024-05-22 01:12:47,406 django.utils.autoreload INFO     /home/noyonahammadkhan/Desktop/PHITRON BATCH 03/TEAM PROJECT/Click_Kart/click_cart/apps/transaction/models.py changed, reloading.
2024-05-22 01:12:47,733 django.utils.autoreload INFO     Watching for file changes with StatReloader
2024-05-22 01:12:48,883 django.utils.autoreload INFO     /home/noyonahammadkhan/Desktop/PHITRON BATCH 03/TEAM PROJECT/Click_Kart/click_cart/apps/transaction/models.py changed, reloading.
2024-05-22 01:12:49,167 django.utils.autoreload INFO     Watching for file changes with StatReloader
2024-05-22 01:12:51,323 django.utils.autoreload INFO     /home/noyonahammadkhan/Desktop/PHITRON BATCH 03/TEAM PROJECT/Click_Kart/click_cart/apps/transaction/models.py changed, reloading.
2024-05-22 01:12:51,677 django.utils.autoreload INFO     Watching for file changes with StatReloader
2024-05-22 01:12:55,847 django.utils.autoreload INFO     /home/noyonahammadkhan/Desktop/PHITRON BATCH 03/TEAM PROJECT/Click_Kart/click_cart/apps/transaction/models.py changed, reloading.
2024-05-22 01:12:56,154 django.utils.autoreload INFO     Watching for file changes with StatReloader
2024-05-22 01:13:01,332 django.utils.autoreload INFO     /home/noyonahammadkhan/Desktop/PHITRON BATCH 03/TEAM PROJECT/Click_Kart/click_cart/apps/transaction/models.py changed, reloading.
2024-05-22 01:13:01,616 django.utils.autoreload INFO     Watching for file changes with StatReloader
2024-05-22 01:13:09,807 django.utils.autoreload INFO     /home/noyonahammadkhan/Desktop/PHITRON BATCH 03/TEAM PROJECT/Click_Kart/click_cart/apps/transaction/models.py changed, reloading.
2024-05-22 01:13:10,195 django.utils.autoreload INFO     Watching for file changes with StatReloader
2024-05-22 01:13:19,399 django.utils.autoreload INFO     /home/noyonahammadkhan/Desktop/PHITRON BATCH 03/TEAM PROJECT/Click_Kart/click_cart/apps/transaction/models.py changed, reloading.
2024-05-22 01:13:19,690 django.utils.autoreload INFO     Watching for file changes with StatReloader
2024-05-22 01:13:29,124 django.utils.autoreload INFO     /home/noyonahammadkhan/Desktop/PHITRON BATCH 03/TEAM PROJECT/Click_Kart/click_cart/apps/transaction/models.py changed, reloading.
2024-05-22 01:13:29,474 django.utils.autoreload INFO     Watching for file changes with StatReloader
2024-05-22 01:13:31,630 django.utils.autoreload INFO     /home/noyonahammadkhan/Desktop/PHITRON BATCH 03/TEAM PROJECT/Click_Kart/click_cart/apps/transaction/models.py changed, reloading.
2024-05-22 01:13:31,974 django.utils.autoreload INFO     Watching for file changes with StatReloader
2024-05-22 01:13:46,591 django.utils.autoreload INFO     /home/noyonahammadkhan/Desktop/PHITRON BATCH 03/TEAM PROJECT/Click_Kart/click_cart/apps/transaction/models.py changed, reloading.
2024-05-22 01:13:46,921 django.utils.autoreload INFO     Watching for file changes with StatReloader
2024-05-22 01:13:49,087 django.utils.autoreload INFO     /home/noyonahammadkhan/Desktop/PHITRON BATCH 03/TEAM PROJECT/Click_Kart/click_cart/apps/transaction/models.py changed, reloading.
2024-05-22 01:13:49,397 django.utils.autoreload INFO     Watching for file changes with StatReloader
2024-05-22 01:13:50,551 django.utils.autoreload INFO     /home/noyonahammadkhan/Desktop/PHITRON BATCH 03/TEAM PROJECT/Click_Kart/click_cart/apps/transaction/models.py changed, reloading.
2024-05-22 01:13:50,826 django.utils.autoreload INFO     Watching for file changes with StatReloader
2024-05-22 01:13:53,992 django.utils.autoreload INFO     /home/noyonahammadkhan/Desktop/PHITRON BATCH 03/TEAM PROJECT/Click_Kart/click_cart/apps/transaction/models.py changed, reloading.
2024-05-22 01:13:54,274 django.utils.autoreload INFO     Watching for file changes with StatReloader
2024-05-22 01:14:00,447 django.utils.autoreload INFO     /home/noyonahammadkhan/Desktop/PHITRON BATCH 03/TEAM PROJECT/Click_Kart/click_cart/apps/transaction/models.py changed, reloading.
2024-05-22 01:14:00,733 django.utils.autoreload INFO     Watching for file changes with StatReloader
2024-05-22 01:14:09,932 django.utils.autoreload INFO     /home/noyonahammadkhan/Desktop/PHITRON BATCH 03/TEAM PROJECT/Click_Kart/click_cart/apps/transaction/models.py changed, reloading.
2024-05-22 01:14:10,244 django.utils.autoreload INFO     Watching for file changes with StatReloader
2024-05-22 01:14:12,410 django.utils.autoreload INFO     /home/noyonahammadkhan/Desktop/PHITRON BATCH 03/TEAM PROJECT/Click_Kart/click_cart/apps/transaction/models.py changed, reloading.
2024-05-22 01:14:12,844 django.utils.autoreload INFO     Watching for file changes with StatReloader
2024-05-22 01:14:16,191 django.utils.autoreload INFO     /home/noyonahammadkhan/Desktop/PHITRON BATCH 03/TEAM PROJECT/Click_Kart/click_cart/apps/transaction/models.py changed, reloading.
2024-05-22 01:14:16,618 django.utils.autoreload INFO     Watching for file changes with StatReloader
2024-05-22 01:14:26,155 django.utils.autoreload INFO     /home/noyonahammadkhan/Desktop/PHITRON BATCH 03/TEAM PROJECT/Click_Kart/click_cart/apps/transaction/models.py changed, reloading.
2024-05-22 01:14:26,488 django.utils.autoreload INFO     Watching for file changes with StatReloader
2024-05-22 01:14:29,643 django.utils.autoreload INFO     /home/noyonahammadkhan/Desktop/PHITRON BATCH 03/TEAM PROJECT/Click_Kart/click_cart/apps/transaction/models.py changed, reloading.
2024-05-22 01:14:29,981 django.utils.autoreload INFO     Watching for file changes with StatReloader
2024-05-22 01:14:32,127 django.utils.autoreload INFO     /home/noyonahammadkhan/Desktop/PHITRON BATCH 03/TEAM PROJECT/Click_Kart/click_cart/apps/transaction/models.py changed, reloading.
2024-05-22 01:14:32,488 django.utils.autoreload INFO     Watching for file changes with StatReloader
2024-05-22 01:14:33,647 django.utils.autoreload INFO     /home/noyonahammadkhan/Desktop/PHITRON BATCH 03/TEAM PROJECT/Click_Kart/click_cart/apps/transaction/models.py changed, reloading.
2024-05-22 01:14:33,947 django.utils.autoreload INFO     Watching for file changes with StatReloader
2024-05-22 01:14:38,127 django.utils.autoreload INFO     /home/noyonahammadkhan/Desktop/PHITRON BATCH 03/TEAM PROJECT/Click_Kart/click_cart/apps/transaction/models.py changed, reloading.
2024-05-22 01:14:38,417 django.utils.autoreload INFO     Watching for file changes with StatReloader
2024-05-22 01:14:42,589 django.utils.autoreload INFO     /home/noyonahammadkhan/Desktop/PHITRON BATCH 03/TEAM PROJECT/Click_Kart/click_cart/apps/transaction/models.py changed, reloading.
2024-05-22 01:14:42,996 django.utils.autoreload INFO     Watching for file changes with StatReloader
2024-05-22 01:14:51,495 django.utils.autoreload INFO     /home/noyonahammadkhan/Desktop/PHITRON BATCH 03/TEAM PROJECT/Click_Kart/click_cart/apps/transaction/models.py changed, reloading.
2024-05-22 01:14:51,812 django.utils.autoreload INFO     Watching for file changes with StatReloader
2024-05-22 01:14:56,981 django.utils.autoreload INFO     /home/noyonahammadkhan/Desktop/PHITRON BATCH 03/TEAM PROJECT/Click_Kart/click_cart/apps/transaction/models.py changed, reloading.
2024-05-22 01:14:57,350 django.utils.autoreload INFO     Watching for file changes with StatReloader
2024-05-22 01:14:59,513 django.utils.autoreload INFO     /home/noyonahammadkhan/Desktop/PHITRON BATCH 03/TEAM PROJECT/Click_Kart/click_cart/apps/transaction/models.py changed, reloading.
2024-05-22 01:14:59,810 django.utils.autoreload INFO     Watching for file changes with StatReloader
2024-05-22 01:15:03,986 django.utils.autoreload INFO     /home/noyonahammadkhan/Desktop/PHITRON BATCH 03/TEAM PROJECT/Click_Kart/click_cart/apps/transaction/models.py changed, reloading.
2024-05-22 01:15:04,357 django.utils.autoreload INFO     Watching for file changes with StatReloader
2024-05-22 01:16:09,907 django.utils.autoreload INFO     /home/noyonahammadkhan/Desktop/PHITRON BATCH 03/TEAM PROJECT/Click_Kart/click_cart/apps/transaction/models.py changed, reloading.
2024-05-22 01:16:10,202 django.utils.autoreload INFO     Watching for file changes with StatReloader
2024-05-22 01:16:12,362 django.utils.autoreload INFO     /home/noyonahammadkhan/Desktop/PHITRON BATCH 03/TEAM PROJECT/Click_Kart/click_cart/apps/transaction/models.py changed, reloading.
2024-05-22 01:16:12,644 django.utils.autoreload INFO     Watching for file changes with StatReloader
2024-05-22 01:16:14,799 django.utils.autoreload INFO     /home/noyonahammadkhan/Desktop/PHITRON BATCH 03/TEAM PROJECT/Click_Kart/click_cart/apps/transaction/models.py changed, reloading.
2024-05-22 01:16:15,085 django.utils.autoreload INFO     Watching for file changes with StatReloader
2024-05-22 01:16:17,232 django.utils.autoreload INFO     /home/noyonahammadkhan/Desktop/PHITRON BATCH 03/TEAM PROJECT/Click_Kart/click_cart/apps/transaction/models.py changed, reloading.
2024-05-22 01:16:17,549 django.utils.autoreload INFO     Watching for file changes with StatReloader
2024-05-22 01:16:24,735 django.utils.autoreload INFO     /home/noyonahammadkhan/Desktop/PHITRON BATCH 03/TEAM PROJECT/Click_Kart/click_cart/apps/transaction/models.py changed, reloading.
2024-05-22 01:16:25,069 django.utils.autoreload INFO     Watching for file changes with StatReloader
2024-05-22 01:16:26,386 django.utils.autoreload INFO     /home/noyonahammadkhan/Desktop/PHITRON BATCH 03/TEAM PROJECT/Click_Kart/click_cart/apps/transaction/models.py changed, reloading.
2024-05-22 01:16:26,738 django.utils.autoreload INFO     Watching for file changes with StatReloader
2024-05-22 01:16:27,889 django.utils.autoreload INFO     /home/noyonahammadkhan/Desktop/PHITRON BATCH 03/TEAM PROJECT/Click_Kart/click_cart/apps/transaction/models.py changed, reloading.
2024-05-22 01:16:28,263 django.utils.autoreload INFO     Watching for file changes with StatReloader
2024-05-22 01:16:32,442 django.utils.autoreload INFO     /home/noyonahammadkhan/Desktop/PHITRON BATCH 03/TEAM PROJECT/Click_Kart/click_cart/apps/transaction/models.py changed, reloading.
2024-05-22 01:16:32,813 django.utils.autoreload INFO     Watching for file changes with StatReloader
2024-05-22 01:16:36,988 django.utils.autoreload INFO     /home/noyonahammadkhan/Desktop/PHITRON BATCH 03/TEAM PROJECT/Click_Kart/click_cart/apps/transaction/models.py changed, reloading.
2024-05-22 01:16:37,318 django.utils.autoreload INFO     Watching for file changes with StatReloader
2024-05-22 01:16:42,497 django.utils.autoreload INFO     /home/noyonahammadkhan/Desktop/PHITRON BATCH 03/TEAM PROJECT/Click_Kart/click_cart/apps/transaction/models.py changed, reloading.
2024-05-22 01:16:42,793 django.utils.autoreload INFO     Watching for file changes with StatReloader
2024-05-22 01:16:44,945 django.utils.autoreload INFO     /home/noyonahammadkhan/Desktop/PHITRON BATCH 03/TEAM PROJECT/Click_Kart/click_cart/apps/transaction/models.py changed, reloading.
2024-05-22 01:16:45,238 django.utils.autoreload INFO     Watching for file changes with StatReloader
2024-05-22 01:16:50,417 django.utils.autoreload INFO     /home/noyonahammadkhan/Desktop/PHITRON BATCH 03/TEAM PROJECT/Click_Kart/click_cart/apps/transaction/models.py changed, reloading.
2024-05-22 01:16:50,691 django.utils.autoreload INFO     Watching for file changes with StatReloader
2024-05-22 01:16:51,842 django.utils.autoreload INFO     /home/noyonahammadkhan/Desktop/PHITRON BATCH 03/TEAM PROJECT/Click_Kart/click_cart/apps/transaction/models.py changed, reloading.
2024-05-22 01:16:52,116 django.utils.autoreload INFO     Watching for file changes with StatReloader
2024-05-22 01:17:23,460 django.utils.autoreload INFO     /home/noyonahammadkhan/Desktop/PHITRON BATCH 03/TEAM PROJECT/Click_Kart/click_cart/apps/transaction/models.py changed, reloading.
2024-05-22 01:17:23,729 django.utils.autoreload INFO     Watching for file changes with StatReloader
2024-05-22 01:27:14,643 django.utils.autoreload INFO     /home/noyonahammadkhan/Desktop/PHITRON BATCH 03/TEAM PROJECT/Click_Kart/click_cart/apps/transaction/models.py changed, reloading.
2024-05-22 01:27:15,016 django.utils.autoreload INFO     Watching for file changes with StatReloader
2024-05-22 01:27:20,189 django.utils.autoreload INFO     /home/noyonahammadkhan/Desktop/PHITRON BATCH 03/TEAM PROJECT/Click_Kart/click_cart/apps/transaction/models.py changed, reloading.
2024-05-22 01:27:20,476 django.utils.autoreload INFO     Watching for file changes with StatReloader
2024-05-22 01:27:25,641 django.utils.autoreload INFO     /home/noyonahammadkhan/Desktop/PHITRON BATCH 03/TEAM PROJECT/Click_Kart/click_cart/apps/transaction/models.py changed, reloading.
2024-05-22 01:27:25,935 django.utils.autoreload INFO     Watching for file changes with StatReloader
2024-05-22 01:27:30,114 django.utils.autoreload INFO     /home/noyonahammadkhan/Desktop/PHITRON BATCH 03/TEAM PROJECT/Click_Kart/click_cart/apps/transaction/models.py changed, reloading.
2024-05-22 01:27:30,432 django.utils.autoreload INFO     Watching for file changes with StatReloader
2024-05-22 01:27:34,600 django.utils.autoreload INFO     /home/noyonahammadkhan/Desktop/PHITRON BATCH 03/TEAM PROJECT/Click_Kart/click_cart/apps/transaction/models.py changed, reloading.
2024-05-22 01:27:34,891 django.utils.autoreload INFO     Watching for file changes with StatReloader
2024-05-22 01:27:37,043 django.utils.autoreload INFO     /home/noyonahammadkhan/Desktop/PHITRON BATCH 03/TEAM PROJECT/Click_Kart/click_cart/apps/transaction/models.py changed, reloading.
2024-05-22 01:27:37,377 django.utils.autoreload INFO     Watching for file changes with StatReloader
2024-05-22 01:27:40,532 django.utils.autoreload INFO     /home/noyonahammadkhan/Desktop/PHITRON BATCH 03/TEAM PROJECT/Click_Kart/click_cart/apps/transaction/models.py changed, reloading.
2024-05-22 01:27:40,835 django.utils.autoreload INFO     Watching for file changes with StatReloader
2024-05-22 01:28:37,051 django.utils.autoreload INFO     /home/noyonahammadkhan/Desktop/PHITRON BATCH 03/TEAM PROJECT/Click_Kart/click_cart/apps/transaction/models.py changed, reloading.
2024-05-22 01:28:37,370 django.utils.autoreload INFO     Watching for file changes with StatReloader
2024-05-23 17:17:23,139 django.utils.autoreload INFO     Watching for file changes with StatReloader
2024-05-23 17:17:51,485 django.utils.autoreload INFO     Watching for file changes with StatReloader
2024-05-23 17:17:59,933 django.request WARNING  Not Found: /
2024-05-23 17:18:00,971 django.request WARNING  Not Found: /favicon.ico
2024-05-23 17:18:24,662 django.utils.autoreload INFO     /home/noyonahammadkhan/Desktop/PHITRON BATCH 03/TEAM PROJECT/Click_Kart/click_cart/ecommerce/urls.py changed, reloading.
2024-05-23 17:18:25,030 django.utils.autoreload INFO     Watching for file changes with StatReloader
2024-05-23 17:18:29,355 django.utils.autoreload INFO     /home/noyonahammadkhan/Desktop/PHITRON BATCH 03/TEAM PROJECT/Click_Kart/click_cart/ecommerce/urls.py changed, reloading.
2024-05-23 17:18:29,746 django.utils.autoreload INFO     Watching for file changes with StatReloader
2024-05-23 17:18:32,019 django.utils.autoreload INFO     /home/noyonahammadkhan/Desktop/PHITRON BATCH 03/TEAM PROJECT/Click_Kart/click_cart/ecommerce/urls.py changed, reloading.
2024-05-23 17:18:32,404 django.utils.autoreload INFO     Watching for file changes with StatReloader
2024-05-23 17:18:34,687 django.utils.autoreload INFO     /home/noyonahammadkhan/Desktop/PHITRON BATCH 03/TEAM PROJECT/Click_Kart/click_cart/ecommerce/urls.py changed, reloading.
2024-05-23 17:18:35,027 django.utils.autoreload INFO     Watching for file changes with StatReloader
2024-05-23 17:19:28,153 django.utils.autoreload INFO     Watching for file changes with StatReloader
2024-05-23 17:19:44,746 django.utils.autoreload INFO     /home/noyonahammadkhan/Desktop/PHITRON BATCH 03/TEAM PROJECT/Click_Kart/click_cart/apps/transaction/views.py changed, reloading.
2024-05-23 17:19:45,167 django.utils.autoreload INFO     Watching for file changes with StatReloader
2024-05-23 17:19:52,632 django.utils.autoreload INFO     /home/noyonahammadkhan/Desktop/PHITRON BATCH 03/TEAM PROJECT/Click_Kart/click_cart/apps/transaction/views.py changed, reloading.
2024-05-23 17:19:52,972 django.utils.autoreload INFO     Watching for file changes with StatReloader
2024-05-23 17:20:14,620 django.utils.autoreload INFO     /home/noyonahammadkhan/Desktop/PHITRON BATCH 03/TEAM PROJECT/Click_Kart/click_cart/apps/transaction/views.py changed, reloading.
2024-05-23 17:20:15,074 django.utils.autoreload INFO     Watching for file changes with StatReloader
2024-05-23 17:20:53,125 django.utils.autoreload INFO     /home/noyonahammadkhan/Desktop/PHITRON BATCH 03/TEAM PROJECT/Click_Kart/click_cart/apps/transaction/views.py changed, reloading.
2024-05-23 17:20:53,442 django.utils.autoreload INFO     Watching for file changes with StatReloader
2024-05-23 17:20:56,747 django.utils.autoreload INFO     /home/noyonahammadkhan/Desktop/PHITRON BATCH 03/TEAM PROJECT/Click_Kart/click_cart/apps/transaction/views.py changed, reloading.
2024-05-23 17:20:57,082 django.utils.autoreload INFO     Watching for file changes with StatReloader
2024-05-23 17:20:59,357 django.utils.autoreload INFO     /home/noyonahammadkhan/Desktop/PHITRON BATCH 03/TEAM PROJECT/Click_Kart/click_cart/apps/transaction/views.py changed, reloading.
2024-05-23 17:20:59,884 django.utils.autoreload INFO     Watching for file changes with StatReloader
2024-05-23 17:21:17,562 django.utils.autoreload INFO     /home/noyonahammadkhan/Desktop/PHITRON BATCH 03/TEAM PROJECT/Click_Kart/click_cart/apps/transaction/views.py changed, reloading.
2024-05-23 17:21:17,885 django.utils.autoreload INFO     Watching for file changes with StatReloader
2024-05-23 17:21:21,172 django.utils.autoreload INFO     /home/noyonahammadkhan/Desktop/PHITRON BATCH 03/TEAM PROJECT/Click_Kart/click_cart/apps/transaction/views.py changed, reloading.
2024-05-23 17:21:21,493 django.utils.autoreload INFO     Watching for file changes with StatReloader
2024-05-23 17:21:23,789 django.utils.autoreload INFO     /home/noyonahammadkhan/Desktop/PHITRON BATCH 03/TEAM PROJECT/Click_Kart/click_cart/apps/transaction/views.py changed, reloading.
2024-05-23 17:21:24,127 django.utils.autoreload INFO     Watching for file changes with StatReloader
2024-05-23 17:21:27,438 django.utils.autoreload INFO     /home/noyonahammadkhan/Desktop/PHITRON BATCH 03/TEAM PROJECT/Click_Kart/click_cart/apps/transaction/views.py changed, reloading.
2024-05-23 17:21:27,763 django.utils.autoreload INFO     Watching for file changes with StatReloader
2024-05-23 17:21:31,052 django.utils.autoreload INFO     /home/noyonahammadkhan/Desktop/PHITRON BATCH 03/TEAM PROJECT/Click_Kart/click_cart/apps/transaction/views.py changed, reloading.
2024-05-23 17:21:31,374 django.utils.autoreload INFO     Watching for file changes with StatReloader
2024-05-23 17:21:33,633 django.utils.autoreload INFO     /home/noyonahammadkhan/Desktop/PHITRON BATCH 03/TEAM PROJECT/Click_Kart/click_cart/apps/transaction/views.py changed, reloading.
2024-05-23 17:21:33,933 django.utils.autoreload INFO     Watching for file changes with StatReloader
2024-05-23 17:21:52,569 django.utils.autoreload INFO     /home/noyonahammadkhan/Desktop/PHITRON BATCH 03/TEAM PROJECT/Click_Kart/click_cart/apps/transaction/views.py changed, reloading.
2024-05-23 17:21:52,926 django.utils.autoreload INFO     Watching for file changes with StatReloader
2024-05-23 17:21:56,262 django.utils.autoreload INFO     /home/noyonahammadkhan/Desktop/PHITRON BATCH 03/TEAM PROJECT/Click_Kart/click_cart/apps/transaction/views.py changed, reloading.
2024-05-23 17:21:56,566 django.utils.autoreload INFO     Watching for file changes with StatReloader
2024-05-23 17:22:00,256 django.request WARNING  Not Found: /
2024-05-23 17:22:23,968 django.request WARNING  Not Found: /api/v1/transactionstransactions/2/
2024-05-23 17:23:10,259 django.request WARNING  Not Found: /api/v1/transactionstransactions/2/
2024-05-23 17:25:23,889 django.request WARNING  Not Found: /api/v1/transactionstransactions/2/
2024-05-23 17:25:29,705 django.request WARNING  Not Found: /api/v1/transactionstransactions/2/
2024-05-23 17:25:59,510 django.utils.autoreload INFO     /home/noyonahammadkhan/Desktop/PHITRON BATCH 03/TEAM PROJECT/Click_Kart/click_cart/ecommerce/urls.py changed, reloading.
2024-05-23 17:25:59,886 django.utils.autoreload INFO     Watching for file changes with StatReloader
2024-05-23 17:26:03,000 django.request WARNING  Not Found: /api/v1/transactionstransactions/
2024-05-23 17:26:04,602 django.request WARNING  Not Found: /api/v1/transactionstransactions/
2024-05-23 17:31:35,078 django.utils.autoreload INFO     /home/noyonahammadkhan/Desktop/PHITRON BATCH 03/TEAM PROJECT/Click_Kart/click_cart/apps/transaction/views.py changed, reloading.
2024-05-23 17:31:35,587 django.utils.autoreload INFO     Watching for file changes with StatReloader
2024-05-23 17:31:38,958 django.utils.autoreload INFO     /home/noyonahammadkhan/Desktop/PHITRON BATCH 03/TEAM PROJECT/Click_Kart/click_cart/apps/transaction/views.py changed, reloading.
2024-05-23 17:31:39,338 django.utils.autoreload INFO     Watching for file changes with StatReloader
2024-05-23 17:31:48,815 django.utils.autoreload INFO     /home/noyonahammadkhan/Desktop/PHITRON BATCH 03/TEAM PROJECT/Click_Kart/click_cart/apps/transaction/views.py changed, reloading.
2024-05-23 17:31:49,158 django.utils.autoreload INFO     Watching for file changes with StatReloader
2024-05-23 17:32:10,650 django.request WARNING  Bad Request: /api/v1/transactions/
2024-05-23 17:32:28,248 django.utils.autoreload INFO     /home/noyonahammadkhan/Desktop/PHITRON BATCH 03/TEAM PROJECT/Click_Kart/click_cart/apps/transaction/views.py changed, reloading.
2024-05-23 17:32:28,621 django.utils.autoreload INFO     Watching for file changes with StatReloader
2024-05-23 17:32:30,004 django.utils.autoreload INFO     /home/noyonahammadkhan/Desktop/PHITRON BATCH 03/TEAM PROJECT/Click_Kart/click_cart/apps/transaction/views.py changed, reloading.
2024-05-23 17:32:30,372 django.utils.autoreload INFO     Watching for file changes with StatReloader
2024-05-23 17:33:05,341 django.utils.autoreload INFO     /home/noyonahammadkhan/Desktop/PHITRON BATCH 03/TEAM PROJECT/Click_Kart/click_cart/apps/transaction/views.py changed, reloading.
2024-05-23 17:33:05,810 django.utils.autoreload INFO     Watching for file changes with StatReloader
2024-05-24 21:21:35,066 django.utils.autoreload INFO     Watching for file changes with StatReloader
2024-05-24 21:21:38,053 django.request WARNING  Not Found: /
2024-05-24 21:21:43,840 django.request WARNING  Not Found: /admin
2024-05-24 21:21:49,901 django.request WARNING  Not Found: /admin
2024-05-24 21:23:30,040 django.request WARNING  Not Found: /favicon.ico
2024-05-24 21:38:48,960 django.utils.autoreload INFO     Watching for file changes with StatReloader
2024-05-24 21:38:52,431 django.request WARNING  Not Found: /
2024-06-02 17:48:46,131 django.utils.autoreload INFO     Watching for file changes with StatReloader
2024-06-02 17:54:38,926 django.utils.autoreload INFO     Watching for file changes with StatReloader
2024-06-02 17:54:56,070 django.request WARNING  Not Found: /
2024-06-02 17:54:56,286 django.request WARNING  Not Found: /favicon.ico
2024-06-02 17:58:52,181 django.request WARNING  Not Found: /api/v1/products/parentcategory/1aff6924-14f5-45c9-89d2-3ea3f3f88ac2/
2024-06-02 17:59:27,826 django.utils.autoreload INFO     D:\Phitron_Batch_3\Django\click_cart\apps\product\urls.py changed, reloading.
2024-06-02 17:59:30,019 django.utils.autoreload INFO     Watching for file changes with StatReloader
2024-06-02 18:01:45,641 django.request WARNING  Bad Request: /api/v1/products/subcategory/
2024-06-02 18:24:28,580 django.request WARNING  Bad Request: /api/v1/products/
2024-06-02 18:25:22,669 django.request WARNING  Bad Request: /api/v1/products/
2024-06-02 18:25:35,680 django.request WARNING  Bad Request: /api/v1/products/
2024-06-02 18:29:39,804 django.request WARNING  Bad Request: /api/v1/products/
2024-06-02 18:52:19,481 django.utils.autoreload INFO     Watching for file changes with StatReloader
2024-06-03 00:03:17,553 django.utils.autoreload INFO     Watching for file changes with StatReloader
2024-06-03 00:03:20,788 django.request WARNING  Not Found: /
2024-06-03 00:03:21,507 django.request WARNING  Not Found: /favicon.ico
2024-06-03 00:03:36,978 django.request WARNING  Not Found: /api/v1/carts/2/
2024-06-03 00:03:44,887 django.request WARNING  Not Found: /api/v1/carts/user_id=2/
2024-06-03 00:03:53,465 django.request WARNING  Not Found: /api/v1/carts/user_id=2/
2024-06-03 00:04:44,153 django.request WARNING  Not Found: /api/v1/carts/user_id=3/
2024-06-03 00:05:16,413 django.request WARNING  Not Found: /api/v1/carts/user_id=2/
2024-06-03 00:19:22,081 django.utils.autoreload INFO     /home/noyonahammadkhan/Desktop/PHITRON BATCH 03/TEAM PROJECT/Click_Kart/click_cart/apps/cart/models.py changed, reloading.
2024-06-03 00:19:22,613 django.utils.autoreload INFO     Watching for file changes with StatReloader
2024-06-03 00:20:25,244 django.utils.autoreload INFO     /home/noyonahammadkhan/Desktop/PHITRON BATCH 03/TEAM PROJECT/Click_Kart/click_cart/apps/cart/serializers.py changed, reloading.
2024-06-03 00:20:25,595 django.utils.autoreload INFO     Watching for file changes with StatReloader
2024-06-03 00:20:27,829 django.utils.autoreload INFO     /home/noyonahammadkhan/Desktop/PHITRON BATCH 03/TEAM PROJECT/Click_Kart/click_cart/apps/cart/serializers.py changed, reloading.
2024-06-03 00:20:28,207 django.utils.autoreload INFO     Watching for file changes with StatReloader
2024-06-03 00:20:42,824 django.utils.autoreload INFO     /home/noyonahammadkhan/Desktop/PHITRON BATCH 03/TEAM PROJECT/Click_Kart/click_cart/apps/cart/serializers.py changed, reloading.
2024-06-03 00:20:43,186 django.utils.autoreload INFO     Watching for file changes with StatReloader
2024-06-03 00:20:44,535 django.utils.autoreload INFO     /home/noyonahammadkhan/Desktop/PHITRON BATCH 03/TEAM PROJECT/Click_Kart/click_cart/apps/cart/serializers.py changed, reloading.
2024-06-03 00:20:44,916 django.utils.autoreload INFO     Watching for file changes with StatReloader
2024-06-03 00:20:53,391 django.utils.autoreload INFO     /home/noyonahammadkhan/Desktop/PHITRON BATCH 03/TEAM PROJECT/Click_Kart/click_cart/apps/cart/serializers.py changed, reloading.
2024-06-03 00:20:53,759 django.utils.autoreload INFO     Watching for file changes with StatReloader
2024-06-03 00:20:54,993 django.utils.autoreload INFO     /home/noyonahammadkhan/Desktop/PHITRON BATCH 03/TEAM PROJECT/Click_Kart/click_cart/apps/cart/serializers.py changed, reloading.
2024-06-03 00:20:55,320 django.utils.autoreload INFO     Watching for file changes with StatReloader
2024-06-03 00:20:57,668 django.utils.autoreload INFO     /home/noyonahammadkhan/Desktop/PHITRON BATCH 03/TEAM PROJECT/Click_Kart/click_cart/apps/cart/serializers.py changed, reloading.
2024-06-03 00:20:58,016 django.utils.autoreload INFO     Watching for file changes with StatReloader
2024-06-03 00:21:50,457 django.utils.autoreload INFO     /home/noyonahammadkhan/Desktop/PHITRON BATCH 03/TEAM PROJECT/Click_Kart/click_cart/apps/cart/serializers.py changed, reloading.
2024-06-03 00:21:50,797 django.utils.autoreload INFO     Watching for file changes with StatReloader
2024-06-03 00:22:03,217 django.request ERROR    Internal Server Error: /api/v1/carts/
Traceback (most recent call last):
  File "/home/noyonahammadkhan/Desktop/PHITRON BATCH 03/TEAM PROJECT/Click_Kart/env/lib64/python3.9/site-packages/django/core/handlers/exception.py", line 55, in inner
    response = get_response(request)
  File "/home/noyonahammadkhan/Desktop/PHITRON BATCH 03/TEAM PROJECT/Click_Kart/env/lib64/python3.9/site-packages/django/core/handlers/base.py", line 197, in _get_response
    response = wrapped_callback(request, *callback_args, **callback_kwargs)
  File "/home/noyonahammadkhan/Desktop/PHITRON BATCH 03/TEAM PROJECT/Click_Kart/env/lib64/python3.9/site-packages/django/views/decorators/csrf.py", line 56, in wrapper_view
    return view_func(*args, **kwargs)
  File "/home/noyonahammadkhan/Desktop/PHITRON BATCH 03/TEAM PROJECT/Click_Kart/env/lib64/python3.9/site-packages/rest_framework/viewsets.py", line 124, in view
    return self.dispatch(request, *args, **kwargs)
  File "/home/noyonahammadkhan/Desktop/PHITRON BATCH 03/TEAM PROJECT/Click_Kart/env/lib64/python3.9/site-packages/rest_framework/views.py", line 509, in dispatch
    response = self.handle_exception(exc)
  File "/home/noyonahammadkhan/Desktop/PHITRON BATCH 03/TEAM PROJECT/Click_Kart/env/lib64/python3.9/site-packages/rest_framework/views.py", line 469, in handle_exception
    self.raise_uncaught_exception(exc)
  File "/home/noyonahammadkhan/Desktop/PHITRON BATCH 03/TEAM PROJECT/Click_Kart/env/lib64/python3.9/site-packages/rest_framework/views.py", line 480, in raise_uncaught_exception
    raise exc
  File "/home/noyonahammadkhan/Desktop/PHITRON BATCH 03/TEAM PROJECT/Click_Kart/env/lib64/python3.9/site-packages/rest_framework/views.py", line 506, in dispatch
    response = handler(request, *args, **kwargs)
  File "/home/noyonahammadkhan/Desktop/PHITRON BATCH 03/TEAM PROJECT/Click_Kart/env/lib64/python3.9/site-packages/rest_framework/mixins.py", line 46, in list
    return Response(serializer.data)
  File "/home/noyonahammadkhan/Desktop/PHITRON BATCH 03/TEAM PROJECT/Click_Kart/env/lib64/python3.9/site-packages/rest_framework/serializers.py", line 795, in data
    ret = super().data
  File "/home/noyonahammadkhan/Desktop/PHITRON BATCH 03/TEAM PROJECT/Click_Kart/env/lib64/python3.9/site-packages/rest_framework/serializers.py", line 249, in data
    self._data = self.to_representation(self.instance)
  File "/home/noyonahammadkhan/Desktop/PHITRON BATCH 03/TEAM PROJECT/Click_Kart/env/lib64/python3.9/site-packages/rest_framework/serializers.py", line 713, in to_representation
    return [
  File "/home/noyonahammadkhan/Desktop/PHITRON BATCH 03/TEAM PROJECT/Click_Kart/env/lib64/python3.9/site-packages/rest_framework/serializers.py", line 714, in <listcomp>
    self.child.to_representation(item) for item in iterable
  File "/home/noyonahammadkhan/Desktop/PHITRON BATCH 03/TEAM PROJECT/Click_Kart/env/lib64/python3.9/site-packages/rest_framework/serializers.py", line 523, in to_representation
    for field in fields:
  File "/home/noyonahammadkhan/Desktop/PHITRON BATCH 03/TEAM PROJECT/Click_Kart/env/lib64/python3.9/site-packages/rest_framework/serializers.py", line 384, in _readable_fields
    for field in self.fields.values():
  File "/home/noyonahammadkhan/Desktop/PHITRON BATCH 03/TEAM PROJECT/Click_Kart/env/lib64/python3.9/site-packages/django/utils/functional.py", line 57, in __get__
    res = instance.__dict__[self.name] = self.func(instance)
  File "/home/noyonahammadkhan/Desktop/PHITRON BATCH 03/TEAM PROJECT/Click_Kart/env/lib64/python3.9/site-packages/rest_framework/serializers.py", line 372, in fields
    for key, value in self.get_fields().items():
  File "/home/noyonahammadkhan/Desktop/PHITRON BATCH 03/TEAM PROJECT/Click_Kart/env/lib64/python3.9/site-packages/rest_framework/serializers.py", line 1079, in get_fields
    field_names = self.get_field_names(declared_fields, info)
  File "/home/noyonahammadkhan/Desktop/PHITRON BATCH 03/TEAM PROJECT/Click_Kart/env/lib64/python3.9/site-packages/rest_framework/serializers.py", line 1175, in get_field_names
    assert field_name in fields, (
AssertionError: The field 'cart_products' was declared on serializer CartSerializer, but has not been included in the 'fields' option.
2024-06-03 00:22:19,862 django.utils.autoreload INFO     /home/noyonahammadkhan/Desktop/PHITRON BATCH 03/TEAM PROJECT/Click_Kart/click_cart/apps/cart/serializers.py changed, reloading.
2024-06-03 00:22:20,219 django.utils.autoreload INFO     Watching for file changes with StatReloader
2024-06-03 00:22:23,557 django.utils.autoreload INFO     /home/noyonahammadkhan/Desktop/PHITRON BATCH 03/TEAM PROJECT/Click_Kart/click_cart/apps/cart/serializers.py changed, reloading.
2024-06-03 00:22:23,933 django.utils.autoreload INFO     Watching for file changes with StatReloader
2024-06-03 00:22:27,233 django.utils.autoreload INFO     /home/noyonahammadkhan/Desktop/PHITRON BATCH 03/TEAM PROJECT/Click_Kart/click_cart/apps/cart/serializers.py changed, reloading.
2024-06-03 00:22:27,591 django.utils.autoreload INFO     Watching for file changes with StatReloader
2024-06-03 00:22:33,940 django.utils.autoreload INFO     /home/noyonahammadkhan/Desktop/PHITRON BATCH 03/TEAM PROJECT/Click_Kart/click_cart/apps/cart/serializers.py changed, reloading.
2024-06-03 00:22:34,416 django.utils.autoreload INFO     Watching for file changes with StatReloader
2024-06-03 00:22:42,873 django.utils.autoreload INFO     /home/noyonahammadkhan/Desktop/PHITRON BATCH 03/TEAM PROJECT/Click_Kart/click_cart/apps/cart/serializers.py changed, reloading.
2024-06-03 00:22:43,192 django.utils.autoreload INFO     Watching for file changes with StatReloader
2024-06-03 00:22:48,516 django.utils.autoreload INFO     /home/noyonahammadkhan/Desktop/PHITRON BATCH 03/TEAM PROJECT/Click_Kart/click_cart/apps/cart/serializers.py changed, reloading.
2024-06-03 00:22:48,866 django.utils.autoreload INFO     Watching for file changes with StatReloader
2024-06-03 00:23:07,457 django.utils.autoreload INFO     /home/noyonahammadkhan/Desktop/PHITRON BATCH 03/TEAM PROJECT/Click_Kart/click_cart/apps/cart/serializers.py changed, reloading.
2024-06-03 00:23:07,894 django.utils.autoreload INFO     Watching for file changes with StatReloader
2024-06-03 00:23:09,130 django.utils.autoreload INFO     /home/noyonahammadkhan/Desktop/PHITRON BATCH 03/TEAM PROJECT/Click_Kart/click_cart/apps/cart/serializers.py changed, reloading.
2024-06-03 00:23:09,445 django.utils.autoreload INFO     Watching for file changes with StatReloader
2024-06-03 00:23:12,245 django.request ERROR    Internal Server Error: /api/v1/carts/
Traceback (most recent call last):
  File "/home/noyonahammadkhan/Desktop/PHITRON BATCH 03/TEAM PROJECT/Click_Kart/env/lib64/python3.9/site-packages/django/core/handlers/exception.py", line 55, in inner
    response = get_response(request)
  File "/home/noyonahammadkhan/Desktop/PHITRON BATCH 03/TEAM PROJECT/Click_Kart/env/lib64/python3.9/site-packages/django/core/handlers/base.py", line 197, in _get_response
    response = wrapped_callback(request, *callback_args, **callback_kwargs)
  File "/home/noyonahammadkhan/Desktop/PHITRON BATCH 03/TEAM PROJECT/Click_Kart/env/lib64/python3.9/site-packages/django/views/decorators/csrf.py", line 56, in wrapper_view
    return view_func(*args, **kwargs)
  File "/home/noyonahammadkhan/Desktop/PHITRON BATCH 03/TEAM PROJECT/Click_Kart/env/lib64/python3.9/site-packages/rest_framework/viewsets.py", line 124, in view
    return self.dispatch(request, *args, **kwargs)
  File "/home/noyonahammadkhan/Desktop/PHITRON BATCH 03/TEAM PROJECT/Click_Kart/env/lib64/python3.9/site-packages/rest_framework/views.py", line 509, in dispatch
    response = self.handle_exception(exc)
  File "/home/noyonahammadkhan/Desktop/PHITRON BATCH 03/TEAM PROJECT/Click_Kart/env/lib64/python3.9/site-packages/rest_framework/views.py", line 469, in handle_exception
    self.raise_uncaught_exception(exc)
  File "/home/noyonahammadkhan/Desktop/PHITRON BATCH 03/TEAM PROJECT/Click_Kart/env/lib64/python3.9/site-packages/rest_framework/views.py", line 480, in raise_uncaught_exception
    raise exc
  File "/home/noyonahammadkhan/Desktop/PHITRON BATCH 03/TEAM PROJECT/Click_Kart/env/lib64/python3.9/site-packages/rest_framework/views.py", line 506, in dispatch
    response = handler(request, *args, **kwargs)
  File "/home/noyonahammadkhan/Desktop/PHITRON BATCH 03/TEAM PROJECT/Click_Kart/env/lib64/python3.9/site-packages/rest_framework/mixins.py", line 46, in list
    return Response(serializer.data)
  File "/home/noyonahammadkhan/Desktop/PHITRON BATCH 03/TEAM PROJECT/Click_Kart/env/lib64/python3.9/site-packages/rest_framework/serializers.py", line 795, in data
    ret = super().data
  File "/home/noyonahammadkhan/Desktop/PHITRON BATCH 03/TEAM PROJECT/Click_Kart/env/lib64/python3.9/site-packages/rest_framework/serializers.py", line 249, in data
    self._data = self.to_representation(self.instance)
  File "/home/noyonahammadkhan/Desktop/PHITRON BATCH 03/TEAM PROJECT/Click_Kart/env/lib64/python3.9/site-packages/rest_framework/serializers.py", line 713, in to_representation
    return [
  File "/home/noyonahammadkhan/Desktop/PHITRON BATCH 03/TEAM PROJECT/Click_Kart/env/lib64/python3.9/site-packages/rest_framework/serializers.py", line 714, in <listcomp>
    self.child.to_representation(item) for item in iterable
  File "/home/noyonahammadkhan/Desktop/PHITRON BATCH 03/TEAM PROJECT/Click_Kart/env/lib64/python3.9/site-packages/rest_framework/serializers.py", line 523, in to_representation
    for field in fields:
  File "/home/noyonahammadkhan/Desktop/PHITRON BATCH 03/TEAM PROJECT/Click_Kart/env/lib64/python3.9/site-packages/rest_framework/serializers.py", line 384, in _readable_fields
    for field in self.fields.values():
  File "/home/noyonahammadkhan/Desktop/PHITRON BATCH 03/TEAM PROJECT/Click_Kart/env/lib64/python3.9/site-packages/django/utils/functional.py", line 57, in __get__
    res = instance.__dict__[self.name] = self.func(instance)
  File "/home/noyonahammadkhan/Desktop/PHITRON BATCH 03/TEAM PROJECT/Click_Kart/env/lib64/python3.9/site-packages/rest_framework/serializers.py", line 372, in fields
    for key, value in self.get_fields().items():
  File "/home/noyonahammadkhan/Desktop/PHITRON BATCH 03/TEAM PROJECT/Click_Kart/env/lib64/python3.9/site-packages/rest_framework/serializers.py", line 1103, in get_fields
    field_class, field_kwargs = self.build_field(
  File "/home/noyonahammadkhan/Desktop/PHITRON BATCH 03/TEAM PROJECT/Click_Kart/env/lib64/python3.9/site-packages/rest_framework/serializers.py", line 1249, in build_field
    return self.build_unknown_field(field_name, model_class)
  File "/home/noyonahammadkhan/Desktop/PHITRON BATCH 03/TEAM PROJECT/Click_Kart/env/lib64/python3.9/site-packages/rest_framework/serializers.py", line 1367, in build_unknown_field
    raise ImproperlyConfigured(
django.core.exceptions.ImproperlyConfigured: Field name `product` is not valid for model `Cart` in `apps.cart.serializers.CartSerializer`.
2024-06-03 00:23:25,129 django.utils.autoreload INFO     /home/noyonahammadkhan/Desktop/PHITRON BATCH 03/TEAM PROJECT/Click_Kart/click_cart/apps/cart/serializers.py changed, reloading.
2024-06-03 00:23:25,517 django.utils.autoreload INFO     Watching for file changes with StatReloader
2024-06-03 00:23:26,744 django.utils.autoreload INFO     /home/noyonahammadkhan/Desktop/PHITRON BATCH 03/TEAM PROJECT/Click_Kart/click_cart/apps/cart/serializers.py changed, reloading.
2024-06-03 00:23:27,122 django.utils.autoreload INFO     Watching for file changes with StatReloader
2024-06-03 00:23:29,409 django.request ERROR    Internal Server Error: /api/v1/carts/
Traceback (most recent call last):
  File "/home/noyonahammadkhan/Desktop/PHITRON BATCH 03/TEAM PROJECT/Click_Kart/env/lib64/python3.9/site-packages/django/core/handlers/exception.py", line 55, in inner
    response = get_response(request)
  File "/home/noyonahammadkhan/Desktop/PHITRON BATCH 03/TEAM PROJECT/Click_Kart/env/lib64/python3.9/site-packages/django/core/handlers/base.py", line 197, in _get_response
    response = wrapped_callback(request, *callback_args, **callback_kwargs)
  File "/home/noyonahammadkhan/Desktop/PHITRON BATCH 03/TEAM PROJECT/Click_Kart/env/lib64/python3.9/site-packages/django/views/decorators/csrf.py", line 56, in wrapper_view
    return view_func(*args, **kwargs)
  File "/home/noyonahammadkhan/Desktop/PHITRON BATCH 03/TEAM PROJECT/Click_Kart/env/lib64/python3.9/site-packages/rest_framework/viewsets.py", line 124, in view
    return self.dispatch(request, *args, **kwargs)
  File "/home/noyonahammadkhan/Desktop/PHITRON BATCH 03/TEAM PROJECT/Click_Kart/env/lib64/python3.9/site-packages/rest_framework/views.py", line 509, in dispatch
    response = self.handle_exception(exc)
  File "/home/noyonahammadkhan/Desktop/PHITRON BATCH 03/TEAM PROJECT/Click_Kart/env/lib64/python3.9/site-packages/rest_framework/views.py", line 469, in handle_exception
    self.raise_uncaught_exception(exc)
  File "/home/noyonahammadkhan/Desktop/PHITRON BATCH 03/TEAM PROJECT/Click_Kart/env/lib64/python3.9/site-packages/rest_framework/views.py", line 480, in raise_uncaught_exception
    raise exc
  File "/home/noyonahammadkhan/Desktop/PHITRON BATCH 03/TEAM PROJECT/Click_Kart/env/lib64/python3.9/site-packages/rest_framework/views.py", line 506, in dispatch
    response = handler(request, *args, **kwargs)
  File "/home/noyonahammadkhan/Desktop/PHITRON BATCH 03/TEAM PROJECT/Click_Kart/env/lib64/python3.9/site-packages/rest_framework/mixins.py", line 46, in list
    return Response(serializer.data)
  File "/home/noyonahammadkhan/Desktop/PHITRON BATCH 03/TEAM PROJECT/Click_Kart/env/lib64/python3.9/site-packages/rest_framework/serializers.py", line 795, in data
    ret = super().data
  File "/home/noyonahammadkhan/Desktop/PHITRON BATCH 03/TEAM PROJECT/Click_Kart/env/lib64/python3.9/site-packages/rest_framework/serializers.py", line 249, in data
    self._data = self.to_representation(self.instance)
  File "/home/noyonahammadkhan/Desktop/PHITRON BATCH 03/TEAM PROJECT/Click_Kart/env/lib64/python3.9/site-packages/rest_framework/serializers.py", line 713, in to_representation
    return [
  File "/home/noyonahammadkhan/Desktop/PHITRON BATCH 03/TEAM PROJECT/Click_Kart/env/lib64/python3.9/site-packages/rest_framework/serializers.py", line 714, in <listcomp>
    self.child.to_representation(item) for item in iterable
  File "/home/noyonahammadkhan/Desktop/PHITRON BATCH 03/TEAM PROJECT/Click_Kart/env/lib64/python3.9/site-packages/rest_framework/serializers.py", line 523, in to_representation
    for field in fields:
  File "/home/noyonahammadkhan/Desktop/PHITRON BATCH 03/TEAM PROJECT/Click_Kart/env/lib64/python3.9/site-packages/rest_framework/serializers.py", line 384, in _readable_fields
    for field in self.fields.values():
  File "/home/noyonahammadkhan/Desktop/PHITRON BATCH 03/TEAM PROJECT/Click_Kart/env/lib64/python3.9/site-packages/django/utils/functional.py", line 57, in __get__
    res = instance.__dict__[self.name] = self.func(instance)
  File "/home/noyonahammadkhan/Desktop/PHITRON BATCH 03/TEAM PROJECT/Click_Kart/env/lib64/python3.9/site-packages/rest_framework/serializers.py", line 372, in fields
    for key, value in self.get_fields().items():
  File "/home/noyonahammadkhan/Desktop/PHITRON BATCH 03/TEAM PROJECT/Click_Kart/env/lib64/python3.9/site-packages/rest_framework/serializers.py", line 1103, in get_fields
    field_class, field_kwargs = self.build_field(
  File "/home/noyonahammadkhan/Desktop/PHITRON BATCH 03/TEAM PROJECT/Click_Kart/env/lib64/python3.9/site-packages/rest_framework/serializers.py", line 1249, in build_field
    return self.build_unknown_field(field_name, model_class)
  File "/home/noyonahammadkhan/Desktop/PHITRON BATCH 03/TEAM PROJECT/Click_Kart/env/lib64/python3.9/site-packages/rest_framework/serializers.py", line 1367, in build_unknown_field
    raise ImproperlyConfigured(
django.core.exceptions.ImproperlyConfigured: Field name `quantity` is not valid for model `Cart` in `apps.cart.serializers.CartSerializer`.
2024-06-03 00:23:40,783 django.utils.autoreload INFO     /home/noyonahammadkhan/Desktop/PHITRON BATCH 03/TEAM PROJECT/Click_Kart/click_cart/apps/cart/serializers.py changed, reloading.
2024-06-03 00:23:41,119 django.utils.autoreload INFO     Watching for file changes with StatReloader
2024-06-03 00:23:56,833 django.request ERROR    Internal Server Error: /api/v1/carts/
Traceback (most recent call last):
  File "/home/noyonahammadkhan/Desktop/PHITRON BATCH 03/TEAM PROJECT/Click_Kart/env/lib64/python3.9/site-packages/django/db/backends/utils.py", line 89, in _execute
    return self.cursor.execute(sql, params)
  File "/home/noyonahammadkhan/Desktop/PHITRON BATCH 03/TEAM PROJECT/Click_Kart/env/lib64/python3.9/site-packages/django/db/backends/sqlite3/base.py", line 328, in execute
    return super().execute(query, params)
sqlite3.IntegrityError: NOT NULL constraint failed: cart_cart.quantity

The above exception was the direct cause of the following exception:

Traceback (most recent call last):
  File "/home/noyonahammadkhan/Desktop/PHITRON BATCH 03/TEAM PROJECT/Click_Kart/env/lib64/python3.9/site-packages/django/core/handlers/exception.py", line 55, in inner
    response = get_response(request)
  File "/home/noyonahammadkhan/Desktop/PHITRON BATCH 03/TEAM PROJECT/Click_Kart/env/lib64/python3.9/site-packages/django/core/handlers/base.py", line 197, in _get_response
    response = wrapped_callback(request, *callback_args, **callback_kwargs)
  File "/home/noyonahammadkhan/Desktop/PHITRON BATCH 03/TEAM PROJECT/Click_Kart/env/lib64/python3.9/site-packages/django/views/decorators/csrf.py", line 56, in wrapper_view
    return view_func(*args, **kwargs)
  File "/home/noyonahammadkhan/Desktop/PHITRON BATCH 03/TEAM PROJECT/Click_Kart/env/lib64/python3.9/site-packages/rest_framework/viewsets.py", line 124, in view
    return self.dispatch(request, *args, **kwargs)
  File "/home/noyonahammadkhan/Desktop/PHITRON BATCH 03/TEAM PROJECT/Click_Kart/env/lib64/python3.9/site-packages/rest_framework/views.py", line 509, in dispatch
    response = self.handle_exception(exc)
  File "/home/noyonahammadkhan/Desktop/PHITRON BATCH 03/TEAM PROJECT/Click_Kart/env/lib64/python3.9/site-packages/rest_framework/views.py", line 469, in handle_exception
    self.raise_uncaught_exception(exc)
  File "/home/noyonahammadkhan/Desktop/PHITRON BATCH 03/TEAM PROJECT/Click_Kart/env/lib64/python3.9/site-packages/rest_framework/views.py", line 480, in raise_uncaught_exception
    raise exc
  File "/home/noyonahammadkhan/Desktop/PHITRON BATCH 03/TEAM PROJECT/Click_Kart/env/lib64/python3.9/site-packages/rest_framework/views.py", line 506, in dispatch
    response = handler(request, *args, **kwargs)
  File "/home/noyonahammadkhan/Desktop/PHITRON BATCH 03/TEAM PROJECT/Click_Kart/env/lib64/python3.9/site-packages/rest_framework/mixins.py", line 19, in create
    self.perform_create(serializer)
  File "/home/noyonahammadkhan/Desktop/PHITRON BATCH 03/TEAM PROJECT/Click_Kart/env/lib64/python3.9/site-packages/rest_framework/mixins.py", line 24, in perform_create
    serializer.save()
  File "/home/noyonahammadkhan/Desktop/PHITRON BATCH 03/TEAM PROJECT/Click_Kart/env/lib64/python3.9/site-packages/rest_framework/serializers.py", line 208, in save
    self.instance = self.create(validated_data)
  File "/home/noyonahammadkhan/Desktop/PHITRON BATCH 03/TEAM PROJECT/Click_Kart/env/lib64/python3.9/site-packages/rest_framework/serializers.py", line 989, in create
    instance = ModelClass._default_manager.create(**validated_data)
  File "/home/noyonahammadkhan/Desktop/PHITRON BATCH 03/TEAM PROJECT/Click_Kart/env/lib64/python3.9/site-packages/django/db/models/manager.py", line 87, in manager_method
    return getattr(self.get_queryset(), name)(*args, **kwargs)
  File "/home/noyonahammadkhan/Desktop/PHITRON BATCH 03/TEAM PROJECT/Click_Kart/env/lib64/python3.9/site-packages/django/db/models/query.py", line 658, in create
    obj.save(force_insert=True, using=self.db)
  File "/home/noyonahammadkhan/Desktop/PHITRON BATCH 03/TEAM PROJECT/Click_Kart/env/lib64/python3.9/site-packages/django/db/models/base.py", line 814, in save
    self.save_base(
  File "/home/noyonahammadkhan/Desktop/PHITRON BATCH 03/TEAM PROJECT/Click_Kart/env/lib64/python3.9/site-packages/django/db/models/base.py", line 877, in save_base
    updated = self._save_table(
  File "/home/noyonahammadkhan/Desktop/PHITRON BATCH 03/TEAM PROJECT/Click_Kart/env/lib64/python3.9/site-packages/django/db/models/base.py", line 1020, in _save_table
    results = self._do_insert(
  File "/home/noyonahammadkhan/Desktop/PHITRON BATCH 03/TEAM PROJECT/Click_Kart/env/lib64/python3.9/site-packages/django/db/models/base.py", line 1061, in _do_insert
    return manager._insert(
  File "/home/noyonahammadkhan/Desktop/PHITRON BATCH 03/TEAM PROJECT/Click_Kart/env/lib64/python3.9/site-packages/django/db/models/manager.py", line 87, in manager_method
    return getattr(self.get_queryset(), name)(*args, **kwargs)
  File "/home/noyonahammadkhan/Desktop/PHITRON BATCH 03/TEAM PROJECT/Click_Kart/env/lib64/python3.9/site-packages/django/db/models/query.py", line 1805, in _insert
    return query.get_compiler(using=using).execute_sql(returning_fields)
  File "/home/noyonahammadkhan/Desktop/PHITRON BATCH 03/TEAM PROJECT/Click_Kart/env/lib64/python3.9/site-packages/django/db/models/sql/compiler.py", line 1822, in execute_sql
    cursor.execute(sql, params)
  File "/home/noyonahammadkhan/Desktop/PHITRON BATCH 03/TEAM PROJECT/Click_Kart/env/lib64/python3.9/site-packages/django/db/backends/utils.py", line 102, in execute
    return super().execute(sql, params)
  File "/home/noyonahammadkhan/Desktop/PHITRON BATCH 03/TEAM PROJECT/Click_Kart/env/lib64/python3.9/site-packages/django/db/backends/utils.py", line 67, in execute
    return self._execute_with_wrappers(
  File "/home/noyonahammadkhan/Desktop/PHITRON BATCH 03/TEAM PROJECT/Click_Kart/env/lib64/python3.9/site-packages/django/db/backends/utils.py", line 80, in _execute_with_wrappers
    return executor(sql, params, many, context)
  File "/home/noyonahammadkhan/Desktop/PHITRON BATCH 03/TEAM PROJECT/Click_Kart/env/lib64/python3.9/site-packages/django/db/backends/utils.py", line 89, in _execute
    return self.cursor.execute(sql, params)
  File "/home/noyonahammadkhan/Desktop/PHITRON BATCH 03/TEAM PROJECT/Click_Kart/env/lib64/python3.9/site-packages/django/db/utils.py", line 91, in __exit__
    raise dj_exc_value.with_traceback(traceback) from exc_value
  File "/home/noyonahammadkhan/Desktop/PHITRON BATCH 03/TEAM PROJECT/Click_Kart/env/lib64/python3.9/site-packages/django/db/backends/utils.py", line 89, in _execute
    return self.cursor.execute(sql, params)
  File "/home/noyonahammadkhan/Desktop/PHITRON BATCH 03/TEAM PROJECT/Click_Kart/env/lib64/python3.9/site-packages/django/db/backends/sqlite3/base.py", line 328, in execute
    return super().execute(query, params)
django.db.utils.IntegrityError: NOT NULL constraint failed: cart_cart.quantity
2024-06-03 00:24:29,306 django.utils.autoreload INFO     Watching for file changes with StatReloader
2024-06-03 00:24:44,272 django.request WARNING  Bad Request: /api/v1/carts/
2024-06-03 00:24:50,864 django.request WARNING  Bad Request: /api/v1/carts/
2024-06-03 00:24:54,573 django.request WARNING  Bad Request: /api/v1/carts/
2024-06-03 00:25:14,463 django.request WARNING  Not Found: /api/v1/carts/1/
2024-06-03 00:26:41,317 django.utils.autoreload INFO     /home/noyonahammadkhan/Desktop/PHITRON BATCH 03/TEAM PROJECT/Click_Kart/click_cart/apps/cart/serializers.py changed, reloading.
2024-06-03 00:26:41,700 django.utils.autoreload INFO     Watching for file changes with StatReloader
2024-06-03 00:26:47,134 django.utils.autoreload INFO     /home/noyonahammadkhan/Desktop/PHITRON BATCH 03/TEAM PROJECT/Click_Kart/click_cart/apps/cart/serializers.py changed, reloading.
2024-06-03 00:26:47,470 django.utils.autoreload INFO     Watching for file changes with StatReloader
2024-06-03 00:28:28,874 django.utils.autoreload INFO     /home/noyonahammadkhan/Desktop/PHITRON BATCH 03/TEAM PROJECT/Click_Kart/click_cart/apps/cart/urls.py changed, reloading.
2024-06-03 00:28:29,297 django.utils.autoreload INFO     Watching for file changes with StatReloader
2024-06-03 00:29:06,164 django.utils.autoreload INFO     Watching for file changes with StatReloader
2024-06-03 00:29:31,076 django.utils.autoreload INFO     /home/noyonahammadkhan/Desktop/PHITRON BATCH 03/TEAM PROJECT/Click_Kart/click_cart/apps/cart/views.py changed, reloading.
2024-06-03 00:29:31,423 django.utils.autoreload INFO     Watching for file changes with StatReloader
2024-06-03 00:29:53,160 django.utils.autoreload INFO     /home/noyonahammadkhan/Desktop/PHITRON BATCH 03/TEAM PROJECT/Click_Kart/click_cart/apps/cart/views.py changed, reloading.
2024-06-03 00:29:53,660 django.utils.autoreload INFO     Watching for file changes with StatReloader
2024-06-03 00:30:09,502 django.utils.autoreload INFO     Watching for file changes with StatReloader
2024-06-03 00:30:21,789 django.request ERROR    Internal Server Error: /api/v1/cart/
Traceback (most recent call last):
  File "/home/noyonahammadkhan/Desktop/PHITRON BATCH 03/TEAM PROJECT/Click_Kart/env/lib64/python3.9/site-packages/django/core/handlers/exception.py", line 55, in inner
    response = get_response(request)
  File "/home/noyonahammadkhan/Desktop/PHITRON BATCH 03/TEAM PROJECT/Click_Kart/env/lib64/python3.9/site-packages/django/core/handlers/base.py", line 197, in _get_response
    response = wrapped_callback(request, *callback_args, **callback_kwargs)
  File "/home/noyonahammadkhan/Desktop/PHITRON BATCH 03/TEAM PROJECT/Click_Kart/env/lib64/python3.9/site-packages/django/views/decorators/csrf.py", line 56, in wrapper_view
    return view_func(*args, **kwargs)
  File "/home/noyonahammadkhan/Desktop/PHITRON BATCH 03/TEAM PROJECT/Click_Kart/env/lib64/python3.9/site-packages/rest_framework/viewsets.py", line 124, in view
    return self.dispatch(request, *args, **kwargs)
  File "/home/noyonahammadkhan/Desktop/PHITRON BATCH 03/TEAM PROJECT/Click_Kart/env/lib64/python3.9/site-packages/rest_framework/views.py", line 509, in dispatch
    response = self.handle_exception(exc)
  File "/home/noyonahammadkhan/Desktop/PHITRON BATCH 03/TEAM PROJECT/Click_Kart/env/lib64/python3.9/site-packages/rest_framework/views.py", line 469, in handle_exception
    self.raise_uncaught_exception(exc)
  File "/home/noyonahammadkhan/Desktop/PHITRON BATCH 03/TEAM PROJECT/Click_Kart/env/lib64/python3.9/site-packages/rest_framework/views.py", line 480, in raise_uncaught_exception
    raise exc
  File "/home/noyonahammadkhan/Desktop/PHITRON BATCH 03/TEAM PROJECT/Click_Kart/env/lib64/python3.9/site-packages/rest_framework/views.py", line 506, in dispatch
    response = handler(request, *args, **kwargs)
  File "/home/noyonahammadkhan/Desktop/PHITRON BATCH 03/TEAM PROJECT/Click_Kart/env/lib64/python3.9/site-packages/rest_framework/mixins.py", line 20, in create
    headers = self.get_success_headers(serializer.data)
  File "/home/noyonahammadkhan/Desktop/PHITRON BATCH 03/TEAM PROJECT/Click_Kart/env/lib64/python3.9/site-packages/rest_framework/serializers.py", line 571, in data
    ret = super().data
  File "/home/noyonahammadkhan/Desktop/PHITRON BATCH 03/TEAM PROJECT/Click_Kart/env/lib64/python3.9/site-packages/rest_framework/serializers.py", line 249, in data
    self._data = self.to_representation(self.instance)
  File "/home/noyonahammadkhan/Desktop/PHITRON BATCH 03/TEAM PROJECT/Click_Kart/env/lib64/python3.9/site-packages/rest_framework/serializers.py", line 538, in to_representation
    ret[field.field_name] = field.to_representation(attribute)
  File "/home/noyonahammadkhan/Desktop/PHITRON BATCH 03/TEAM PROJECT/Click_Kart/env/lib64/python3.9/site-packages/rest_framework/relations.py", line 564, in to_representation
    return [
TypeError: 'UUID' object is not iterable
2024-06-03 00:30:38,873 django.request ERROR    Internal Server Error: /api/v1/cart/
Traceback (most recent call last):
  File "/home/noyonahammadkhan/Desktop/PHITRON BATCH 03/TEAM PROJECT/Click_Kart/env/lib64/python3.9/site-packages/django/core/handlers/exception.py", line 55, in inner
    response = get_response(request)
  File "/home/noyonahammadkhan/Desktop/PHITRON BATCH 03/TEAM PROJECT/Click_Kart/env/lib64/python3.9/site-packages/django/core/handlers/base.py", line 197, in _get_response
    response = wrapped_callback(request, *callback_args, **callback_kwargs)
  File "/home/noyonahammadkhan/Desktop/PHITRON BATCH 03/TEAM PROJECT/Click_Kart/env/lib64/python3.9/site-packages/django/views/decorators/csrf.py", line 56, in wrapper_view
    return view_func(*args, **kwargs)
  File "/home/noyonahammadkhan/Desktop/PHITRON BATCH 03/TEAM PROJECT/Click_Kart/env/lib64/python3.9/site-packages/rest_framework/viewsets.py", line 124, in view
    return self.dispatch(request, *args, **kwargs)
  File "/home/noyonahammadkhan/Desktop/PHITRON BATCH 03/TEAM PROJECT/Click_Kart/env/lib64/python3.9/site-packages/rest_framework/views.py", line 509, in dispatch
    response = self.handle_exception(exc)
  File "/home/noyonahammadkhan/Desktop/PHITRON BATCH 03/TEAM PROJECT/Click_Kart/env/lib64/python3.9/site-packages/rest_framework/views.py", line 469, in handle_exception
    self.raise_uncaught_exception(exc)
  File "/home/noyonahammadkhan/Desktop/PHITRON BATCH 03/TEAM PROJECT/Click_Kart/env/lib64/python3.9/site-packages/rest_framework/views.py", line 480, in raise_uncaught_exception
    raise exc
  File "/home/noyonahammadkhan/Desktop/PHITRON BATCH 03/TEAM PROJECT/Click_Kart/env/lib64/python3.9/site-packages/rest_framework/views.py", line 506, in dispatch
    response = handler(request, *args, **kwargs)
  File "/home/noyonahammadkhan/Desktop/PHITRON BATCH 03/TEAM PROJECT/Click_Kart/env/lib64/python3.9/site-packages/rest_framework/mixins.py", line 20, in create
    headers = self.get_success_headers(serializer.data)
  File "/home/noyonahammadkhan/Desktop/PHITRON BATCH 03/TEAM PROJECT/Click_Kart/env/lib64/python3.9/site-packages/rest_framework/serializers.py", line 571, in data
    ret = super().data
  File "/home/noyonahammadkhan/Desktop/PHITRON BATCH 03/TEAM PROJECT/Click_Kart/env/lib64/python3.9/site-packages/rest_framework/serializers.py", line 249, in data
    self._data = self.to_representation(self.instance)
  File "/home/noyonahammadkhan/Desktop/PHITRON BATCH 03/TEAM PROJECT/Click_Kart/env/lib64/python3.9/site-packages/rest_framework/serializers.py", line 538, in to_representation
    ret[field.field_name] = field.to_representation(attribute)
  File "/home/noyonahammadkhan/Desktop/PHITRON BATCH 03/TEAM PROJECT/Click_Kart/env/lib64/python3.9/site-packages/rest_framework/relations.py", line 564, in to_representation
    return [
TypeError: 'UUID' object is not iterable
2024-06-03 00:30:58,953 django.utils.autoreload INFO     /home/noyonahammadkhan/Desktop/PHITRON BATCH 03/TEAM PROJECT/Click_Kart/click_cart/apps/cart/views.py changed, reloading.
2024-06-03 00:30:59,380 django.utils.autoreload INFO     Watching for file changes with StatReloader
2024-06-03 00:31:03,599 django.request ERROR    Internal Server Error: /api/v1/cart/
Traceback (most recent call last):
  File "/home/noyonahammadkhan/Desktop/PHITRON BATCH 03/TEAM PROJECT/Click_Kart/env/lib64/python3.9/site-packages/django/core/handlers/exception.py", line 55, in inner
    response = get_response(request)
  File "/home/noyonahammadkhan/Desktop/PHITRON BATCH 03/TEAM PROJECT/Click_Kart/env/lib64/python3.9/site-packages/django/core/handlers/base.py", line 197, in _get_response
    response = wrapped_callback(request, *callback_args, **callback_kwargs)
  File "/home/noyonahammadkhan/Desktop/PHITRON BATCH 03/TEAM PROJECT/Click_Kart/env/lib64/python3.9/site-packages/django/views/decorators/csrf.py", line 56, in wrapper_view
    return view_func(*args, **kwargs)
  File "/home/noyonahammadkhan/Desktop/PHITRON BATCH 03/TEAM PROJECT/Click_Kart/env/lib64/python3.9/site-packages/rest_framework/viewsets.py", line 124, in view
    return self.dispatch(request, *args, **kwargs)
  File "/home/noyonahammadkhan/Desktop/PHITRON BATCH 03/TEAM PROJECT/Click_Kart/env/lib64/python3.9/site-packages/rest_framework/views.py", line 492, in dispatch
    request = self.initialize_request(request, *args, **kwargs)
  File "/home/noyonahammadkhan/Desktop/PHITRON BATCH 03/TEAM PROJECT/Click_Kart/env/lib64/python3.9/site-packages/rest_framework/viewsets.py", line 145, in initialize_request
    request = super().initialize_request(request, *args, **kwargs)
  File "/home/noyonahammadkhan/Desktop/PHITRON BATCH 03/TEAM PROJECT/Click_Kart/env/lib64/python3.9/site-packages/rest_framework/views.py", line 393, in initialize_request
    parsers=self.get_parsers(),
  File "/home/noyonahammadkhan/Desktop/PHITRON BATCH 03/TEAM PROJECT/Click_Kart/env/lib64/python3.9/site-packages/rest_framework/views.py", line 266, in get_parsers
    return [parser() for parser in self.parser_classes]
TypeError: 'type' object is not iterable
2024-06-03 00:31:04,410 django.request ERROR    Internal Server Error: /api/v1/cart/
Traceback (most recent call last):
  File "/home/noyonahammadkhan/Desktop/PHITRON BATCH 03/TEAM PROJECT/Click_Kart/env/lib64/python3.9/site-packages/django/core/handlers/exception.py", line 55, in inner
    response = get_response(request)
  File "/home/noyonahammadkhan/Desktop/PHITRON BATCH 03/TEAM PROJECT/Click_Kart/env/lib64/python3.9/site-packages/django/core/handlers/base.py", line 197, in _get_response
    response = wrapped_callback(request, *callback_args, **callback_kwargs)
  File "/home/noyonahammadkhan/Desktop/PHITRON BATCH 03/TEAM PROJECT/Click_Kart/env/lib64/python3.9/site-packages/django/views/decorators/csrf.py", line 56, in wrapper_view
    return view_func(*args, **kwargs)
  File "/home/noyonahammadkhan/Desktop/PHITRON BATCH 03/TEAM PROJECT/Click_Kart/env/lib64/python3.9/site-packages/rest_framework/viewsets.py", line 124, in view
    return self.dispatch(request, *args, **kwargs)
  File "/home/noyonahammadkhan/Desktop/PHITRON BATCH 03/TEAM PROJECT/Click_Kart/env/lib64/python3.9/site-packages/rest_framework/views.py", line 492, in dispatch
    request = self.initialize_request(request, *args, **kwargs)
  File "/home/noyonahammadkhan/Desktop/PHITRON BATCH 03/TEAM PROJECT/Click_Kart/env/lib64/python3.9/site-packages/rest_framework/viewsets.py", line 145, in initialize_request
    request = super().initialize_request(request, *args, **kwargs)
  File "/home/noyonahammadkhan/Desktop/PHITRON BATCH 03/TEAM PROJECT/Click_Kart/env/lib64/python3.9/site-packages/rest_framework/views.py", line 393, in initialize_request
    parsers=self.get_parsers(),
  File "/home/noyonahammadkhan/Desktop/PHITRON BATCH 03/TEAM PROJECT/Click_Kart/env/lib64/python3.9/site-packages/rest_framework/views.py", line 266, in get_parsers
    return [parser() for parser in self.parser_classes]
TypeError: 'type' object is not iterable
2024-06-03 00:31:04,810 django.request ERROR    Internal Server Error: /api/v1/cart/
Traceback (most recent call last):
  File "/home/noyonahammadkhan/Desktop/PHITRON BATCH 03/TEAM PROJECT/Click_Kart/env/lib64/python3.9/site-packages/django/core/handlers/exception.py", line 55, in inner
    response = get_response(request)
  File "/home/noyonahammadkhan/Desktop/PHITRON BATCH 03/TEAM PROJECT/Click_Kart/env/lib64/python3.9/site-packages/django/core/handlers/base.py", line 197, in _get_response
    response = wrapped_callback(request, *callback_args, **callback_kwargs)
  File "/home/noyonahammadkhan/Desktop/PHITRON BATCH 03/TEAM PROJECT/Click_Kart/env/lib64/python3.9/site-packages/django/views/decorators/csrf.py", line 56, in wrapper_view
    return view_func(*args, **kwargs)
  File "/home/noyonahammadkhan/Desktop/PHITRON BATCH 03/TEAM PROJECT/Click_Kart/env/lib64/python3.9/site-packages/rest_framework/viewsets.py", line 124, in view
    return self.dispatch(request, *args, **kwargs)
  File "/home/noyonahammadkhan/Desktop/PHITRON BATCH 03/TEAM PROJECT/Click_Kart/env/lib64/python3.9/site-packages/rest_framework/views.py", line 492, in dispatch
    request = self.initialize_request(request, *args, **kwargs)
  File "/home/noyonahammadkhan/Desktop/PHITRON BATCH 03/TEAM PROJECT/Click_Kart/env/lib64/python3.9/site-packages/rest_framework/viewsets.py", line 145, in initialize_request
    request = super().initialize_request(request, *args, **kwargs)
  File "/home/noyonahammadkhan/Desktop/PHITRON BATCH 03/TEAM PROJECT/Click_Kart/env/lib64/python3.9/site-packages/rest_framework/views.py", line 393, in initialize_request
    parsers=self.get_parsers(),
  File "/home/noyonahammadkhan/Desktop/PHITRON BATCH 03/TEAM PROJECT/Click_Kart/env/lib64/python3.9/site-packages/rest_framework/views.py", line 266, in get_parsers
    return [parser() for parser in self.parser_classes]
TypeError: 'type' object is not iterable
2024-06-03 00:31:05,148 django.request ERROR    Internal Server Error: /api/v1/cart/
Traceback (most recent call last):
  File "/home/noyonahammadkhan/Desktop/PHITRON BATCH 03/TEAM PROJECT/Click_Kart/env/lib64/python3.9/site-packages/django/core/handlers/exception.py", line 55, in inner
    response = get_response(request)
  File "/home/noyonahammadkhan/Desktop/PHITRON BATCH 03/TEAM PROJECT/Click_Kart/env/lib64/python3.9/site-packages/django/core/handlers/base.py", line 197, in _get_response
    response = wrapped_callback(request, *callback_args, **callback_kwargs)
  File "/home/noyonahammadkhan/Desktop/PHITRON BATCH 03/TEAM PROJECT/Click_Kart/env/lib64/python3.9/site-packages/django/views/decorators/csrf.py", line 56, in wrapper_view
    return view_func(*args, **kwargs)
  File "/home/noyonahammadkhan/Desktop/PHITRON BATCH 03/TEAM PROJECT/Click_Kart/env/lib64/python3.9/site-packages/rest_framework/viewsets.py", line 124, in view
    return self.dispatch(request, *args, **kwargs)
  File "/home/noyonahammadkhan/Desktop/PHITRON BATCH 03/TEAM PROJECT/Click_Kart/env/lib64/python3.9/site-packages/rest_framework/views.py", line 492, in dispatch
    request = self.initialize_request(request, *args, **kwargs)
  File "/home/noyonahammadkhan/Desktop/PHITRON BATCH 03/TEAM PROJECT/Click_Kart/env/lib64/python3.9/site-packages/rest_framework/viewsets.py", line 145, in initialize_request
    request = super().initialize_request(request, *args, **kwargs)
  File "/home/noyonahammadkhan/Desktop/PHITRON BATCH 03/TEAM PROJECT/Click_Kart/env/lib64/python3.9/site-packages/rest_framework/views.py", line 393, in initialize_request
    parsers=self.get_parsers(),
  File "/home/noyonahammadkhan/Desktop/PHITRON BATCH 03/TEAM PROJECT/Click_Kart/env/lib64/python3.9/site-packages/rest_framework/views.py", line 266, in get_parsers
    return [parser() for parser in self.parser_classes]
TypeError: 'type' object is not iterable
2024-06-03 00:31:13,057 django.utils.autoreload INFO     /home/noyonahammadkhan/Desktop/PHITRON BATCH 03/TEAM PROJECT/Click_Kart/click_cart/apps/cart/views.py changed, reloading.
2024-06-03 00:31:13,382 django.utils.autoreload INFO     Watching for file changes with StatReloader
2024-06-03 00:31:18,776 django.utils.autoreload INFO     /home/noyonahammadkhan/Desktop/PHITRON BATCH 03/TEAM PROJECT/Click_Kart/click_cart/apps/cart/views.py changed, reloading.
2024-06-03 00:31:19,108 django.utils.autoreload INFO     Watching for file changes with StatReloader
2024-06-03 00:31:22,323 django.request ERROR    Internal Server Error: /api/v1/cart/
Traceback (most recent call last):
  File "/home/noyonahammadkhan/Desktop/PHITRON BATCH 03/TEAM PROJECT/Click_Kart/env/lib64/python3.9/site-packages/django/core/handlers/exception.py", line 55, in inner
    response = get_response(request)
  File "/home/noyonahammadkhan/Desktop/PHITRON BATCH 03/TEAM PROJECT/Click_Kart/env/lib64/python3.9/site-packages/django/core/handlers/base.py", line 197, in _get_response
    response = wrapped_callback(request, *callback_args, **callback_kwargs)
  File "/home/noyonahammadkhan/Desktop/PHITRON BATCH 03/TEAM PROJECT/Click_Kart/env/lib64/python3.9/site-packages/django/views/decorators/csrf.py", line 56, in wrapper_view
    return view_func(*args, **kwargs)
  File "/home/noyonahammadkhan/Desktop/PHITRON BATCH 03/TEAM PROJECT/Click_Kart/env/lib64/python3.9/site-packages/rest_framework/viewsets.py", line 124, in view
    return self.dispatch(request, *args, **kwargs)
  File "/home/noyonahammadkhan/Desktop/PHITRON BATCH 03/TEAM PROJECT/Click_Kart/env/lib64/python3.9/site-packages/rest_framework/views.py", line 509, in dispatch
    response = self.handle_exception(exc)
  File "/home/noyonahammadkhan/Desktop/PHITRON BATCH 03/TEAM PROJECT/Click_Kart/env/lib64/python3.9/site-packages/rest_framework/views.py", line 469, in handle_exception
    self.raise_uncaught_exception(exc)
  File "/home/noyonahammadkhan/Desktop/PHITRON BATCH 03/TEAM PROJECT/Click_Kart/env/lib64/python3.9/site-packages/rest_framework/views.py", line 480, in raise_uncaught_exception
    raise exc
  File "/home/noyonahammadkhan/Desktop/PHITRON BATCH 03/TEAM PROJECT/Click_Kart/env/lib64/python3.9/site-packages/rest_framework/views.py", line 506, in dispatch
    response = handler(request, *args, **kwargs)
  File "/home/noyonahammadkhan/Desktop/PHITRON BATCH 03/TEAM PROJECT/Click_Kart/env/lib64/python3.9/site-packages/rest_framework/mixins.py", line 46, in list
    return Response(serializer.data)
  File "/home/noyonahammadkhan/Desktop/PHITRON BATCH 03/TEAM PROJECT/Click_Kart/env/lib64/python3.9/site-packages/rest_framework/serializers.py", line 795, in data
    ret = super().data
  File "/home/noyonahammadkhan/Desktop/PHITRON BATCH 03/TEAM PROJECT/Click_Kart/env/lib64/python3.9/site-packages/rest_framework/serializers.py", line 249, in data
    self._data = self.to_representation(self.instance)
  File "/home/noyonahammadkhan/Desktop/PHITRON BATCH 03/TEAM PROJECT/Click_Kart/env/lib64/python3.9/site-packages/rest_framework/serializers.py", line 713, in to_representation
    return [
  File "/home/noyonahammadkhan/Desktop/PHITRON BATCH 03/TEAM PROJECT/Click_Kart/env/lib64/python3.9/site-packages/rest_framework/serializers.py", line 714, in <listcomp>
    self.child.to_representation(item) for item in iterable
  File "/home/noyonahammadkhan/Desktop/PHITRON BATCH 03/TEAM PROJECT/Click_Kart/env/lib64/python3.9/site-packages/rest_framework/serializers.py", line 538, in to_representation
    ret[field.field_name] = field.to_representation(attribute)
  File "/home/noyonahammadkhan/Desktop/PHITRON BATCH 03/TEAM PROJECT/Click_Kart/env/lib64/python3.9/site-packages/rest_framework/relations.py", line 564, in to_representation
    return [
TypeError: 'UUID' object is not iterable
2024-06-03 00:32:35,359 django.request ERROR    Internal Server Error: /api/v1/cart/
Traceback (most recent call last):
  File "/home/noyonahammadkhan/Desktop/PHITRON BATCH 03/TEAM PROJECT/Click_Kart/env/lib64/python3.9/site-packages/django/core/handlers/exception.py", line 55, in inner
    response = get_response(request)
  File "/home/noyonahammadkhan/Desktop/PHITRON BATCH 03/TEAM PROJECT/Click_Kart/env/lib64/python3.9/site-packages/django/core/handlers/base.py", line 197, in _get_response
    response = wrapped_callback(request, *callback_args, **callback_kwargs)
  File "/home/noyonahammadkhan/Desktop/PHITRON BATCH 03/TEAM PROJECT/Click_Kart/env/lib64/python3.9/site-packages/django/views/decorators/csrf.py", line 56, in wrapper_view
    return view_func(*args, **kwargs)
  File "/home/noyonahammadkhan/Desktop/PHITRON BATCH 03/TEAM PROJECT/Click_Kart/env/lib64/python3.9/site-packages/rest_framework/viewsets.py", line 124, in view
    return self.dispatch(request, *args, **kwargs)
  File "/home/noyonahammadkhan/Desktop/PHITRON BATCH 03/TEAM PROJECT/Click_Kart/env/lib64/python3.9/site-packages/rest_framework/views.py", line 509, in dispatch
    response = self.handle_exception(exc)
  File "/home/noyonahammadkhan/Desktop/PHITRON BATCH 03/TEAM PROJECT/Click_Kart/env/lib64/python3.9/site-packages/rest_framework/views.py", line 469, in handle_exception
    self.raise_uncaught_exception(exc)
  File "/home/noyonahammadkhan/Desktop/PHITRON BATCH 03/TEAM PROJECT/Click_Kart/env/lib64/python3.9/site-packages/rest_framework/views.py", line 480, in raise_uncaught_exception
    raise exc
  File "/home/noyonahammadkhan/Desktop/PHITRON BATCH 03/TEAM PROJECT/Click_Kart/env/lib64/python3.9/site-packages/rest_framework/views.py", line 506, in dispatch
    response = handler(request, *args, **kwargs)
  File "/home/noyonahammadkhan/Desktop/PHITRON BATCH 03/TEAM PROJECT/Click_Kart/env/lib64/python3.9/site-packages/rest_framework/mixins.py", line 46, in list
    return Response(serializer.data)
  File "/home/noyonahammadkhan/Desktop/PHITRON BATCH 03/TEAM PROJECT/Click_Kart/env/lib64/python3.9/site-packages/rest_framework/serializers.py", line 795, in data
    ret = super().data
  File "/home/noyonahammadkhan/Desktop/PHITRON BATCH 03/TEAM PROJECT/Click_Kart/env/lib64/python3.9/site-packages/rest_framework/serializers.py", line 249, in data
    self._data = self.to_representation(self.instance)
  File "/home/noyonahammadkhan/Desktop/PHITRON BATCH 03/TEAM PROJECT/Click_Kart/env/lib64/python3.9/site-packages/rest_framework/serializers.py", line 713, in to_representation
    return [
  File "/home/noyonahammadkhan/Desktop/PHITRON BATCH 03/TEAM PROJECT/Click_Kart/env/lib64/python3.9/site-packages/rest_framework/serializers.py", line 714, in <listcomp>
    self.child.to_representation(item) for item in iterable
  File "/home/noyonahammadkhan/Desktop/PHITRON BATCH 03/TEAM PROJECT/Click_Kart/env/lib64/python3.9/site-packages/rest_framework/serializers.py", line 538, in to_representation
    ret[field.field_name] = field.to_representation(attribute)
  File "/home/noyonahammadkhan/Desktop/PHITRON BATCH 03/TEAM PROJECT/Click_Kart/env/lib64/python3.9/site-packages/rest_framework/relations.py", line 564, in to_representation
    return [
TypeError: 'UUID' object is not iterable
2024-06-03 00:36:07,957 django.utils.autoreload INFO     /home/noyonahammadkhan/Desktop/PHITRON BATCH 03/TEAM PROJECT/Click_Kart/click_cart/apps/cart/serializers.py changed, reloading.
2024-06-03 00:36:08,470 django.utils.autoreload INFO     Watching for file changes with StatReloader
2024-06-03 00:36:12,817 django.utils.autoreload INFO     /home/noyonahammadkhan/Desktop/PHITRON BATCH 03/TEAM PROJECT/Click_Kart/click_cart/apps/cart/serializers.py changed, reloading.
2024-06-03 00:36:13,164 django.utils.autoreload INFO     Watching for file changes with StatReloader
2024-06-03 00:36:15,433 django.utils.autoreload INFO     /home/noyonahammadkhan/Desktop/PHITRON BATCH 03/TEAM PROJECT/Click_Kart/click_cart/apps/cart/serializers.py changed, reloading.
2024-06-03 00:36:15,763 django.utils.autoreload INFO     Watching for file changes with StatReloader
2024-06-03 00:41:12,078 django.request WARNING  Not Found: /api/v1/carts/d04994b2-0f3a-4791-999d-99b777be7f0e/
2024-06-03 00:41:47,926 django.request WARNING  Not Found: /api/v1/cart/1/
2024-06-03 00:42:23,661 django.utils.autoreload INFO     /home/noyonahammadkhan/Desktop/PHITRON BATCH 03/TEAM PROJECT/Click_Kart/click_cart/apps/cart/models.py changed, reloading.
2024-06-03 00:42:24,014 django.utils.autoreload INFO     Watching for file changes with StatReloader
2024-06-03 00:42:40,732 django.utils.autoreload INFO     Watching for file changes with StatReloader
2024-06-03 00:43:49,559 django.utils.autoreload INFO     /home/noyonahammadkhan/Desktop/PHITRON BATCH 03/TEAM PROJECT/Click_Kart/click_cart/apps/cart/serializers.py changed, reloading.
2024-06-03 00:43:49,936 django.utils.autoreload INFO     Watching for file changes with StatReloader
2024-06-03 00:43:51,151 django.utils.autoreload INFO     /home/noyonahammadkhan/Desktop/PHITRON BATCH 03/TEAM PROJECT/Click_Kart/click_cart/apps/cart/serializers.py changed, reloading.
2024-06-03 00:43:51,570 django.utils.autoreload INFO     Watching for file changes with StatReloader
2024-06-03 00:43:57,008 django.utils.autoreload INFO     /home/noyonahammadkhan/Desktop/PHITRON BATCH 03/TEAM PROJECT/Click_Kart/click_cart/apps/cart/serializers.py changed, reloading.
2024-06-03 00:43:57,362 django.utils.autoreload INFO     Watching for file changes with StatReloader
2024-06-03 00:44:02,975 django.utils.autoreload INFO     Watching for file changes with StatReloader
2024-06-03 00:44:38,646 django.utils.autoreload INFO     Watching for file changes with StatReloader
2024-06-03 00:44:49,136 django.utils.autoreload INFO     /home/noyonahammadkhan/Desktop/PHITRON BATCH 03/TEAM PROJECT/Click_Kart/click_cart/apps/cart/serializers.py changed, reloading.
2024-06-03 00:44:49,554 django.utils.autoreload INFO     Watching for file changes with StatReloader
2024-06-03 00:44:51,926 django.utils.autoreload INFO     /home/noyonahammadkhan/Desktop/PHITRON BATCH 03/TEAM PROJECT/Click_Kart/click_cart/apps/cart/serializers.py changed, reloading.
2024-06-03 00:44:52,275 django.utils.autoreload INFO     Watching for file changes with StatReloader
2024-06-03 00:44:55,515 django.utils.autoreload INFO     /home/noyonahammadkhan/Desktop/PHITRON BATCH 03/TEAM PROJECT/Click_Kart/click_cart/apps/cart/serializers.py changed, reloading.
2024-06-03 00:44:55,902 django.utils.autoreload INFO     Watching for file changes with StatReloader
2024-06-03 00:44:58,160 django.utils.autoreload INFO     /home/noyonahammadkhan/Desktop/PHITRON BATCH 03/TEAM PROJECT/Click_Kart/click_cart/apps/cart/serializers.py changed, reloading.
2024-06-03 00:44:58,513 django.utils.autoreload INFO     Watching for file changes with StatReloader
2024-06-03 00:45:03,902 django.utils.autoreload INFO     /home/noyonahammadkhan/Desktop/PHITRON BATCH 03/TEAM PROJECT/Click_Kart/click_cart/apps/cart/serializers.py changed, reloading.
2024-06-03 00:45:04,254 django.utils.autoreload INFO     Watching for file changes with StatReloader
2024-06-03 00:45:07,520 django.utils.autoreload INFO     /home/noyonahammadkhan/Desktop/PHITRON BATCH 03/TEAM PROJECT/Click_Kart/click_cart/apps/cart/serializers.py changed, reloading.
2024-06-03 00:45:07,883 django.utils.autoreload INFO     Watching for file changes with StatReloader
2024-06-03 00:45:14,691 django.request ERROR    Internal Server Error: /api/v1/carts/
Traceback (most recent call last):
  File "/home/noyonahammadkhan/Desktop/PHITRON BATCH 03/TEAM PROJECT/Click_Kart/env/lib64/python3.9/site-packages/rest_framework/fields.py", line 439, in get_attribute
    return get_attribute(instance, self.source_attrs)
  File "/home/noyonahammadkhan/Desktop/PHITRON BATCH 03/TEAM PROJECT/Click_Kart/env/lib64/python3.9/site-packages/rest_framework/fields.py", line 106, in get_attribute
    instance = getattr(instance, attr)
AttributeError: 'Cart' object has no attribute 'cart_items'

During handling of the above exception, another exception occurred:

Traceback (most recent call last):
  File "/home/noyonahammadkhan/Desktop/PHITRON BATCH 03/TEAM PROJECT/Click_Kart/env/lib64/python3.9/site-packages/django/core/handlers/exception.py", line 55, in inner
    response = get_response(request)
  File "/home/noyonahammadkhan/Desktop/PHITRON BATCH 03/TEAM PROJECT/Click_Kart/env/lib64/python3.9/site-packages/django/core/handlers/base.py", line 197, in _get_response
    response = wrapped_callback(request, *callback_args, **callback_kwargs)
  File "/home/noyonahammadkhan/Desktop/PHITRON BATCH 03/TEAM PROJECT/Click_Kart/env/lib64/python3.9/site-packages/django/views/decorators/csrf.py", line 56, in wrapper_view
    return view_func(*args, **kwargs)
  File "/home/noyonahammadkhan/Desktop/PHITRON BATCH 03/TEAM PROJECT/Click_Kart/env/lib64/python3.9/site-packages/rest_framework/viewsets.py", line 124, in view
    return self.dispatch(request, *args, **kwargs)
  File "/home/noyonahammadkhan/Desktop/PHITRON BATCH 03/TEAM PROJECT/Click_Kart/env/lib64/python3.9/site-packages/rest_framework/views.py", line 509, in dispatch
    response = self.handle_exception(exc)
  File "/home/noyonahammadkhan/Desktop/PHITRON BATCH 03/TEAM PROJECT/Click_Kart/env/lib64/python3.9/site-packages/rest_framework/views.py", line 469, in handle_exception
    self.raise_uncaught_exception(exc)
  File "/home/noyonahammadkhan/Desktop/PHITRON BATCH 03/TEAM PROJECT/Click_Kart/env/lib64/python3.9/site-packages/rest_framework/views.py", line 480, in raise_uncaught_exception
    raise exc
  File "/home/noyonahammadkhan/Desktop/PHITRON BATCH 03/TEAM PROJECT/Click_Kart/env/lib64/python3.9/site-packages/rest_framework/views.py", line 506, in dispatch
    response = handler(request, *args, **kwargs)
  File "/home/noyonahammadkhan/Desktop/PHITRON BATCH 03/TEAM PROJECT/Click_Kart/env/lib64/python3.9/site-packages/rest_framework/mixins.py", line 46, in list
    return Response(serializer.data)
  File "/home/noyonahammadkhan/Desktop/PHITRON BATCH 03/TEAM PROJECT/Click_Kart/env/lib64/python3.9/site-packages/rest_framework/serializers.py", line 795, in data
    ret = super().data
  File "/home/noyonahammadkhan/Desktop/PHITRON BATCH 03/TEAM PROJECT/Click_Kart/env/lib64/python3.9/site-packages/rest_framework/serializers.py", line 249, in data
    self._data = self.to_representation(self.instance)
  File "/home/noyonahammadkhan/Desktop/PHITRON BATCH 03/TEAM PROJECT/Click_Kart/env/lib64/python3.9/site-packages/rest_framework/serializers.py", line 713, in to_representation
    return [
  File "/home/noyonahammadkhan/Desktop/PHITRON BATCH 03/TEAM PROJECT/Click_Kart/env/lib64/python3.9/site-packages/rest_framework/serializers.py", line 714, in <listcomp>
    self.child.to_representation(item) for item in iterable
  File "/home/noyonahammadkhan/Desktop/PHITRON BATCH 03/TEAM PROJECT/Click_Kart/env/lib64/python3.9/site-packages/rest_framework/serializers.py", line 525, in to_representation
    attribute = field.get_attribute(instance)
  File "/home/noyonahammadkhan/Desktop/PHITRON BATCH 03/TEAM PROJECT/Click_Kart/env/lib64/python3.9/site-packages/rest_framework/relations.py", line 189, in get_attribute
    return super().get_attribute(instance)
  File "/home/noyonahammadkhan/Desktop/PHITRON BATCH 03/TEAM PROJECT/Click_Kart/env/lib64/python3.9/site-packages/rest_framework/fields.py", line 472, in get_attribute
    raise type(exc)(msg)
AttributeError: Got AttributeError when attempting to get a value for field `cart_items` on serializer `CartSerializer`.
The serializer field might be named incorrectly and not match any attribute or key on the `Cart` instance.
Original exception text was: 'Cart' object has no attribute 'cart_items'.
2024-06-03 00:45:54,179 django.utils.autoreload INFO     /home/noyonahammadkhan/Desktop/PHITRON BATCH 03/TEAM PROJECT/Click_Kart/click_cart/apps/cart/serializers.py changed, reloading.
2024-06-03 00:45:54,493 django.utils.autoreload INFO     Watching for file changes with StatReloader
2024-06-03 00:45:58,122 django.request ERROR    Internal Server Error: /api/v1/carts/
Traceback (most recent call last):
  File "/home/noyonahammadkhan/Desktop/PHITRON BATCH 03/TEAM PROJECT/Click_Kart/env/lib64/python3.9/site-packages/django/core/handlers/exception.py", line 55, in inner
    response = get_response(request)
  File "/home/noyonahammadkhan/Desktop/PHITRON BATCH 03/TEAM PROJECT/Click_Kart/env/lib64/python3.9/site-packages/django/core/handlers/base.py", line 197, in _get_response
    response = wrapped_callback(request, *callback_args, **callback_kwargs)
  File "/home/noyonahammadkhan/Desktop/PHITRON BATCH 03/TEAM PROJECT/Click_Kart/env/lib64/python3.9/site-packages/django/views/decorators/csrf.py", line 56, in wrapper_view
    return view_func(*args, **kwargs)
  File "/home/noyonahammadkhan/Desktop/PHITRON BATCH 03/TEAM PROJECT/Click_Kart/env/lib64/python3.9/site-packages/rest_framework/viewsets.py", line 124, in view
    return self.dispatch(request, *args, **kwargs)
  File "/home/noyonahammadkhan/Desktop/PHITRON BATCH 03/TEAM PROJECT/Click_Kart/env/lib64/python3.9/site-packages/rest_framework/views.py", line 509, in dispatch
    response = self.handle_exception(exc)
  File "/home/noyonahammadkhan/Desktop/PHITRON BATCH 03/TEAM PROJECT/Click_Kart/env/lib64/python3.9/site-packages/rest_framework/views.py", line 469, in handle_exception
    self.raise_uncaught_exception(exc)
  File "/home/noyonahammadkhan/Desktop/PHITRON BATCH 03/TEAM PROJECT/Click_Kart/env/lib64/python3.9/site-packages/rest_framework/views.py", line 480, in raise_uncaught_exception
    raise exc
  File "/home/noyonahammadkhan/Desktop/PHITRON BATCH 03/TEAM PROJECT/Click_Kart/env/lib64/python3.9/site-packages/rest_framework/views.py", line 506, in dispatch
    response = handler(request, *args, **kwargs)
  File "/home/noyonahammadkhan/Desktop/PHITRON BATCH 03/TEAM PROJECT/Click_Kart/env/lib64/python3.9/site-packages/rest_framework/mixins.py", line 46, in list
    return Response(serializer.data)
  File "/home/noyonahammadkhan/Desktop/PHITRON BATCH 03/TEAM PROJECT/Click_Kart/env/lib64/python3.9/site-packages/rest_framework/serializers.py", line 795, in data
    ret = super().data
  File "/home/noyonahammadkhan/Desktop/PHITRON BATCH 03/TEAM PROJECT/Click_Kart/env/lib64/python3.9/site-packages/rest_framework/serializers.py", line 249, in data
    self._data = self.to_representation(self.instance)
  File "/home/noyonahammadkhan/Desktop/PHITRON BATCH 03/TEAM PROJECT/Click_Kart/env/lib64/python3.9/site-packages/rest_framework/serializers.py", line 713, in to_representation
    return [
  File "/home/noyonahammadkhan/Desktop/PHITRON BATCH 03/TEAM PROJECT/Click_Kart/env/lib64/python3.9/site-packages/rest_framework/serializers.py", line 714, in <listcomp>
    self.child.to_representation(item) for item in iterable
  File "/home/noyonahammadkhan/Desktop/PHITRON BATCH 03/TEAM PROJECT/Click_Kart/env/lib64/python3.9/site-packages/rest_framework/serializers.py", line 523, in to_representation
    for field in fields:
  File "/home/noyonahammadkhan/Desktop/PHITRON BATCH 03/TEAM PROJECT/Click_Kart/env/lib64/python3.9/site-packages/rest_framework/serializers.py", line 384, in _readable_fields
    for field in self.fields.values():
  File "/home/noyonahammadkhan/Desktop/PHITRON BATCH 03/TEAM PROJECT/Click_Kart/env/lib64/python3.9/site-packages/django/utils/functional.py", line 57, in __get__
    res = instance.__dict__[self.name] = self.func(instance)
  File "/home/noyonahammadkhan/Desktop/PHITRON BATCH 03/TEAM PROJECT/Click_Kart/env/lib64/python3.9/site-packages/rest_framework/serializers.py", line 372, in fields
    for key, value in self.get_fields().items():
  File "/home/noyonahammadkhan/Desktop/PHITRON BATCH 03/TEAM PROJECT/Click_Kart/env/lib64/python3.9/site-packages/rest_framework/serializers.py", line 1079, in get_fields
    field_names = self.get_field_names(declared_fields, info)
  File "/home/noyonahammadkhan/Desktop/PHITRON BATCH 03/TEAM PROJECT/Click_Kart/env/lib64/python3.9/site-packages/rest_framework/serializers.py", line 1175, in get_field_names
    assert field_name in fields, (
AssertionError: The field 'cart_item_id' was declared on serializer CartSerializer, but has not been included in the 'fields' option.
2024-06-03 00:46:12,286 django.utils.autoreload INFO     /home/noyonahammadkhan/Desktop/PHITRON BATCH 03/TEAM PROJECT/Click_Kart/click_cart/apps/cart/serializers.py changed, reloading.
2024-06-03 00:46:12,652 django.utils.autoreload INFO     Watching for file changes with StatReloader
2024-06-03 00:46:15,288 django.request ERROR    Internal Server Error: /api/v1/carts/
Traceback (most recent call last):
  File "/home/noyonahammadkhan/Desktop/PHITRON BATCH 03/TEAM PROJECT/Click_Kart/env/lib64/python3.9/site-packages/rest_framework/fields.py", line 439, in get_attribute
    return get_attribute(instance, self.source_attrs)
  File "/home/noyonahammadkhan/Desktop/PHITRON BATCH 03/TEAM PROJECT/Click_Kart/env/lib64/python3.9/site-packages/rest_framework/fields.py", line 106, in get_attribute
    instance = getattr(instance, attr)
AttributeError: 'Cart' object has no attribute 'cart_item_id'

During handling of the above exception, another exception occurred:

Traceback (most recent call last):
  File "/home/noyonahammadkhan/Desktop/PHITRON BATCH 03/TEAM PROJECT/Click_Kart/env/lib64/python3.9/site-packages/django/core/handlers/exception.py", line 55, in inner
    response = get_response(request)
  File "/home/noyonahammadkhan/Desktop/PHITRON BATCH 03/TEAM PROJECT/Click_Kart/env/lib64/python3.9/site-packages/django/core/handlers/base.py", line 197, in _get_response
    response = wrapped_callback(request, *callback_args, **callback_kwargs)
  File "/home/noyonahammadkhan/Desktop/PHITRON BATCH 03/TEAM PROJECT/Click_Kart/env/lib64/python3.9/site-packages/django/views/decorators/csrf.py", line 56, in wrapper_view
    return view_func(*args, **kwargs)
  File "/home/noyonahammadkhan/Desktop/PHITRON BATCH 03/TEAM PROJECT/Click_Kart/env/lib64/python3.9/site-packages/rest_framework/viewsets.py", line 124, in view
    return self.dispatch(request, *args, **kwargs)
  File "/home/noyonahammadkhan/Desktop/PHITRON BATCH 03/TEAM PROJECT/Click_Kart/env/lib64/python3.9/site-packages/rest_framework/views.py", line 509, in dispatch
    response = self.handle_exception(exc)
  File "/home/noyonahammadkhan/Desktop/PHITRON BATCH 03/TEAM PROJECT/Click_Kart/env/lib64/python3.9/site-packages/rest_framework/views.py", line 469, in handle_exception
    self.raise_uncaught_exception(exc)
  File "/home/noyonahammadkhan/Desktop/PHITRON BATCH 03/TEAM PROJECT/Click_Kart/env/lib64/python3.9/site-packages/rest_framework/views.py", line 480, in raise_uncaught_exception
    raise exc
  File "/home/noyonahammadkhan/Desktop/PHITRON BATCH 03/TEAM PROJECT/Click_Kart/env/lib64/python3.9/site-packages/rest_framework/views.py", line 506, in dispatch
    response = handler(request, *args, **kwargs)
  File "/home/noyonahammadkhan/Desktop/PHITRON BATCH 03/TEAM PROJECT/Click_Kart/env/lib64/python3.9/site-packages/rest_framework/mixins.py", line 46, in list
    return Response(serializer.data)
  File "/home/noyonahammadkhan/Desktop/PHITRON BATCH 03/TEAM PROJECT/Click_Kart/env/lib64/python3.9/site-packages/rest_framework/serializers.py", line 795, in data
    ret = super().data
  File "/home/noyonahammadkhan/Desktop/PHITRON BATCH 03/TEAM PROJECT/Click_Kart/env/lib64/python3.9/site-packages/rest_framework/serializers.py", line 249, in data
    self._data = self.to_representation(self.instance)
  File "/home/noyonahammadkhan/Desktop/PHITRON BATCH 03/TEAM PROJECT/Click_Kart/env/lib64/python3.9/site-packages/rest_framework/serializers.py", line 713, in to_representation
    return [
  File "/home/noyonahammadkhan/Desktop/PHITRON BATCH 03/TEAM PROJECT/Click_Kart/env/lib64/python3.9/site-packages/rest_framework/serializers.py", line 714, in <listcomp>
    self.child.to_representation(item) for item in iterable
  File "/home/noyonahammadkhan/Desktop/PHITRON BATCH 03/TEAM PROJECT/Click_Kart/env/lib64/python3.9/site-packages/rest_framework/serializers.py", line 525, in to_representation
    attribute = field.get_attribute(instance)
  File "/home/noyonahammadkhan/Desktop/PHITRON BATCH 03/TEAM PROJECT/Click_Kart/env/lib64/python3.9/site-packages/rest_framework/relations.py", line 189, in get_attribute
    return super().get_attribute(instance)
  File "/home/noyonahammadkhan/Desktop/PHITRON BATCH 03/TEAM PROJECT/Click_Kart/env/lib64/python3.9/site-packages/rest_framework/fields.py", line 472, in get_attribute
    raise type(exc)(msg)
AttributeError: Got AttributeError when attempting to get a value for field `cart_item_id` on serializer `CartSerializer`.
The serializer field might be named incorrectly and not match any attribute or key on the `Cart` instance.
Original exception text was: 'Cart' object has no attribute 'cart_item_id'.
2024-06-03 00:46:31,450 django.utils.autoreload INFO     /home/noyonahammadkhan/Desktop/PHITRON BATCH 03/TEAM PROJECT/Click_Kart/click_cart/apps/cart/serializers.py changed, reloading.
2024-06-03 00:46:31,792 django.utils.autoreload INFO     Watching for file changes with StatReloader
2024-06-03 00:46:35,153 django.utils.autoreload INFO     /home/noyonahammadkhan/Desktop/PHITRON BATCH 03/TEAM PROJECT/Click_Kart/click_cart/apps/cart/serializers.py changed, reloading.
2024-06-03 00:46:35,496 django.utils.autoreload INFO     Watching for file changes with StatReloader
2024-06-03 00:46:37,869 django.utils.autoreload INFO     /home/noyonahammadkhan/Desktop/PHITRON BATCH 03/TEAM PROJECT/Click_Kart/click_cart/apps/cart/serializers.py changed, reloading.
2024-06-03 00:46:38,220 django.utils.autoreload INFO     Watching for file changes with StatReloader
2024-06-03 00:46:55,941 django.utils.autoreload INFO     /home/noyonahammadkhan/Desktop/PHITRON BATCH 03/TEAM PROJECT/Click_Kart/click_cart/apps/cart/models.py changed, reloading.
2024-06-03 00:46:56,310 django.utils.autoreload INFO     Watching for file changes with StatReloader
2024-06-03 00:47:24,861 django.utils.autoreload INFO     Watching for file changes with StatReloader
2024-06-03 00:48:12,779 django.utils.autoreload INFO     Watching for file changes with StatReloader
2024-06-03 00:48:46,118 django.utils.autoreload INFO     Watching for file changes with StatReloader
2024-06-03 00:48:48,050 django.request WARNING  Not Found: /
2024-06-03 00:49:01,515 django.request ERROR    Internal Server Error: /api/v1/carts/
Traceback (most recent call last):
  File "/home/noyonahammadkhan/Desktop/PHITRON BATCH 03/TEAM PROJECT/Click_Kart/env/lib64/python3.9/site-packages/django/core/handlers/exception.py", line 55, in inner
    response = get_response(request)
  File "/home/noyonahammadkhan/Desktop/PHITRON BATCH 03/TEAM PROJECT/Click_Kart/env/lib64/python3.9/site-packages/django/core/handlers/base.py", line 197, in _get_response
    response = wrapped_callback(request, *callback_args, **callback_kwargs)
  File "/home/noyonahammadkhan/Desktop/PHITRON BATCH 03/TEAM PROJECT/Click_Kart/env/lib64/python3.9/site-packages/django/views/decorators/csrf.py", line 56, in wrapper_view
    return view_func(*args, **kwargs)
  File "/home/noyonahammadkhan/Desktop/PHITRON BATCH 03/TEAM PROJECT/Click_Kart/env/lib64/python3.9/site-packages/rest_framework/viewsets.py", line 124, in view
    return self.dispatch(request, *args, **kwargs)
  File "/home/noyonahammadkhan/Desktop/PHITRON BATCH 03/TEAM PROJECT/Click_Kart/env/lib64/python3.9/site-packages/rest_framework/views.py", line 509, in dispatch
    response = self.handle_exception(exc)
  File "/home/noyonahammadkhan/Desktop/PHITRON BATCH 03/TEAM PROJECT/Click_Kart/env/lib64/python3.9/site-packages/rest_framework/views.py", line 469, in handle_exception
    self.raise_uncaught_exception(exc)
  File "/home/noyonahammadkhan/Desktop/PHITRON BATCH 03/TEAM PROJECT/Click_Kart/env/lib64/python3.9/site-packages/rest_framework/views.py", line 480, in raise_uncaught_exception
    raise exc
  File "/home/noyonahammadkhan/Desktop/PHITRON BATCH 03/TEAM PROJECT/Click_Kart/env/lib64/python3.9/site-packages/rest_framework/views.py", line 506, in dispatch
    response = handler(request, *args, **kwargs)
  File "/home/noyonahammadkhan/Desktop/PHITRON BATCH 03/TEAM PROJECT/Click_Kart/env/lib64/python3.9/site-packages/rest_framework/mixins.py", line 46, in list
    return Response(serializer.data)
  File "/home/noyonahammadkhan/Desktop/PHITRON BATCH 03/TEAM PROJECT/Click_Kart/env/lib64/python3.9/site-packages/rest_framework/serializers.py", line 795, in data
    ret = super().data
  File "/home/noyonahammadkhan/Desktop/PHITRON BATCH 03/TEAM PROJECT/Click_Kart/env/lib64/python3.9/site-packages/rest_framework/serializers.py", line 249, in data
    self._data = self.to_representation(self.instance)
  File "/home/noyonahammadkhan/Desktop/PHITRON BATCH 03/TEAM PROJECT/Click_Kart/env/lib64/python3.9/site-packages/rest_framework/serializers.py", line 713, in to_representation
    return [
  File "/home/noyonahammadkhan/Desktop/PHITRON BATCH 03/TEAM PROJECT/Click_Kart/env/lib64/python3.9/site-packages/rest_framework/serializers.py", line 714, in <listcomp>
    self.child.to_representation(item) for item in iterable
  File "/home/noyonahammadkhan/Desktop/PHITRON BATCH 03/TEAM PROJECT/Click_Kart/env/lib64/python3.9/site-packages/rest_framework/serializers.py", line 538, in to_representation
    ret[field.field_name] = field.to_representation(attribute)
  File "/home/noyonahammadkhan/Desktop/PHITRON BATCH 03/TEAM PROJECT/Click_Kart/env/lib64/python3.9/site-packages/rest_framework/relations.py", line 268, in to_representation
    return value.pk
AttributeError: 'RelatedManager' object has no attribute 'pk'
2024-06-03 00:49:53,021 django.utils.autoreload INFO     /home/noyonahammadkhan/Desktop/PHITRON BATCH 03/TEAM PROJECT/Click_Kart/click_cart/apps/cart/serializers.py changed, reloading.
2024-06-03 00:49:53,364 django.utils.autoreload INFO     Watching for file changes with StatReloader
2024-06-03 00:50:32,403 django.utils.autoreload INFO     /home/noyonahammadkhan/Desktop/PHITRON BATCH 03/TEAM PROJECT/Click_Kart/click_cart/apps/cart/models.py changed, reloading.
2024-06-03 00:50:32,751 django.utils.autoreload INFO     Watching for file changes with StatReloader
2024-06-03 00:54:11,868 django.utils.autoreload INFO     /home/noyonahammadkhan/Desktop/PHITRON BATCH 03/TEAM PROJECT/Click_Kart/click_cart/apps/cart/serializers.py changed, reloading.
2024-06-03 00:54:12,224 django.utils.autoreload INFO     Watching for file changes with StatReloader
2024-06-03 00:54:13,498 django.utils.autoreload INFO     /home/noyonahammadkhan/Desktop/PHITRON BATCH 03/TEAM PROJECT/Click_Kart/click_cart/apps/cart/serializers.py changed, reloading.
2024-06-03 00:54:13,821 django.utils.autoreload INFO     Watching for file changes with StatReloader
2024-06-03 00:54:15,076 django.utils.autoreload INFO     /home/noyonahammadkhan/Desktop/PHITRON BATCH 03/TEAM PROJECT/Click_Kart/click_cart/apps/cart/serializers.py changed, reloading.
2024-06-03 00:54:15,437 django.utils.autoreload INFO     Watching for file changes with StatReloader
2024-06-03 00:54:37,220 django.utils.autoreload INFO     /home/noyonahammadkhan/Desktop/PHITRON BATCH 03/TEAM PROJECT/Click_Kart/click_cart/apps/cart/serializers.py changed, reloading.
2024-06-03 00:54:37,588 django.utils.autoreload INFO     Watching for file changes with StatReloader
2024-06-03 00:54:44,983 django.utils.autoreload INFO     /home/noyonahammadkhan/Desktop/PHITRON BATCH 03/TEAM PROJECT/Click_Kart/click_cart/apps/cart/serializers.py changed, reloading.
2024-06-03 00:54:45,306 django.utils.autoreload INFO     Watching for file changes with StatReloader
2024-06-03 00:55:30,640 django.utils.autoreload INFO     /home/noyonahammadkhan/Desktop/PHITRON BATCH 03/TEAM PROJECT/Click_Kart/click_cart/apps/cart/serializers.py changed, reloading.
2024-06-03 00:55:30,983 django.utils.autoreload INFO     Watching for file changes with StatReloader
2024-06-03 00:55:36,382 django.utils.autoreload INFO     /home/noyonahammadkhan/Desktop/PHITRON BATCH 03/TEAM PROJECT/Click_Kart/click_cart/apps/cart/serializers.py changed, reloading.
2024-06-03 00:55:36,861 django.utils.autoreload INFO     Watching for file changes with StatReloader
2024-06-03 00:55:40,308 django.utils.autoreload INFO     /home/noyonahammadkhan/Desktop/PHITRON BATCH 03/TEAM PROJECT/Click_Kart/click_cart/apps/cart/serializers.py changed, reloading.
2024-06-03 00:55:40,670 django.utils.autoreload INFO     Watching for file changes with StatReloader
2024-06-03 00:55:57,498 django.utils.autoreload INFO     /home/noyonahammadkhan/Desktop/PHITRON BATCH 03/TEAM PROJECT/Click_Kart/click_cart/apps/cart/models.py changed, reloading.
2024-06-03 00:55:57,828 django.utils.autoreload INFO     Watching for file changes with StatReloader
2024-06-03 00:59:23,152 django.utils.autoreload INFO     /home/noyonahammadkhan/Desktop/PHITRON BATCH 03/TEAM PROJECT/Click_Kart/click_cart/apps/cart/models.py changed, reloading.
2024-06-03 00:59:23,608 django.utils.autoreload INFO     Watching for file changes with StatReloader
2024-06-03 00:59:27,782 django.utils.autoreload INFO     /home/noyonahammadkhan/Desktop/PHITRON BATCH 03/TEAM PROJECT/Click_Kart/click_cart/apps/cart/models.py changed, reloading.
2024-06-03 00:59:28,150 django.utils.autoreload INFO     Watching for file changes with StatReloader
2024-06-03 00:59:30,531 django.utils.autoreload INFO     /home/noyonahammadkhan/Desktop/PHITRON BATCH 03/TEAM PROJECT/Click_Kart/click_cart/apps/cart/models.py changed, reloading.
2024-06-03 00:59:58,567 django.utils.autoreload INFO     Watching for file changes with StatReloader
2024-06-03 01:00:03,373 django.request WARNING  Not Found: /
2024-06-03 01:00:41,853 django.request WARNING  Bad Request: /api/v1/carts/
2024-06-03 01:08:40,101 django.request WARNING  Bad Request: /api/v1/carts/
2024-06-03 01:39:58,823 django.utils.autoreload INFO     /home/noyonahammadkhan/Desktop/PHITRON BATCH 03/TEAM PROJECT/Click_Kart/click_cart/apps/cart/models.py changed, reloading.
2024-06-03 01:39:59,225 django.utils.autoreload INFO     Watching for file changes with StatReloader
2024-06-03 01:40:01,575 django.utils.autoreload INFO     /home/noyonahammadkhan/Desktop/PHITRON BATCH 03/TEAM PROJECT/Click_Kart/click_cart/apps/cart/models.py changed, reloading.
2024-06-03 01:40:01,970 django.utils.autoreload INFO     Watching for file changes with StatReloader
2024-06-03 01:40:03,118 django.utils.autoreload INFO     /home/noyonahammadkhan/Desktop/PHITRON BATCH 03/TEAM PROJECT/Click_Kart/click_cart/apps/cart/models.py changed, reloading.
2024-06-03 01:40:03,484 django.utils.autoreload INFO     Watching for file changes with StatReloader
2024-06-03 01:45:42,129 django.utils.autoreload INFO     /home/noyonahammadkhan/Desktop/PHITRON BATCH 03/TEAM PROJECT/Click_Kart/click_cart/apps/wishlist/models.py changed, reloading.
2024-06-03 01:45:42,476 django.utils.autoreload INFO     Watching for file changes with StatReloader
2024-06-03 01:45:45,844 django.utils.autoreload INFO     /home/noyonahammadkhan/Desktop/PHITRON BATCH 03/TEAM PROJECT/Click_Kart/click_cart/apps/wishlist/models.py changed, reloading.
2024-06-03 01:45:46,186 django.utils.autoreload INFO     Watching for file changes with StatReloader
2024-06-03 01:45:51,655 django.utils.autoreload INFO     /home/noyonahammadkhan/Desktop/PHITRON BATCH 03/TEAM PROJECT/Click_Kart/click_cart/apps/wishlist/models.py changed, reloading.
2024-06-03 01:45:51,973 django.utils.autoreload INFO     Watching for file changes with StatReloader
2024-06-03 01:45:59,405 django.utils.autoreload INFO     /home/noyonahammadkhan/Desktop/PHITRON BATCH 03/TEAM PROJECT/Click_Kart/click_cart/apps/wishlist/models.py changed, reloading.
2024-06-03 01:45:59,767 django.utils.autoreload INFO     Watching for file changes with StatReloader
2024-06-03 01:46:06,950 django.utils.autoreload INFO     /home/noyonahammadkhan/Desktop/PHITRON BATCH 03/TEAM PROJECT/Click_Kart/click_cart/apps/wishlist/models.py changed, reloading.
2024-06-03 01:46:07,260 django.utils.autoreload INFO     Watching for file changes with StatReloader
2024-06-03 01:46:11,438 django.utils.autoreload INFO     /home/noyonahammadkhan/Desktop/PHITRON BATCH 03/TEAM PROJECT/Click_Kart/click_cart/apps/wishlist/models.py changed, reloading.
2024-06-03 01:46:11,807 django.utils.autoreload INFO     Watching for file changes with StatReloader
2024-06-03 01:46:18,286 django.utils.autoreload INFO     /home/noyonahammadkhan/Desktop/PHITRON BATCH 03/TEAM PROJECT/Click_Kart/click_cart/apps/wishlist/models.py changed, reloading.
2024-06-03 01:46:18,665 django.utils.autoreload INFO     Watching for file changes with StatReloader
2024-06-03 01:46:21,070 django.utils.autoreload INFO     /home/noyonahammadkhan/Desktop/PHITRON BATCH 03/TEAM PROJECT/Click_Kart/click_cart/apps/wishlist/models.py changed, reloading.
2024-06-03 01:46:21,400 django.utils.autoreload INFO     Watching for file changes with StatReloader
2024-06-03 01:47:24,840 django.utils.autoreload INFO     /home/noyonahammadkhan/Desktop/PHITRON BATCH 03/TEAM PROJECT/Click_Kart/click_cart/apps/wishlist/models.py changed, reloading.
2024-06-03 01:47:25,168 django.utils.autoreload INFO     Watching for file changes with StatReloader
2024-06-03 02:08:36,063 django.utils.autoreload INFO     Watching for file changes with StatReloader
2024-06-03 02:09:05,966 django.utils.autoreload INFO     /home/noyonahammadkhan/Desktop/PHITRON BATCH 03/TEAM PROJECT/Click_Kart/click_cart/apps/wishlist/views.py changed, reloading.
2024-06-03 02:09:06,293 django.utils.autoreload INFO     Watching for file changes with StatReloader
2024-06-03 02:09:39,186 django.utils.autoreload INFO     /home/noyonahammadkhan/Desktop/PHITRON BATCH 03/TEAM PROJECT/Click_Kart/click_cart/apps/wishlist/views.py changed, reloading.
2024-06-03 02:09:39,529 django.utils.autoreload INFO     Watching for file changes with StatReloader
2024-06-03 02:09:55,068 django.utils.autoreload INFO     /home/noyonahammadkhan/Desktop/PHITRON BATCH 03/TEAM PROJECT/Click_Kart/click_cart/apps/wishlist/urls.py changed, reloading.
2024-06-03 02:09:55,429 django.utils.autoreload INFO     Watching for file changes with StatReloader
2024-06-03 02:10:14,061 django.utils.autoreload INFO     /home/noyonahammadkhan/Desktop/PHITRON BATCH 03/TEAM PROJECT/Click_Kart/click_cart/apps/wishlist/urls.py changed, reloading.
2024-06-03 02:10:14,378 django.utils.autoreload INFO     Watching for file changes with StatReloader
2024-06-03 02:10:23,793 django.utils.autoreload INFO     /home/noyonahammadkhan/Desktop/PHITRON BATCH 03/TEAM PROJECT/Click_Kart/click_cart/apps/wishlist/urls.py changed, reloading.
2024-06-03 02:10:24,119 django.utils.autoreload INFO     Watching for file changes with StatReloader
2024-06-03 02:10:29,464 django.utils.autoreload INFO     /home/noyonahammadkhan/Desktop/PHITRON BATCH 03/TEAM PROJECT/Click_Kart/click_cart/apps/wishlist/urls.py changed, reloading.
2024-06-03 02:10:29,816 django.utils.autoreload INFO     Watching for file changes with StatReloader
2024-06-03 02:10:43,295 django.utils.autoreload INFO     /home/noyonahammadkhan/Desktop/PHITRON BATCH 03/TEAM PROJECT/Click_Kart/click_cart/apps/wishlist/urls.py changed, reloading.
2024-06-03 02:10:43,622 django.utils.autoreload INFO     Watching for file changes with StatReloader
2024-06-03 02:10:53,017 django.utils.autoreload INFO     /home/noyonahammadkhan/Desktop/PHITRON BATCH 03/TEAM PROJECT/Click_Kart/click_cart/apps/wishlist/urls.py changed, reloading.
2024-06-03 02:10:53,348 django.utils.autoreload INFO     Watching for file changes with StatReloader
2024-06-03 02:10:57,696 django.utils.autoreload INFO     /home/noyonahammadkhan/Desktop/PHITRON BATCH 03/TEAM PROJECT/Click_Kart/click_cart/apps/wishlist/urls.py changed, reloading.
2024-06-03 02:10:58,090 django.utils.autoreload INFO     Watching for file changes with StatReloader
2024-06-03 02:11:01,386 django.utils.autoreload INFO     /home/noyonahammadkhan/Desktop/PHITRON BATCH 03/TEAM PROJECT/Click_Kart/click_cart/apps/wishlist/urls.py changed, reloading.
2024-06-03 02:11:01,762 django.utils.autoreload INFO     Watching for file changes with StatReloader
2024-06-03 02:11:05,010 django.utils.autoreload INFO     /home/noyonahammadkhan/Desktop/PHITRON BATCH 03/TEAM PROJECT/Click_Kart/click_cart/apps/wishlist/urls.py changed, reloading.
2024-06-03 02:11:05,485 django.utils.autoreload INFO     Watching for file changes with StatReloader
2024-06-03 02:11:08,793 django.utils.autoreload INFO     /home/noyonahammadkhan/Desktop/PHITRON BATCH 03/TEAM PROJECT/Click_Kart/click_cart/apps/wishlist/urls.py changed, reloading.
2024-06-03 02:11:09,133 django.utils.autoreload INFO     Watching for file changes with StatReloader
2024-06-03 02:11:10,362 django.utils.autoreload INFO     /home/noyonahammadkhan/Desktop/PHITRON BATCH 03/TEAM PROJECT/Click_Kart/click_cart/apps/wishlist/urls.py changed, reloading.
2024-06-03 02:11:10,692 django.utils.autoreload INFO     Watching for file changes with StatReloader
2024-06-03 02:11:19,072 django.utils.autoreload INFO     /home/noyonahammadkhan/Desktop/PHITRON BATCH 03/TEAM PROJECT/Click_Kart/click_cart/apps/wishlist/urls.py changed, reloading.
2024-06-03 02:11:19,431 django.utils.autoreload INFO     Watching for file changes with StatReloader
2024-06-03 02:11:21,727 django.utils.autoreload INFO     /home/noyonahammadkhan/Desktop/PHITRON BATCH 03/TEAM PROJECT/Click_Kart/click_cart/apps/wishlist/urls.py changed, reloading.
2024-06-03 02:11:22,118 django.utils.autoreload INFO     Watching for file changes with StatReloader
2024-06-03 02:11:39,789 django.utils.autoreload INFO     /home/noyonahammadkhan/Desktop/PHITRON BATCH 03/TEAM PROJECT/Click_Kart/click_cart/apps/wishlist/urls.py changed, reloading.
2024-06-03 02:11:40,116 django.utils.autoreload INFO     Watching for file changes with StatReloader
2024-06-03 02:12:02,899 django.utils.autoreload INFO     /home/noyonahammadkhan/Desktop/PHITRON BATCH 03/TEAM PROJECT/Click_Kart/click_cart/ecommerce/urls.py changed, reloading.
2024-06-03 02:12:03,243 django.utils.autoreload INFO     Watching for file changes with StatReloader
2024-06-03 02:12:33,243 django.utils.autoreload INFO     /home/noyonahammadkhan/Desktop/PHITRON BATCH 03/TEAM PROJECT/Click_Kart/click_cart/apps/wishlist/models.py changed, reloading.
2024-06-03 02:12:33,599 django.utils.autoreload INFO     Watching for file changes with StatReloader
2024-06-03 02:12:54,285 django.utils.autoreload INFO     /home/noyonahammadkhan/Desktop/PHITRON BATCH 03/TEAM PROJECT/Click_Kart/click_cart/apps/wishlist/models.py changed, reloading.
2024-06-03 02:12:54,617 django.utils.autoreload INFO     Watching for file changes with StatReloader
2024-06-03 02:13:06,187 django.utils.autoreload INFO     /home/noyonahammadkhan/Desktop/PHITRON BATCH 03/TEAM PROJECT/Click_Kart/click_cart/apps/wishlist/serializers.py changed, reloading.
2024-06-03 02:13:06,536 django.utils.autoreload INFO     Watching for file changes with StatReloader
2024-06-03 02:13:07,875 django.utils.autoreload INFO     /home/noyonahammadkhan/Desktop/PHITRON BATCH 03/TEAM PROJECT/Click_Kart/click_cart/apps/wishlist/serializers.py changed, reloading.
2024-06-03 02:13:08,202 django.utils.autoreload INFO     Watching for file changes with StatReloader
2024-06-03 02:13:13,984 django.request ERROR    Internal Server Error: /api/v1/wishlists/
Traceback (most recent call last):
  File "/home/noyonahammadkhan/Desktop/PHITRON BATCH 03/TEAM PROJECT/Click_Kart/env/lib64/python3.9/site-packages/django/db/backends/utils.py", line 89, in _execute
    return self.cursor.execute(sql, params)
  File "/home/noyonahammadkhan/Desktop/PHITRON BATCH 03/TEAM PROJECT/Click_Kart/env/lib64/python3.9/site-packages/django/db/backends/sqlite3/base.py", line 328, in execute
    return super().execute(query, params)
sqlite3.OperationalError: no such column: wishlist_wishlist.product_id

The above exception was the direct cause of the following exception:

Traceback (most recent call last):
  File "/home/noyonahammadkhan/Desktop/PHITRON BATCH 03/TEAM PROJECT/Click_Kart/env/lib64/python3.9/site-packages/django/core/handlers/exception.py", line 55, in inner
    response = get_response(request)
  File "/home/noyonahammadkhan/Desktop/PHITRON BATCH 03/TEAM PROJECT/Click_Kart/env/lib64/python3.9/site-packages/django/core/handlers/base.py", line 197, in _get_response
    response = wrapped_callback(request, *callback_args, **callback_kwargs)
  File "/home/noyonahammadkhan/Desktop/PHITRON BATCH 03/TEAM PROJECT/Click_Kart/env/lib64/python3.9/site-packages/django/views/decorators/csrf.py", line 56, in wrapper_view
    return view_func(*args, **kwargs)
  File "/home/noyonahammadkhan/Desktop/PHITRON BATCH 03/TEAM PROJECT/Click_Kart/env/lib64/python3.9/site-packages/rest_framework/viewsets.py", line 124, in view
    return self.dispatch(request, *args, **kwargs)
  File "/home/noyonahammadkhan/Desktop/PHITRON BATCH 03/TEAM PROJECT/Click_Kart/env/lib64/python3.9/site-packages/rest_framework/views.py", line 509, in dispatch
    response = self.handle_exception(exc)
  File "/home/noyonahammadkhan/Desktop/PHITRON BATCH 03/TEAM PROJECT/Click_Kart/env/lib64/python3.9/site-packages/rest_framework/views.py", line 469, in handle_exception
    self.raise_uncaught_exception(exc)
  File "/home/noyonahammadkhan/Desktop/PHITRON BATCH 03/TEAM PROJECT/Click_Kart/env/lib64/python3.9/site-packages/rest_framework/views.py", line 480, in raise_uncaught_exception
    raise exc
  File "/home/noyonahammadkhan/Desktop/PHITRON BATCH 03/TEAM PROJECT/Click_Kart/env/lib64/python3.9/site-packages/rest_framework/views.py", line 506, in dispatch
    response = handler(request, *args, **kwargs)
  File "/home/noyonahammadkhan/Desktop/PHITRON BATCH 03/TEAM PROJECT/Click_Kart/env/lib64/python3.9/site-packages/rest_framework/mixins.py", line 46, in list
    return Response(serializer.data)
  File "/home/noyonahammadkhan/Desktop/PHITRON BATCH 03/TEAM PROJECT/Click_Kart/env/lib64/python3.9/site-packages/rest_framework/serializers.py", line 795, in data
    ret = super().data
  File "/home/noyonahammadkhan/Desktop/PHITRON BATCH 03/TEAM PROJECT/Click_Kart/env/lib64/python3.9/site-packages/rest_framework/serializers.py", line 249, in data
    self._data = self.to_representation(self.instance)
  File "/home/noyonahammadkhan/Desktop/PHITRON BATCH 03/TEAM PROJECT/Click_Kart/env/lib64/python3.9/site-packages/rest_framework/serializers.py", line 713, in to_representation
    return [
  File "/home/noyonahammadkhan/Desktop/PHITRON BATCH 03/TEAM PROJECT/Click_Kart/env/lib64/python3.9/site-packages/django/db/models/query.py", line 398, in __iter__
    self._fetch_all()
  File "/home/noyonahammadkhan/Desktop/PHITRON BATCH 03/TEAM PROJECT/Click_Kart/env/lib64/python3.9/site-packages/django/db/models/query.py", line 1881, in _fetch_all
    self._result_cache = list(self._iterable_class(self))
  File "/home/noyonahammadkhan/Desktop/PHITRON BATCH 03/TEAM PROJECT/Click_Kart/env/lib64/python3.9/site-packages/django/db/models/query.py", line 91, in __iter__
    results = compiler.execute_sql(
  File "/home/noyonahammadkhan/Desktop/PHITRON BATCH 03/TEAM PROJECT/Click_Kart/env/lib64/python3.9/site-packages/django/db/models/sql/compiler.py", line 1562, in execute_sql
    cursor.execute(sql, params)
  File "/home/noyonahammadkhan/Desktop/PHITRON BATCH 03/TEAM PROJECT/Click_Kart/env/lib64/python3.9/site-packages/django/db/backends/utils.py", line 102, in execute
    return super().execute(sql, params)
  File "/home/noyonahammadkhan/Desktop/PHITRON BATCH 03/TEAM PROJECT/Click_Kart/env/lib64/python3.9/site-packages/django/db/backends/utils.py", line 67, in execute
    return self._execute_with_wrappers(
  File "/home/noyonahammadkhan/Desktop/PHITRON BATCH 03/TEAM PROJECT/Click_Kart/env/lib64/python3.9/site-packages/django/db/backends/utils.py", line 80, in _execute_with_wrappers
    return executor(sql, params, many, context)
  File "/home/noyonahammadkhan/Desktop/PHITRON BATCH 03/TEAM PROJECT/Click_Kart/env/lib64/python3.9/site-packages/django/db/backends/utils.py", line 89, in _execute
    return self.cursor.execute(sql, params)
  File "/home/noyonahammadkhan/Desktop/PHITRON BATCH 03/TEAM PROJECT/Click_Kart/env/lib64/python3.9/site-packages/django/db/utils.py", line 91, in __exit__
    raise dj_exc_value.with_traceback(traceback) from exc_value
  File "/home/noyonahammadkhan/Desktop/PHITRON BATCH 03/TEAM PROJECT/Click_Kart/env/lib64/python3.9/site-packages/django/db/backends/utils.py", line 89, in _execute
    return self.cursor.execute(sql, params)
  File "/home/noyonahammadkhan/Desktop/PHITRON BATCH 03/TEAM PROJECT/Click_Kart/env/lib64/python3.9/site-packages/django/db/backends/sqlite3/base.py", line 328, in execute
    return super().execute(query, params)
django.db.utils.OperationalError: no such column: wishlist_wishlist.product_id
2024-06-03 02:13:57,343 django.utils.autoreload INFO     Watching for file changes with StatReloader
2024-06-03 02:14:22,312 django.utils.autoreload INFO     /home/noyonahammadkhan/Desktop/PHITRON BATCH 03/TEAM PROJECT/Click_Kart/click_cart/apps/wishlist/serializers.py changed, reloading.
2024-06-03 02:14:22,708 django.utils.autoreload INFO     Watching for file changes with StatReloader
2024-06-03 02:14:29,187 django.utils.autoreload INFO     /home/noyonahammadkhan/Desktop/PHITRON BATCH 03/TEAM PROJECT/Click_Kart/click_cart/apps/wishlist/serializers.py changed, reloading.
2024-06-03 02:14:29,559 django.utils.autoreload INFO     Watching for file changes with StatReloader
2024-06-03 02:14:36,897 django.request ERROR    Internal Server Error: /api/v1/wishlists/
Traceback (most recent call last):
  File "/home/noyonahammadkhan/Desktop/PHITRON BATCH 03/TEAM PROJECT/Click_Kart/env/lib64/python3.9/site-packages/django/db/backends/utils.py", line 89, in _execute
    return self.cursor.execute(sql, params)
  File "/home/noyonahammadkhan/Desktop/PHITRON BATCH 03/TEAM PROJECT/Click_Kart/env/lib64/python3.9/site-packages/django/db/backends/sqlite3/base.py", line 328, in execute
    return super().execute(query, params)
sqlite3.IntegrityError: NOT NULL constraint failed: wishlist_wishlist.created_at

The above exception was the direct cause of the following exception:

Traceback (most recent call last):
  File "/home/noyonahammadkhan/Desktop/PHITRON BATCH 03/TEAM PROJECT/Click_Kart/env/lib64/python3.9/site-packages/django/core/handlers/exception.py", line 55, in inner
    response = get_response(request)
  File "/home/noyonahammadkhan/Desktop/PHITRON BATCH 03/TEAM PROJECT/Click_Kart/env/lib64/python3.9/site-packages/django/core/handlers/base.py", line 197, in _get_response
    response = wrapped_callback(request, *callback_args, **callback_kwargs)
  File "/home/noyonahammadkhan/Desktop/PHITRON BATCH 03/TEAM PROJECT/Click_Kart/env/lib64/python3.9/site-packages/django/views/decorators/csrf.py", line 56, in wrapper_view
    return view_func(*args, **kwargs)
  File "/home/noyonahammadkhan/Desktop/PHITRON BATCH 03/TEAM PROJECT/Click_Kart/env/lib64/python3.9/site-packages/rest_framework/viewsets.py", line 124, in view
    return self.dispatch(request, *args, **kwargs)
  File "/home/noyonahammadkhan/Desktop/PHITRON BATCH 03/TEAM PROJECT/Click_Kart/env/lib64/python3.9/site-packages/rest_framework/views.py", line 509, in dispatch
    response = self.handle_exception(exc)
  File "/home/noyonahammadkhan/Desktop/PHITRON BATCH 03/TEAM PROJECT/Click_Kart/env/lib64/python3.9/site-packages/rest_framework/views.py", line 469, in handle_exception
    self.raise_uncaught_exception(exc)
  File "/home/noyonahammadkhan/Desktop/PHITRON BATCH 03/TEAM PROJECT/Click_Kart/env/lib64/python3.9/site-packages/rest_framework/views.py", line 480, in raise_uncaught_exception
    raise exc
  File "/home/noyonahammadkhan/Desktop/PHITRON BATCH 03/TEAM PROJECT/Click_Kart/env/lib64/python3.9/site-packages/rest_framework/views.py", line 506, in dispatch
    response = handler(request, *args, **kwargs)
  File "/home/noyonahammadkhan/Desktop/PHITRON BATCH 03/TEAM PROJECT/Click_Kart/env/lib64/python3.9/site-packages/rest_framework/mixins.py", line 19, in create
    self.perform_create(serializer)
  File "/home/noyonahammadkhan/Desktop/PHITRON BATCH 03/TEAM PROJECT/Click_Kart/env/lib64/python3.9/site-packages/rest_framework/mixins.py", line 24, in perform_create
    serializer.save()
  File "/home/noyonahammadkhan/Desktop/PHITRON BATCH 03/TEAM PROJECT/Click_Kart/env/lib64/python3.9/site-packages/rest_framework/serializers.py", line 208, in save
    self.instance = self.create(validated_data)
  File "/home/noyonahammadkhan/Desktop/PHITRON BATCH 03/TEAM PROJECT/Click_Kart/env/lib64/python3.9/site-packages/rest_framework/serializers.py", line 989, in create
    instance = ModelClass._default_manager.create(**validated_data)
  File "/home/noyonahammadkhan/Desktop/PHITRON BATCH 03/TEAM PROJECT/Click_Kart/env/lib64/python3.9/site-packages/django/db/models/manager.py", line 87, in manager_method
    return getattr(self.get_queryset(), name)(*args, **kwargs)
  File "/home/noyonahammadkhan/Desktop/PHITRON BATCH 03/TEAM PROJECT/Click_Kart/env/lib64/python3.9/site-packages/django/db/models/query.py", line 658, in create
    obj.save(force_insert=True, using=self.db)
  File "/home/noyonahammadkhan/Desktop/PHITRON BATCH 03/TEAM PROJECT/Click_Kart/env/lib64/python3.9/site-packages/django/db/models/base.py", line 814, in save
    self.save_base(
  File "/home/noyonahammadkhan/Desktop/PHITRON BATCH 03/TEAM PROJECT/Click_Kart/env/lib64/python3.9/site-packages/django/db/models/base.py", line 877, in save_base
    updated = self._save_table(
  File "/home/noyonahammadkhan/Desktop/PHITRON BATCH 03/TEAM PROJECT/Click_Kart/env/lib64/python3.9/site-packages/django/db/models/base.py", line 1020, in _save_table
    results = self._do_insert(
  File "/home/noyonahammadkhan/Desktop/PHITRON BATCH 03/TEAM PROJECT/Click_Kart/env/lib64/python3.9/site-packages/django/db/models/base.py", line 1061, in _do_insert
    return manager._insert(
  File "/home/noyonahammadkhan/Desktop/PHITRON BATCH 03/TEAM PROJECT/Click_Kart/env/lib64/python3.9/site-packages/django/db/models/manager.py", line 87, in manager_method
    return getattr(self.get_queryset(), name)(*args, **kwargs)
  File "/home/noyonahammadkhan/Desktop/PHITRON BATCH 03/TEAM PROJECT/Click_Kart/env/lib64/python3.9/site-packages/django/db/models/query.py", line 1805, in _insert
    return query.get_compiler(using=using).execute_sql(returning_fields)
  File "/home/noyonahammadkhan/Desktop/PHITRON BATCH 03/TEAM PROJECT/Click_Kart/env/lib64/python3.9/site-packages/django/db/models/sql/compiler.py", line 1822, in execute_sql
    cursor.execute(sql, params)
  File "/home/noyonahammadkhan/Desktop/PHITRON BATCH 03/TEAM PROJECT/Click_Kart/env/lib64/python3.9/site-packages/django/db/backends/utils.py", line 102, in execute
    return super().execute(sql, params)
  File "/home/noyonahammadkhan/Desktop/PHITRON BATCH 03/TEAM PROJECT/Click_Kart/env/lib64/python3.9/site-packages/django/db/backends/utils.py", line 67, in execute
    return self._execute_with_wrappers(
  File "/home/noyonahammadkhan/Desktop/PHITRON BATCH 03/TEAM PROJECT/Click_Kart/env/lib64/python3.9/site-packages/django/db/backends/utils.py", line 80, in _execute_with_wrappers
    return executor(sql, params, many, context)
  File "/home/noyonahammadkhan/Desktop/PHITRON BATCH 03/TEAM PROJECT/Click_Kart/env/lib64/python3.9/site-packages/django/db/backends/utils.py", line 89, in _execute
    return self.cursor.execute(sql, params)
  File "/home/noyonahammadkhan/Desktop/PHITRON BATCH 03/TEAM PROJECT/Click_Kart/env/lib64/python3.9/site-packages/django/db/utils.py", line 91, in __exit__
    raise dj_exc_value.with_traceback(traceback) from exc_value
  File "/home/noyonahammadkhan/Desktop/PHITRON BATCH 03/TEAM PROJECT/Click_Kart/env/lib64/python3.9/site-packages/django/db/backends/utils.py", line 89, in _execute
    return self.cursor.execute(sql, params)
  File "/home/noyonahammadkhan/Desktop/PHITRON BATCH 03/TEAM PROJECT/Click_Kart/env/lib64/python3.9/site-packages/django/db/backends/sqlite3/base.py", line 328, in execute
    return super().execute(query, params)
django.db.utils.IntegrityError: NOT NULL constraint failed: wishlist_wishlist.created_at
2024-06-03 02:15:13,871 django.utils.autoreload INFO     /home/noyonahammadkhan/Desktop/PHITRON BATCH 03/TEAM PROJECT/Click_Kart/click_cart/apps/wishlist/models.py changed, reloading.
2024-06-03 02:15:14,189 django.utils.autoreload INFO     Watching for file changes with StatReloader
2024-06-03 02:15:19,701 django.request ERROR    Internal Server Error: /api/v1/wishlists/
Traceback (most recent call last):
  File "/home/noyonahammadkhan/Desktop/PHITRON BATCH 03/TEAM PROJECT/Click_Kart/env/lib64/python3.9/site-packages/django/db/backends/utils.py", line 89, in _execute
    return self.cursor.execute(sql, params)
  File "/home/noyonahammadkhan/Desktop/PHITRON BATCH 03/TEAM PROJECT/Click_Kart/env/lib64/python3.9/site-packages/django/db/backends/sqlite3/base.py", line 328, in execute
    return super().execute(query, params)
sqlite3.IntegrityError: NOT NULL constraint failed: wishlist_wishlist.created_at

The above exception was the direct cause of the following exception:

Traceback (most recent call last):
  File "/home/noyonahammadkhan/Desktop/PHITRON BATCH 03/TEAM PROJECT/Click_Kart/env/lib64/python3.9/site-packages/django/core/handlers/exception.py", line 55, in inner
    response = get_response(request)
  File "/home/noyonahammadkhan/Desktop/PHITRON BATCH 03/TEAM PROJECT/Click_Kart/env/lib64/python3.9/site-packages/django/core/handlers/base.py", line 197, in _get_response
    response = wrapped_callback(request, *callback_args, **callback_kwargs)
  File "/home/noyonahammadkhan/Desktop/PHITRON BATCH 03/TEAM PROJECT/Click_Kart/env/lib64/python3.9/site-packages/django/views/decorators/csrf.py", line 56, in wrapper_view
    return view_func(*args, **kwargs)
  File "/home/noyonahammadkhan/Desktop/PHITRON BATCH 03/TEAM PROJECT/Click_Kart/env/lib64/python3.9/site-packages/rest_framework/viewsets.py", line 124, in view
    return self.dispatch(request, *args, **kwargs)
  File "/home/noyonahammadkhan/Desktop/PHITRON BATCH 03/TEAM PROJECT/Click_Kart/env/lib64/python3.9/site-packages/rest_framework/views.py", line 509, in dispatch
    response = self.handle_exception(exc)
  File "/home/noyonahammadkhan/Desktop/PHITRON BATCH 03/TEAM PROJECT/Click_Kart/env/lib64/python3.9/site-packages/rest_framework/views.py", line 469, in handle_exception
    self.raise_uncaught_exception(exc)
  File "/home/noyonahammadkhan/Desktop/PHITRON BATCH 03/TEAM PROJECT/Click_Kart/env/lib64/python3.9/site-packages/rest_framework/views.py", line 480, in raise_uncaught_exception
    raise exc
  File "/home/noyonahammadkhan/Desktop/PHITRON BATCH 03/TEAM PROJECT/Click_Kart/env/lib64/python3.9/site-packages/rest_framework/views.py", line 506, in dispatch
    response = handler(request, *args, **kwargs)
  File "/home/noyonahammadkhan/Desktop/PHITRON BATCH 03/TEAM PROJECT/Click_Kart/env/lib64/python3.9/site-packages/rest_framework/mixins.py", line 19, in create
    self.perform_create(serializer)
  File "/home/noyonahammadkhan/Desktop/PHITRON BATCH 03/TEAM PROJECT/Click_Kart/env/lib64/python3.9/site-packages/rest_framework/mixins.py", line 24, in perform_create
    serializer.save()
  File "/home/noyonahammadkhan/Desktop/PHITRON BATCH 03/TEAM PROJECT/Click_Kart/env/lib64/python3.9/site-packages/rest_framework/serializers.py", line 208, in save
    self.instance = self.create(validated_data)
  File "/home/noyonahammadkhan/Desktop/PHITRON BATCH 03/TEAM PROJECT/Click_Kart/env/lib64/python3.9/site-packages/rest_framework/serializers.py", line 989, in create
    instance = ModelClass._default_manager.create(**validated_data)
  File "/home/noyonahammadkhan/Desktop/PHITRON BATCH 03/TEAM PROJECT/Click_Kart/env/lib64/python3.9/site-packages/django/db/models/manager.py", line 87, in manager_method
    return getattr(self.get_queryset(), name)(*args, **kwargs)
  File "/home/noyonahammadkhan/Desktop/PHITRON BATCH 03/TEAM PROJECT/Click_Kart/env/lib64/python3.9/site-packages/django/db/models/query.py", line 658, in create
    obj.save(force_insert=True, using=self.db)
  File "/home/noyonahammadkhan/Desktop/PHITRON BATCH 03/TEAM PROJECT/Click_Kart/env/lib64/python3.9/site-packages/django/db/models/base.py", line 814, in save
    self.save_base(
  File "/home/noyonahammadkhan/Desktop/PHITRON BATCH 03/TEAM PROJECT/Click_Kart/env/lib64/python3.9/site-packages/django/db/models/base.py", line 877, in save_base
    updated = self._save_table(
  File "/home/noyonahammadkhan/Desktop/PHITRON BATCH 03/TEAM PROJECT/Click_Kart/env/lib64/python3.9/site-packages/django/db/models/base.py", line 1020, in _save_table
    results = self._do_insert(
  File "/home/noyonahammadkhan/Desktop/PHITRON BATCH 03/TEAM PROJECT/Click_Kart/env/lib64/python3.9/site-packages/django/db/models/base.py", line 1061, in _do_insert
    return manager._insert(
  File "/home/noyonahammadkhan/Desktop/PHITRON BATCH 03/TEAM PROJECT/Click_Kart/env/lib64/python3.9/site-packages/django/db/models/manager.py", line 87, in manager_method
    return getattr(self.get_queryset(), name)(*args, **kwargs)
  File "/home/noyonahammadkhan/Desktop/PHITRON BATCH 03/TEAM PROJECT/Click_Kart/env/lib64/python3.9/site-packages/django/db/models/query.py", line 1805, in _insert
    return query.get_compiler(using=using).execute_sql(returning_fields)
  File "/home/noyonahammadkhan/Desktop/PHITRON BATCH 03/TEAM PROJECT/Click_Kart/env/lib64/python3.9/site-packages/django/db/models/sql/compiler.py", line 1822, in execute_sql
    cursor.execute(sql, params)
  File "/home/noyonahammadkhan/Desktop/PHITRON BATCH 03/TEAM PROJECT/Click_Kart/env/lib64/python3.9/site-packages/django/db/backends/utils.py", line 102, in execute
    return super().execute(sql, params)
  File "/home/noyonahammadkhan/Desktop/PHITRON BATCH 03/TEAM PROJECT/Click_Kart/env/lib64/python3.9/site-packages/django/db/backends/utils.py", line 67, in execute
    return self._execute_with_wrappers(
  File "/home/noyonahammadkhan/Desktop/PHITRON BATCH 03/TEAM PROJECT/Click_Kart/env/lib64/python3.9/site-packages/django/db/backends/utils.py", line 80, in _execute_with_wrappers
    return executor(sql, params, many, context)
  File "/home/noyonahammadkhan/Desktop/PHITRON BATCH 03/TEAM PROJECT/Click_Kart/env/lib64/python3.9/site-packages/django/db/backends/utils.py", line 89, in _execute
    return self.cursor.execute(sql, params)
  File "/home/noyonahammadkhan/Desktop/PHITRON BATCH 03/TEAM PROJECT/Click_Kart/env/lib64/python3.9/site-packages/django/db/utils.py", line 91, in __exit__
    raise dj_exc_value.with_traceback(traceback) from exc_value
  File "/home/noyonahammadkhan/Desktop/PHITRON BATCH 03/TEAM PROJECT/Click_Kart/env/lib64/python3.9/site-packages/django/db/backends/utils.py", line 89, in _execute
    return self.cursor.execute(sql, params)
  File "/home/noyonahammadkhan/Desktop/PHITRON BATCH 03/TEAM PROJECT/Click_Kart/env/lib64/python3.9/site-packages/django/db/backends/sqlite3/base.py", line 328, in execute
    return super().execute(query, params)
django.db.utils.IntegrityError: NOT NULL constraint failed: wishlist_wishlist.created_at
2024-06-03 02:15:32,928 django.utils.autoreload INFO     /home/noyonahammadkhan/Desktop/PHITRON BATCH 03/TEAM PROJECT/Click_Kart/click_cart/apps/wishlist/models.py changed, reloading.
2024-06-03 02:15:33,262 django.utils.autoreload INFO     Watching for file changes with StatReloader
2024-06-03 02:15:36,427 django.utils.autoreload INFO     /home/noyonahammadkhan/Desktop/PHITRON BATCH 03/TEAM PROJECT/Click_Kart/click_cart/apps/wishlist/models.py changed, reloading.
2024-06-03 02:15:36,783 django.utils.autoreload INFO     Watching for file changes with StatReloader
2024-06-03 02:15:42,974 django.utils.autoreload INFO     /home/noyonahammadkhan/Desktop/PHITRON BATCH 03/TEAM PROJECT/Click_Kart/click_cart/apps/wishlist/models.py changed, reloading.
2024-06-03 02:15:43,276 django.utils.autoreload INFO     Watching for file changes with StatReloader
2024-06-03 02:16:04,085 django.utils.autoreload INFO     /home/noyonahammadkhan/Desktop/PHITRON BATCH 03/TEAM PROJECT/Click_Kart/click_cart/apps/wishlist/serializers.py changed, reloading.
2024-06-03 02:16:04,458 django.utils.autoreload INFO     Watching for file changes with StatReloader
2024-06-03 02:16:09,748 django.utils.autoreload INFO     /home/noyonahammadkhan/Desktop/PHITRON BATCH 03/TEAM PROJECT/Click_Kart/click_cart/apps/wishlist/serializers.py changed, reloading.
2024-06-03 02:16:10,106 django.utils.autoreload INFO     Watching for file changes with StatReloader
2024-06-03 02:17:07,587 django.utils.autoreload INFO     /home/noyonahammadkhan/Desktop/PHITRON BATCH 03/TEAM PROJECT/Click_Kart/click_cart/apps/wishlist/models.py changed, reloading.
2024-06-03 02:17:07,906 django.utils.autoreload INFO     Watching for file changes with StatReloader
2024-06-03 02:17:17,105 django.utils.autoreload INFO     /home/noyonahammadkhan/Desktop/PHITRON BATCH 03/TEAM PROJECT/Click_Kart/click_cart/apps/wishlist/models.py changed, reloading.
2024-06-03 02:17:17,414 django.utils.autoreload INFO     Watching for file changes with StatReloader
2024-06-03 02:17:20,848 django.utils.autoreload INFO     /home/noyonahammadkhan/Desktop/PHITRON BATCH 03/TEAM PROJECT/Click_Kart/click_cart/apps/wishlist/models.py changed, reloading.
2024-06-03 02:17:21,198 django.utils.autoreload INFO     Watching for file changes with StatReloader
2024-06-03 02:17:23,601 django.utils.autoreload INFO     /home/noyonahammadkhan/Desktop/PHITRON BATCH 03/TEAM PROJECT/Click_Kart/click_cart/apps/wishlist/models.py changed, reloading.
2024-06-03 02:17:23,955 django.utils.autoreload INFO     Watching for file changes with StatReloader
2024-06-03 02:17:27,343 django.utils.autoreload INFO     /home/noyonahammadkhan/Desktop/PHITRON BATCH 03/TEAM PROJECT/Click_Kart/click_cart/apps/wishlist/models.py changed, reloading.
2024-06-03 02:17:27,667 django.utils.autoreload INFO     Watching for file changes with StatReloader
2024-06-03 02:17:34,074 django.utils.autoreload INFO     /home/noyonahammadkhan/Desktop/PHITRON BATCH 03/TEAM PROJECT/Click_Kart/click_cart/apps/wishlist/models.py changed, reloading.
2024-06-03 02:17:34,428 django.utils.autoreload INFO     Watching for file changes with StatReloader
2024-06-03 02:17:38,585 django.utils.autoreload INFO     /home/noyonahammadkhan/Desktop/PHITRON BATCH 03/TEAM PROJECT/Click_Kart/click_cart/apps/wishlist/models.py changed, reloading.
2024-06-03 02:17:38,918 django.utils.autoreload INFO     Watching for file changes with StatReloader
2024-06-03 02:17:41,087 django.utils.autoreload INFO     /home/noyonahammadkhan/Desktop/PHITRON BATCH 03/TEAM PROJECT/Click_Kart/click_cart/apps/wishlist/models.py changed, reloading.
2024-06-03 02:17:41,359 django.utils.autoreload INFO     Watching for file changes with StatReloader
2024-06-03 02:17:44,529 django.utils.autoreload INFO     /home/noyonahammadkhan/Desktop/PHITRON BATCH 03/TEAM PROJECT/Click_Kart/click_cart/apps/wishlist/models.py changed, reloading.
2024-06-03 02:17:44,935 django.utils.autoreload INFO     Watching for file changes with StatReloader
2024-06-03 02:17:49,102 django.utils.autoreload INFO     /home/noyonahammadkhan/Desktop/PHITRON BATCH 03/TEAM PROJECT/Click_Kart/click_cart/apps/wishlist/models.py changed, reloading.
2024-06-03 02:17:49,487 django.utils.autoreload INFO     Watching for file changes with StatReloader
2024-06-03 02:17:52,644 django.utils.autoreload INFO     /home/noyonahammadkhan/Desktop/PHITRON BATCH 03/TEAM PROJECT/Click_Kart/click_cart/apps/wishlist/models.py changed, reloading.
2024-06-03 02:17:52,939 django.utils.autoreload INFO     Watching for file changes with StatReloader
2024-06-03 02:17:55,284 django.utils.autoreload INFO     /home/noyonahammadkhan/Desktop/PHITRON BATCH 03/TEAM PROJECT/Click_Kart/click_cart/apps/wishlist/models.py changed, reloading.
2024-06-03 02:17:55,601 django.utils.autoreload INFO     Watching for file changes with StatReloader
2024-06-03 02:18:03,040 django.utils.autoreload INFO     /home/noyonahammadkhan/Desktop/PHITRON BATCH 03/TEAM PROJECT/Click_Kart/click_cart/apps/wishlist/models.py changed, reloading.
2024-06-03 02:18:03,409 django.utils.autoreload INFO     Watching for file changes with StatReloader
2024-06-03 02:18:05,778 django.utils.autoreload INFO     /home/noyonahammadkhan/Desktop/PHITRON BATCH 03/TEAM PROJECT/Click_Kart/click_cart/apps/wishlist/models.py changed, reloading.
2024-06-03 02:18:06,177 django.utils.autoreload INFO     Watching for file changes with StatReloader
2024-06-03 02:18:08,335 django.utils.autoreload INFO     /home/noyonahammadkhan/Desktop/PHITRON BATCH 03/TEAM PROJECT/Click_Kart/click_cart/apps/wishlist/models.py changed, reloading.
2024-06-03 02:18:08,629 django.utils.autoreload INFO     Watching for file changes with StatReloader
2024-06-03 02:20:33,720 django.utils.autoreload INFO     /home/noyonahammadkhan/Desktop/PHITRON BATCH 03/TEAM PROJECT/Click_Kart/click_cart/apps/wishlist/models.py changed, reloading.
2024-06-03 02:20:34,056 django.utils.autoreload INFO     Watching for file changes with StatReloader
2024-06-03 02:20:42,503 django.utils.autoreload INFO     /home/noyonahammadkhan/Desktop/PHITRON BATCH 03/TEAM PROJECT/Click_Kart/click_cart/apps/wishlist/models.py changed, reloading.
2024-06-03 02:20:42,871 django.utils.autoreload INFO     Watching for file changes with StatReloader
2024-06-03 02:20:46,297 django.utils.autoreload INFO     /home/noyonahammadkhan/Desktop/PHITRON BATCH 03/TEAM PROJECT/Click_Kart/click_cart/apps/wishlist/models.py changed, reloading.
2024-06-03 02:20:46,658 django.utils.autoreload INFO     Watching for file changes with StatReloader
2024-06-03 02:21:01,276 django.utils.autoreload INFO     Watching for file changes with StatReloader
2024-06-03 02:21:10,163 django.request WARNING  Bad Request: /api/v1/carts/
